Watching for file changes with StatReloader
C:\GeekBrains\II_quarter\24_01_Django\lectures\lect_1\lect_1_project\myfirstapp\views.py changed, reloading.
Watching for file changes with StatReloader
C:\GeekBrains\II_quarter\24_01_Django\lectures\lect_1\lect_1_project\myfirstapp\views.py changed, reloading.
Watching for file changes with StatReloader
C:\GeekBrains\II_quarter\24_01_Django\lectures\lect_1\lect_1_project\myfirstapp\views.py changed, reloading.
Watching for file changes with StatReloader
"GET / HTTP/1.1" 200 13
"GET /about/ HTTP/1.1" 200 27
"GET / HTTP/1.1" 200 13
C:\GeekBrains\II_quarter\24_01_Django\lectures\lect_1\lect_1_project\lect_1_project\settings.py changed, reloading.
Watching for file changes with StatReloader
Watching for file changes with StatReloader
"GET /about/ HTTP/1.1" 200 27
"GET / HTTP/1.1" 200 13
C:\GeekBrains\II_quarter\24_01_Django\lectures\lect_1\lect_1_project\lect_1_project\settings.py changed, reloading.
Watching for file changes with StatReloader
Index page accessed
"GET / HTTP/1.1" 200 13
Error in about page: division by zero
Traceback (most recent call last):
  File "C:\GeekBrains\II_quarter\24_01_Django\lectures\lect_1\lect_1_project\myfirstapp\views.py", line 20, in about
    result = 1 / 0
             ~~^~~
ZeroDivisionError: division by zero
"GET /about/ HTTP/1.1" 200 27
C:\GeekBrains\II_quarter\24_01_Django\lectures\lect_1\lect_1_project\lect_1_project\settings.py changed, reloading.
Watching for file changes with StatReloader
C:\GeekBrains\II_quarter\24_01_Django\lectures\lect_1\lect_1_project\lect_1_project\settings.py changed, reloading.
Watching for file changes with StatReloader
C:\GeekBrains\II_quarter\24_01_Django\lectures\lect_1\lect_1_project\lect_1_project\settings.py changed, reloading.
INFO 2024-01-10 00:00:03,879 autoreload 12792 1468 Watching for file changes with StatReloader
INFO 2024-01-10 00:00:31,939 autoreload 19240 8800 Watching for file changes with StatReloader
INFO 2024-01-10 00:00:33,479 views 19240 8700 Index page accessed
INFO 2024-01-10 00:00:33,480 basehttp 19240 8700 "GET / HTTP/1.1" 200 13
ERROR 2024-01-10 00:00:40,400 views 19240 8700 Error in about page: division by zero
Traceback (most recent call last):
  File "C:\GeekBrains\II_quarter\24_01_Django\lectures\lect_1\lect_1_project\myfirstapp\views.py", line 20, in about
    result = 1 / 0
             ~~^~~
ZeroDivisionError: division by zero
INFO 2024-01-10 00:00:40,402 basehttp 19240 8700 "GET /about/ HTTP/1.1" 200 27
INFO 2024-01-15 16:58:41,812 autoreload 12316 9676 Watching for file changes with StatReloader
INFO 2024-01-15 17:04:32,597 autoreload 13656 12160 Watching for file changes with StatReloader
INFO 2024-01-15 17:06:12,532 autoreload 14308 4264 Watching for file changes with StatReloader
INFO 2024-01-15 17:06:14,241 views 14308 7376 Index page accessed
INFO 2024-01-15 17:06:14,244 basehttp 14308 7376 "GET / HTTP/1.1" 200 13
WARNING 2024-01-15 17:06:23,889 log 14308 7376 Not Found: /2
WARNING 2024-01-15 17:06:23,889 basehttp 14308 7376 "GET /2 HTTP/1.1" 404 2520
INFO 2024-01-15 17:06:30,278 basehttp 14308 7376 "GET /two HTTP/1.1" 301 0
INFO 2024-01-15 17:06:30,295 basehttp 14308 2828 "GET /two/ HTTP/1.1" 200 6
INFO 2024-01-15 17:07:06,538 autoreload 14308 4264 C:\Users\Aevlampev\PycharmProjects\24.01_Django\lectures\lect_1\lect_1_project\my_second_app\views.py changed, reloading.
INFO 2024-01-15 17:07:07,100 autoreload 2492 9892 Watching for file changes with StatReloader
INFO 2024-01-15 17:07:07,329 basehttp 2492 7176 "GET /two/ HTTP/1.1" 200 25
INFO 2024-01-15 17:09:58,433 autoreload 4680 9868 Watching for file changes with StatReloader
INFO 2024-01-15 17:12:35,985 autoreload 1528 8036 Watching for file changes with StatReloader
INFO 2024-01-15 17:12:53,209 views 1528 14316 Index page accessed
INFO 2024-01-15 17:12:53,210 basehttp 1528 14316 "GET / HTTP/1.1" 200 13
INFO 2024-01-15 17:12:58,384 basehttp 1528 14316 "GET /two/ HTTP/1.1" 200 25
INFO 2024-01-15 17:13:11,673 views 1528 14316 Index page accessed
INFO 2024-01-15 17:13:11,675 basehttp 1528 14316 "GET / HTTP/1.1" 200 13
INFO 2024-01-15 21:13:16,910 autoreload 20068 9432 Watching for file changes with StatReloader
INFO 2024-01-15 21:13:18,884 views 20068 17224 Index page accessed
INFO 2024-01-15 21:13:18,885 basehttp 20068 17224 "GET / HTTP/1.1" 200 13
INFO 2024-01-15 21:13:32,423 basehttp 20068 17224 "GET /two HTTP/1.1" 301 0
INFO 2024-01-15 21:13:32,428 basehttp 20068 9320 "GET /two/ HTTP/1.1" 200 25
INFO 2024-01-15 21:18:20,507 autoreload 12296 10040 Watching for file changes with StatReloader
INFO 2024-01-15 21:18:26,213 views 12296 10364 Index page accessed
INFO 2024-01-15 21:18:26,214 basehttp 12296 10364 "GET / HTTP/1.1" 200 13
INFO 2024-01-15 21:18:38,826 autoreload 21024 19872 Watching for file changes with StatReloader
INFO 2024-01-15 21:20:01,566 autoreload 15184 9040 Watching for file changes with StatReloader
INFO 2024-01-15 21:43:00,024 autoreload 8948 6484 Watching for file changes with StatReloader
INFO 2024-01-15 21:43:01,827 views 8948 2732 Index page accessed
INFO 2024-01-15 21:43:01,828 basehttp 8948 2732 "GET / HTTP/1.1" 200 13
INFO 2024-01-15 21:44:10,373 autoreload 8948 6484 C:\GeekBrains\II_quarter\24_01_Django\lectures\lect_1\lect_1_project\my_second_app\models.py changed, reloading.
INFO 2024-01-15 21:44:10,687 autoreload 21540 3000 Watching for file changes with StatReloader
INFO 2024-01-15 21:53:47,691 autoreload 14372 20152 Watching for file changes with StatReloader
INFO 2024-01-15 21:53:49,612 views 14372 18620 Index page accessed
INFO 2024-01-15 21:53:49,612 basehttp 14372 18620 "GET / HTTP/1.1" 200 13
INFO 2024-01-17 09:59:48,563 autoreload 10776 14244 Watching for file changes with StatReloader
INFO 2024-01-17 10:01:00,367 autoreload 10776 14244 C:\Users\Aevlampev\PycharmProjects\24.01_Django\lectures\lect_1\lect_1_project\lect_1_project\settings.py changed, reloading.
INFO 2024-01-17 10:01:02,590 autoreload 14760 11280 Watching for file changes with StatReloader
INFO 2024-01-17 10:04:44,971 autoreload 14760 11280 C:\Users\Aevlampev\PycharmProjects\24.01_Django\lectures\lect_1\lect_1_project\my_first_app\apps.py changed, reloading.
INFO 2024-01-17 10:04:45,474 autoreload 7776 8108 Watching for file changes with StatReloader
INFO 2024-01-17 10:04:47,377 autoreload 14944 4596 Watching for file changes with StatReloader
INFO 2024-01-17 10:05:06,574 autoreload 14944 4596 C:\Users\Aevlampev\PycharmProjects\24.01_Django\lectures\lect_1\lect_1_project\my_third_app\urls.py changed, reloading.
INFO 2024-01-17 10:05:07,062 autoreload 10956 5500 Watching for file changes with StatReloader
INFO 2024-01-17 10:05:09,445 autoreload 14108 6292 Watching for file changes with StatReloader
WARNING 2024-01-17 10:05:15,338 log 14108 4952 Not Found: /edit_judges/
WARNING 2024-01-17 10:05:15,339 basehttp 14108 4952 "GET /edit_judges/ HTTP/1.1" 404 2659
INFO 2024-01-17 10:05:31,542 basehttp 14108 4952 "GET /three/hello HTTP/1.1" 301 0
INFO 2024-01-17 10:05:31,561 basehttp 14108 15088 "GET /three/hello/ HTTP/1.1" 200 26
WARNING 2024-01-17 10:05:36,636 log 14108 15088 Not Found: /three/hello2/
WARNING 2024-01-17 10:05:36,638 basehttp 14108 15088 "GET /three/hello2/ HTTP/1.1" 404 2903
INFO 2024-01-17 10:05:47,206 autoreload 14108 6292 C:\Users\Aevlampev\PycharmProjects\24.01_Django\lectures\lect_1\lect_1_project\my_third_app\urls.py changed, reloading.
INFO 2024-01-17 10:05:47,762 autoreload 6860 12400 Watching for file changes with StatReloader
INFO 2024-01-17 10:05:48,070 basehttp 6860 14684 "GET /three/hello2/ HTTP/1.1" 200 22
INFO 2024-01-17 10:07:47,625 views 6860 14852 Index page accessed
INFO 2024-01-17 10:07:47,627 basehttp 6860 14852 "GET / HTTP/1.1" 200 13
WARNING 2024-01-17 10:07:56,284 log 6860 14852 Not Found: /three
WARNING 2024-01-17 10:07:56,284 basehttp 6860 14852 "GET /three HTTP/1.1" 404 2638
WARNING 2024-01-17 10:08:20,189 log 6860 14852 Not Found: /three/
WARNING 2024-01-17 10:08:20,189 basehttp 6860 14852 "GET /three/ HTTP/1.1" 404 2883
INFO 2024-01-17 10:09:16,383 basehttp 6860 14852 "GET /three/hello2 HTTP/1.1" 301 0
INFO 2024-01-17 10:09:16,396 basehttp 6860 7976 "GET /three/hello2/ HTTP/1.1" 200 22
INFO 2024-01-17 10:10:24,041 autoreload 6860 12400 C:\Users\Aevlampev\PycharmProjects\24.01_Django\lectures\lect_1\lect_1_project\my_third_app\urls.py changed, reloading.
INFO 2024-01-17 10:10:24,582 autoreload 9248 2460 Watching for file changes with StatReloader
INFO 2024-01-17 10:11:18,064 autoreload 9248 2460 C:\Users\Aevlampev\PycharmProjects\24.01_Django\lectures\lect_1\lect_1_project\my_third_app\urls.py changed, reloading.
INFO 2024-01-17 10:11:18,590 autoreload 11900 14544 Watching for file changes with StatReloader
INFO 2024-01-17 10:11:33,583 autoreload 11900 14544 C:\Users\Aevlampev\PycharmProjects\24.01_Django\lectures\lect_1\lect_1_project\my_third_app\urls.py changed, reloading.
INFO 2024-01-17 10:11:34,184 autoreload 3992 3552 Watching for file changes with StatReloader
INFO 2024-01-17 10:19:41,145 autoreload 3992 3552 C:\Users\Aevlampev\PycharmProjects\24.01_Django\lectures\lect_1\lect_1_project\my_third_app\views.py changed, reloading.
INFO 2024-01-17 10:19:41,684 autoreload 8956 15272 Watching for file changes with StatReloader
INFO 2024-01-17 10:21:02,224 autoreload 8956 15272 C:\Users\Aevlampev\PycharmProjects\24.01_Django\lectures\lect_1\lect_1_project\my_third_app\views.py changed, reloading.
INFO 2024-01-17 10:21:02,859 autoreload 7064 12272 Watching for file changes with StatReloader
INFO 2024-01-17 10:22:06,377 autoreload 7064 12272 C:\Users\Aevlampev\PycharmProjects\24.01_Django\lectures\lect_1\lect_1_project\my_third_app\views.py changed, reloading.
INFO 2024-01-17 10:22:06,851 autoreload 12944 9976 Watching for file changes with StatReloader
INFO 2024-01-17 10:22:39,968 autoreload 12944 9976 C:\Users\Aevlampev\PycharmProjects\24.01_Django\lectures\lect_1\lect_1_project\my_third_app\views.py changed, reloading.
INFO 2024-01-17 10:22:40,431 autoreload 14900 10276 Watching for file changes with StatReloader
INFO 2024-01-17 10:24:09,417 autoreload 14900 10276 C:\Users\Aevlampev\PycharmProjects\24.01_Django\lectures\lect_1\lect_1_project\my_third_app\views.py changed, reloading.
INFO 2024-01-17 10:24:09,918 autoreload 6360 8480 Watching for file changes with StatReloader
INFO 2024-01-17 10:24:18,546 autoreload 6360 8480 C:\Users\Aevlampev\PycharmProjects\24.01_Django\lectures\lect_1\lect_1_project\my_third_app\views.py changed, reloading.
INFO 2024-01-17 10:24:19,074 autoreload 14704 14684 Watching for file changes with StatReloader
INFO 2024-01-17 10:24:55,274 autoreload 14704 14684 C:\Users\Aevlampev\PycharmProjects\24.01_Django\lectures\lect_1\lect_1_project\my_third_app\views.py changed, reloading.
INFO 2024-01-17 10:24:55,807 autoreload 11612 8776 Watching for file changes with StatReloader
INFO 2024-01-17 10:25:39,824 autoreload 11612 8776 C:\Users\Aevlampev\PycharmProjects\24.01_Django\lectures\lect_1\lect_1_project\my_third_app\views.py changed, reloading.
INFO 2024-01-17 10:25:40,339 autoreload 11204 12660 Watching for file changes with StatReloader
INFO 2024-01-17 10:26:04,839 autoreload 11204 12660 C:\Users\Aevlampev\PycharmProjects\24.01_Django\lectures\lect_1\lect_1_project\my_third_app\views.py changed, reloading.
INFO 2024-01-17 10:26:05,311 autoreload 1724 8904 Watching for file changes with StatReloader
INFO 2024-01-17 10:26:33,078 autoreload 1724 8904 C:\Users\Aevlampev\PycharmProjects\24.01_Django\lectures\lect_1\lect_1_project\my_third_app\views.py changed, reloading.
INFO 2024-01-17 10:26:33,536 autoreload 9820 12976 Watching for file changes with StatReloader
INFO 2024-01-17 10:27:46,553 autoreload 9820 12976 C:\Users\Aevlampev\PycharmProjects\24.01_Django\lectures\lect_1\lect_1_project\my_third_app\views.py changed, reloading.
INFO 2024-01-17 10:27:46,998 autoreload 9072 9244 Watching for file changes with StatReloader
INFO 2024-01-17 10:28:08,118 autoreload 9072 9244 C:\Users\Aevlampev\PycharmProjects\24.01_Django\lectures\lect_1\lect_1_project\my_third_app\urls.py changed, reloading.
INFO 2024-01-17 10:28:08,549 autoreload 12404 10212 Watching for file changes with StatReloader
INFO 2024-01-17 10:28:13,005 basehttp 12404 14484 "GET /three/hello2/ HTTP/1.1" 200 22
WARNING 2024-01-17 10:28:20,457 log 12404 14484 Not Found: /posts/
WARNING 2024-01-17 10:28:20,458 basehttp 12404 14484 "GET /posts/ HTTP/1.1" 404 2641
WARNING 2024-01-17 10:28:31,101 log 12404 14484 Not Found: /three/posts/
WARNING 2024-01-17 10:28:31,102 basehttp 12404 14484 "GET /three/posts/ HTTP/1.1" 404 3327
INFO 2024-01-17 10:28:41,505 basehttp 12404 14484 "GET /three/posts/2024/ HTTP/1.1" 200 19
WARNING 2024-01-17 10:29:13,188 log 12404 14484 Not Found: /three/posts/2024/3/
WARNING 2024-01-17 10:29:13,189 basehttp 12404 14484 "GET /three/posts/2024/3/ HTTP/1.1" 404 3348
INFO 2024-01-17 10:29:48,542 autoreload 12404 10212 C:\Users\Aevlampev\PycharmProjects\24.01_Django\lectures\lect_1\lect_1_project\my_third_app\urls.py changed, reloading.
INFO 2024-01-17 10:29:49,026 autoreload 10260 11416 Watching for file changes with StatReloader
INFO 2024-01-17 10:29:58,969 autoreload 10260 11416 C:\Users\Aevlampev\PycharmProjects\24.01_Django\lectures\lect_1\lect_1_project\my_third_app\urls.py changed, reloading.
INFO 2024-01-17 10:29:59,522 autoreload 7536 12312 Watching for file changes with StatReloader
INFO 2024-01-17 10:30:03,877 basehttp 7536 10556 "GET /three/posts/2024/3/ HTTP/1.1" 200 20
INFO 2024-01-17 10:30:56,970 autoreload 7536 12312 C:\Users\Aevlampev\PycharmProjects\24.01_Django\lectures\lect_1\lect_1_project\my_third_app\views.py changed, reloading.
INFO 2024-01-17 10:30:57,395 autoreload 4688 7448 Watching for file changes with StatReloader
INFO 2024-01-17 10:32:49,572 autoreload 4688 7448 C:\Users\Aevlampev\PycharmProjects\24.01_Django\lectures\lect_1\lect_1_project\my_third_app\views.py changed, reloading.
INFO 2024-01-17 10:32:50,079 autoreload 14952 13968 Watching for file changes with StatReloader
INFO 2024-01-17 10:33:07,674 autoreload 14952 13968 C:\Users\Aevlampev\PycharmProjects\24.01_Django\lectures\lect_1\lect_1_project\my_third_app\views.py changed, reloading.
INFO 2024-01-17 10:33:08,191 autoreload 12588 15288 Watching for file changes with StatReloader
INFO 2024-01-17 10:35:20,429 autoreload 12588 15288 C:\Users\Aevlampev\PycharmProjects\24.01_Django\lectures\lect_1\lect_1_project\my_third_app\views.py changed, reloading.
INFO 2024-01-17 10:35:20,907 autoreload 8748 12200 Watching for file changes with StatReloader
INFO 2024-01-17 10:35:55,941 basehttp 8748 12992 "GET /three/posts/2024/3/pyt HTTP/1.1" 301 0
INFO 2024-01-17 10:35:55,958 basehttp 8748 10280 "GET /three/posts/2024/3/pyt/ HTTP/1.1" 200 357
INFO 2024-01-17 10:39:08,355 autoreload 8748 12200 C:\Users\Aevlampev\PycharmProjects\24.01_Django\lectures\lect_1\lect_1_project\my_third_app\views.py changed, reloading.
INFO 2024-01-17 10:39:08,942 autoreload 7064 13284 Watching for file changes with StatReloader
INFO 2024-01-18 16:58:20,011 autoreload 2384 9544 Watching for file changes with StatReloader
INFO 2024-01-18 16:58:22,394 views 2384 5008 Index page accessed
INFO 2024-01-18 16:58:22,397 basehttp 2384 5008 "GET / HTTP/1.1" 200 13
WARNING 2024-01-18 16:58:22,919 log 2384 5008 Not Found: /favicon.ico
WARNING 2024-01-18 16:58:22,930 basehttp 2384 5008 "GET /favicon.ico HTTP/1.1" 404 2656
WARNING 2024-01-18 16:59:10,909 log 2384 1624 Not Found: /posts
WARNING 2024-01-18 16:59:10,910 basehttp 2384 1624 "GET /posts HTTP/1.1" 404 2638
WARNING 2024-01-18 16:59:16,017 log 2384 1624 Not Found: /posts/
WARNING 2024-01-18 16:59:16,017 basehttp 2384 1624 "GET /posts/ HTTP/1.1" 404 2641
WARNING 2024-01-18 16:59:31,475 log 2384 15336 Not Found: /three/posts/
WARNING 2024-01-18 16:59:31,477 basehttp 2384 15336 "GET /three/posts/ HTTP/1.1" 404 3540
INFO 2024-01-18 16:59:37,920 basehttp 2384 15624 "GET /three/posts/2/5 HTTP/1.1" 301 0
INFO 2024-01-18 16:59:37,943 basehttp 2384 400 "GET /three/posts/2/5/ HTTP/1.1" 200 17
INFO 2024-01-18 16:59:43,484 basehttp 2384 400 "GET /three/posts/2/5/pt HTTP/1.1" 301 0
INFO 2024-01-18 16:59:43,498 basehttp 2384 11476 "GET /three/posts/2/5/pt/ HTTP/1.1" 200 353
INFO 2024-01-18 17:00:06,216 basehttp 2384 6784 "GET /three/posts/2022 HTTP/1.1" 301 0
INFO 2024-01-18 17:00:06,227 basehttp 2384 10016 "GET /three/posts/2022/ HTTP/1.1" 200 19
INFO 2024-01-18 17:02:11,436 basehttp 2384 15264 "GET /three/posts/2022/3/4 HTTP/1.1" 301 0
INFO 2024-01-18 17:02:11,465 basehttp 2384 11232 "GET /three/posts/2022/3/4/ HTTP/1.1" 200 355
INFO 2024-01-18 17:03:13,987 basehttp 2384 5944 "GET /three/posts/2022/3/4/ HTTP/1.1" 200 355
WARNING 2024-01-18 17:03:14,085 log 2384 5944 Not Found: /favicon.ico
WARNING 2024-01-18 17:03:14,087 basehttp 2384 5944 "GET /favicon.ico HTTP/1.1" 404 2656
INFO 2024-01-18 17:10:47,772 autoreload 2384 9544 C:\Users\Aevlampev\PycharmProjects\24.01_Django\lectures\lect_1\lect_1_project\my_third_app\views.py changed, reloading.
INFO 2024-01-18 17:10:48,462 autoreload 6944 12040 Watching for file changes with StatReloader
INFO 2024-01-18 17:12:55,791 autoreload 6944 12040 C:\Users\Aevlampev\PycharmProjects\24.01_Django\lectures\lect_1\lect_1_project\my_third_app\views.py changed, reloading.
INFO 2024-01-18 17:12:56,290 autoreload 10128 15524 Watching for file changes with StatReloader
INFO 2024-01-18 17:13:24,001 autoreload 10128 15524 C:\Users\Aevlampev\PycharmProjects\24.01_Django\lectures\lect_1\lect_1_project\my_third_app\views.py changed, reloading.
INFO 2024-01-18 17:13:24,511 autoreload 13308 2900 Watching for file changes with StatReloader
INFO 2024-01-18 17:14:04,894 autoreload 13308 2900 C:\Users\Aevlampev\PycharmProjects\24.01_Django\lectures\lect_1\lect_1_project\my_third_app\urls.py changed, reloading.
INFO 2024-01-18 17:14:05,435 autoreload 4808 4932 Watching for file changes with StatReloader
INFO 2024-01-18 17:15:02,839 autoreload 4808 4932 C:\Users\Aevlampev\PycharmProjects\24.01_Django\lectures\lect_1\lect_1_project\my_third_app\urls.py changed, reloading.
INFO 2024-01-18 17:15:03,310 autoreload 8544 3172 Watching for file changes with StatReloader
INFO 2024-01-18 17:15:23,589 autoreload 8544 3172 C:\Users\Aevlampev\PycharmProjects\24.01_Django\lectures\lect_1\lect_1_project\my_third_app\urls.py changed, reloading.
INFO 2024-01-18 17:15:24,067 autoreload 12160 2680 Watching for file changes with StatReloader
ERROR 2024-01-18 17:15:26,218 log 12160 1072 Internal Server Error: /three/
Traceback (most recent call last):
  File "C:\Users\Aevlampev\PycharmProjects\24.01_Django\.venv\Lib\site-packages\django\core\handlers\exception.py", line 55, in inner
    response = get_response(request)
               ^^^^^^^^^^^^^^^^^^^^^
  File "C:\Users\Aevlampev\PycharmProjects\24.01_Django\.venv\Lib\site-packages\django\core\handlers\base.py", line 197, in _get_response
    response = wrapped_callback(request, *callback_args, **callback_kwargs)
               ^^^^^^^^^^^^^^^^^^^^^^^^^^^^^^^^^^^^^^^^^^^^^^^^^^^^^^^^^^^^
  File "C:\Users\Aevlampev\PycharmProjects\24.01_Django\lectures\lect_1\lect_1_project\my_third_app\views.py", line 51, in my_view
    return render(request, 'my_third_app/template_from_app.html', context=data)
           ^^^^^^^^^^^^^^^^^^^^^^^^^^^^^^^^^^^^^^^^^^^^^^^^^^^^^^^^^^^^^^^^^^^^
  File "C:\Users\Aevlampev\PycharmProjects\24.01_Django\.venv\Lib\site-packages\django\shortcuts.py", line 24, in render
    content = loader.render_to_string(template_name, context, request, using=using)
              ^^^^^^^^^^^^^^^^^^^^^^^^^^^^^^^^^^^^^^^^^^^^^^^^^^^^^^^^^^^^^^^^^^^^^
  File "C:\Users\Aevlampev\PycharmProjects\24.01_Django\.venv\Lib\site-packages\django\template\loader.py", line 61, in render_to_string
    template = get_template(template_name, using=using)
               ^^^^^^^^^^^^^^^^^^^^^^^^^^^^^^^^^^^^^^^^
  File "C:\Users\Aevlampev\PycharmProjects\24.01_Django\.venv\Lib\site-packages\django\template\loader.py", line 19, in get_template
    raise TemplateDoesNotExist(template_name, chain=chain)
django.template.exceptions.TemplateDoesNotExist: my_third_app/template_from_app.html
ERROR 2024-01-18 17:15:26,221 basehttp 12160 1072 "GET /three/ HTTP/1.1" 500 79234
INFO 2024-01-18 17:17:37,884 autoreload 12160 2680 C:\Users\Aevlampev\PycharmProjects\24.01_Django\lectures\lect_1\lect_1_project\my_third_app\urls.py changed, reloading.
INFO 2024-01-18 17:17:38,446 autoreload 7660 13964 Watching for file changes with StatReloader
INFO 2024-01-18 17:17:43,579 views 7660 8460 Index page accessed
INFO 2024-01-18 17:17:43,581 basehttp 7660 8460 "GET / HTTP/1.1" 200 13
INFO 2024-01-18 17:18:08,896 autoreload 7660 13964 C:\Users\Aevlampev\PycharmProjects\24.01_Django\lectures\lect_1\lect_1_project\my_third_app\urls.py changed, reloading.
INFO 2024-01-18 17:18:09,363 autoreload 12112 12816 Watching for file changes with StatReloader
INFO 2024-01-18 17:18:09,523 views 12112 10052 Index page accessed
INFO 2024-01-18 17:18:09,523 basehttp 12112 10052 "GET / HTTP/1.1" 200 13
WARNING 2024-01-18 17:18:14,935 log 12112 10052 Not Found: /three/
WARNING 2024-01-18 17:18:14,936 basehttp 12112 10052 "GET /three/ HTTP/1.1" 404 3690
INFO 2024-01-18 17:18:26,726 autoreload 12112 12816 C:\Users\Aevlampev\PycharmProjects\24.01_Django\lectures\lect_1\lect_1_project\my_third_app\urls.py changed, reloading.
INFO 2024-01-18 17:18:27,226 autoreload 1780 5068 Watching for file changes with StatReloader
ERROR 2024-01-18 17:18:27,599 log 1780 11196 Internal Server Error: /three/
Traceback (most recent call last):
  File "C:\Users\Aevlampev\PycharmProjects\24.01_Django\.venv\Lib\site-packages\django\core\handlers\exception.py", line 55, in inner
    response = get_response(request)
               ^^^^^^^^^^^^^^^^^^^^^
  File "C:\Users\Aevlampev\PycharmProjects\24.01_Django\.venv\Lib\site-packages\django\core\handlers\base.py", line 197, in _get_response
    response = wrapped_callback(request, *callback_args, **callback_kwargs)
               ^^^^^^^^^^^^^^^^^^^^^^^^^^^^^^^^^^^^^^^^^^^^^^^^^^^^^^^^^^^^
  File "C:\Users\Aevlampev\PycharmProjects\24.01_Django\lectures\lect_1\lect_1_project\my_third_app\views.py", line 51, in my_view
    return render(request, 'my_third_app/template_from_app.html', context=data)
           ^^^^^^^^^^^^^^^^^^^^^^^^^^^^^^^^^^^^^^^^^^^^^^^^^^^^^^^^^^^^^^^^^^^^
  File "C:\Users\Aevlampev\PycharmProjects\24.01_Django\.venv\Lib\site-packages\django\shortcuts.py", line 24, in render
    content = loader.render_to_string(template_name, context, request, using=using)
              ^^^^^^^^^^^^^^^^^^^^^^^^^^^^^^^^^^^^^^^^^^^^^^^^^^^^^^^^^^^^^^^^^^^^^
  File "C:\Users\Aevlampev\PycharmProjects\24.01_Django\.venv\Lib\site-packages\django\template\loader.py", line 61, in render_to_string
    template = get_template(template_name, using=using)
               ^^^^^^^^^^^^^^^^^^^^^^^^^^^^^^^^^^^^^^^^
  File "C:\Users\Aevlampev\PycharmProjects\24.01_Django\.venv\Lib\site-packages\django\template\loader.py", line 19, in get_template
    raise TemplateDoesNotExist(template_name, chain=chain)
django.template.exceptions.TemplateDoesNotExist: my_third_app/template_from_app.html
ERROR 2024-01-18 17:18:27,602 basehttp 1780 11196 "GET /three/ HTTP/1.1" 500 79234
ERROR 2024-01-18 17:18:52,229 log 1780 11196 Internal Server Error: /three/
Traceback (most recent call last):
  File "C:\Users\Aevlampev\PycharmProjects\24.01_Django\.venv\Lib\site-packages\django\core\handlers\exception.py", line 55, in inner
    response = get_response(request)
               ^^^^^^^^^^^^^^^^^^^^^
  File "C:\Users\Aevlampev\PycharmProjects\24.01_Django\.venv\Lib\site-packages\django\core\handlers\base.py", line 197, in _get_response
    response = wrapped_callback(request, *callback_args, **callback_kwargs)
               ^^^^^^^^^^^^^^^^^^^^^^^^^^^^^^^^^^^^^^^^^^^^^^^^^^^^^^^^^^^^
  File "C:\Users\Aevlampev\PycharmProjects\24.01_Django\lectures\lect_1\lect_1_project\my_third_app\views.py", line 51, in my_view
    return render(request, 'my_third_app/template_from_app.html', context=data)
           ^^^^^^^^^^^^^^^^^^^^^^^^^^^^^^^^^^^^^^^^^^^^^^^^^^^^^^^^^^^^^^^^^^^^
  File "C:\Users\Aevlampev\PycharmProjects\24.01_Django\.venv\Lib\site-packages\django\shortcuts.py", line 24, in render
    content = loader.render_to_string(template_name, context, request, using=using)
              ^^^^^^^^^^^^^^^^^^^^^^^^^^^^^^^^^^^^^^^^^^^^^^^^^^^^^^^^^^^^^^^^^^^^^
  File "C:\Users\Aevlampev\PycharmProjects\24.01_Django\.venv\Lib\site-packages\django\template\loader.py", line 61, in render_to_string
    template = get_template(template_name, using=using)
               ^^^^^^^^^^^^^^^^^^^^^^^^^^^^^^^^^^^^^^^^
  File "C:\Users\Aevlampev\PycharmProjects\24.01_Django\.venv\Lib\site-packages\django\template\loader.py", line 19, in get_template
    raise TemplateDoesNotExist(template_name, chain=chain)
django.template.exceptions.TemplateDoesNotExist: my_third_app/template_from_app.html
ERROR 2024-01-18 17:18:52,232 basehttp 1780 11196 "GET /three/ HTTP/1.1" 500 79234
ERROR 2024-01-18 17:18:54,593 log 1780 11196 Internal Server Error: /three/
Traceback (most recent call last):
  File "C:\Users\Aevlampev\PycharmProjects\24.01_Django\.venv\Lib\site-packages\django\core\handlers\exception.py", line 55, in inner
    response = get_response(request)
               ^^^^^^^^^^^^^^^^^^^^^
  File "C:\Users\Aevlampev\PycharmProjects\24.01_Django\.venv\Lib\site-packages\django\core\handlers\base.py", line 197, in _get_response
    response = wrapped_callback(request, *callback_args, **callback_kwargs)
               ^^^^^^^^^^^^^^^^^^^^^^^^^^^^^^^^^^^^^^^^^^^^^^^^^^^^^^^^^^^^
  File "C:\Users\Aevlampev\PycharmProjects\24.01_Django\lectures\lect_1\lect_1_project\my_third_app\views.py", line 51, in my_view
    return render(request, 'my_third_app/template_from_app.html', context=data)
           ^^^^^^^^^^^^^^^^^^^^^^^^^^^^^^^^^^^^^^^^^^^^^^^^^^^^^^^^^^^^^^^^^^^^
  File "C:\Users\Aevlampev\PycharmProjects\24.01_Django\.venv\Lib\site-packages\django\shortcuts.py", line 24, in render
    content = loader.render_to_string(template_name, context, request, using=using)
              ^^^^^^^^^^^^^^^^^^^^^^^^^^^^^^^^^^^^^^^^^^^^^^^^^^^^^^^^^^^^^^^^^^^^^
  File "C:\Users\Aevlampev\PycharmProjects\24.01_Django\.venv\Lib\site-packages\django\template\loader.py", line 61, in render_to_string
    template = get_template(template_name, using=using)
               ^^^^^^^^^^^^^^^^^^^^^^^^^^^^^^^^^^^^^^^^
  File "C:\Users\Aevlampev\PycharmProjects\24.01_Django\.venv\Lib\site-packages\django\template\loader.py", line 19, in get_template
    raise TemplateDoesNotExist(template_name, chain=chain)
django.template.exceptions.TemplateDoesNotExist: my_third_app/template_from_app.html
ERROR 2024-01-18 17:18:54,595 basehttp 1780 11196 "GET /three/ HTTP/1.1" 500 79234
INFO 2024-01-18 17:20:35,869 autoreload 1780 5068 C:\Users\Aevlampev\PycharmProjects\24.01_Django\lectures\lect_1\lect_1_project\my_third_app\urls.py changed, reloading.
INFO 2024-01-18 17:20:36,374 autoreload 1736 16072 Watching for file changes with StatReloader
ERROR 2024-01-18 17:20:36,671 log 1736 9836 Internal Server Error: /three/
Traceback (most recent call last):
  File "C:\Users\Aevlampev\PycharmProjects\24.01_Django\.venv\Lib\site-packages\django\core\handlers\exception.py", line 55, in inner
    response = get_response(request)
               ^^^^^^^^^^^^^^^^^^^^^
  File "C:\Users\Aevlampev\PycharmProjects\24.01_Django\.venv\Lib\site-packages\django\core\handlers\base.py", line 197, in _get_response
    response = wrapped_callback(request, *callback_args, **callback_kwargs)
               ^^^^^^^^^^^^^^^^^^^^^^^^^^^^^^^^^^^^^^^^^^^^^^^^^^^^^^^^^^^^
  File "C:\Users\Aevlampev\PycharmProjects\24.01_Django\lectures\lect_1\lect_1_project\my_third_app\views.py", line 51, in my_view
    return render(request, 'my_third_app/template_from_app.html', context=data)
           ^^^^^^^^^^^^^^^^^^^^^^^^^^^^^^^^^^^^^^^^^^^^^^^^^^^^^^^^^^^^^^^^^^^^
  File "C:\Users\Aevlampev\PycharmProjects\24.01_Django\.venv\Lib\site-packages\django\shortcuts.py", line 24, in render
    content = loader.render_to_string(template_name, context, request, using=using)
              ^^^^^^^^^^^^^^^^^^^^^^^^^^^^^^^^^^^^^^^^^^^^^^^^^^^^^^^^^^^^^^^^^^^^^
  File "C:\Users\Aevlampev\PycharmProjects\24.01_Django\.venv\Lib\site-packages\django\template\loader.py", line 61, in render_to_string
    template = get_template(template_name, using=using)
               ^^^^^^^^^^^^^^^^^^^^^^^^^^^^^^^^^^^^^^^^
  File "C:\Users\Aevlampev\PycharmProjects\24.01_Django\.venv\Lib\site-packages\django\template\loader.py", line 19, in get_template
    raise TemplateDoesNotExist(template_name, chain=chain)
django.template.exceptions.TemplateDoesNotExist: my_third_app/template_from_app.html
ERROR 2024-01-18 17:20:36,674 basehttp 1736 9836 "GET /three/ HTTP/1.1" 500 79234
INFO 2024-01-18 17:21:25,785 autoreload 1736 16072 C:\Users\Aevlampev\PycharmProjects\24.01_Django\lectures\lect_1\lect_1_project\my_third_app\urls.py changed, reloading.
INFO 2024-01-18 17:21:26,291 autoreload 16368 948 Watching for file changes with StatReloader
ERROR 2024-01-18 17:22:17,039 log 16368 15796 Internal Server Error: /three/
Traceback (most recent call last):
  File "C:\Users\Aevlampev\PycharmProjects\24.01_Django\.venv\Lib\site-packages\django\core\handlers\exception.py", line 55, in inner
    response = get_response(request)
               ^^^^^^^^^^^^^^^^^^^^^
  File "C:\Users\Aevlampev\PycharmProjects\24.01_Django\.venv\Lib\site-packages\django\core\handlers\base.py", line 197, in _get_response
    response = wrapped_callback(request, *callback_args, **callback_kwargs)
               ^^^^^^^^^^^^^^^^^^^^^^^^^^^^^^^^^^^^^^^^^^^^^^^^^^^^^^^^^^^^
  File "C:\Users\Aevlampev\PycharmProjects\24.01_Django\lectures\lect_1\lect_1_project\my_third_app\views.py", line 51, in my_view
    return render(request, 'my_third_app/template_from_app.html', context=data)
           ^^^^^^^^^^^^^^^^^^^^^^^^^^^^^^^^^^^^^^^^^^^^^^^^^^^^^^^^^^^^^^^^^^^^
  File "C:\Users\Aevlampev\PycharmProjects\24.01_Django\.venv\Lib\site-packages\django\shortcuts.py", line 24, in render
    content = loader.render_to_string(template_name, context, request, using=using)
              ^^^^^^^^^^^^^^^^^^^^^^^^^^^^^^^^^^^^^^^^^^^^^^^^^^^^^^^^^^^^^^^^^^^^^
  File "C:\Users\Aevlampev\PycharmProjects\24.01_Django\.venv\Lib\site-packages\django\template\loader.py", line 61, in render_to_string
    template = get_template(template_name, using=using)
               ^^^^^^^^^^^^^^^^^^^^^^^^^^^^^^^^^^^^^^^^
  File "C:\Users\Aevlampev\PycharmProjects\24.01_Django\.venv\Lib\site-packages\django\template\loader.py", line 19, in get_template
    raise TemplateDoesNotExist(template_name, chain=chain)
django.template.exceptions.TemplateDoesNotExist: my_third_app/template_from_app.html
ERROR 2024-01-18 17:22:17,042 basehttp 16368 15796 "GET /three/ HTTP/1.1" 500 79234
ERROR 2024-01-18 17:22:28,048 log 16368 15796 Internal Server Error: /three/
Traceback (most recent call last):
  File "C:\Users\Aevlampev\PycharmProjects\24.01_Django\.venv\Lib\site-packages\django\core\handlers\exception.py", line 55, in inner
    response = get_response(request)
               ^^^^^^^^^^^^^^^^^^^^^
  File "C:\Users\Aevlampev\PycharmProjects\24.01_Django\.venv\Lib\site-packages\django\core\handlers\base.py", line 197, in _get_response
    response = wrapped_callback(request, *callback_args, **callback_kwargs)
               ^^^^^^^^^^^^^^^^^^^^^^^^^^^^^^^^^^^^^^^^^^^^^^^^^^^^^^^^^^^^
  File "C:\Users\Aevlampev\PycharmProjects\24.01_Django\lectures\lect_1\lect_1_project\my_third_app\views.py", line 51, in my_view
    return render(request, 'my_third_app/template_from_app.html', context=data)
           ^^^^^^^^^^^^^^^^^^^^^^^^^^^^^^^^^^^^^^^^^^^^^^^^^^^^^^^^^^^^^^^^^^^^
  File "C:\Users\Aevlampev\PycharmProjects\24.01_Django\.venv\Lib\site-packages\django\shortcuts.py", line 24, in render
    content = loader.render_to_string(template_name, context, request, using=using)
              ^^^^^^^^^^^^^^^^^^^^^^^^^^^^^^^^^^^^^^^^^^^^^^^^^^^^^^^^^^^^^^^^^^^^^
  File "C:\Users\Aevlampev\PycharmProjects\24.01_Django\.venv\Lib\site-packages\django\template\loader.py", line 61, in render_to_string
    template = get_template(template_name, using=using)
               ^^^^^^^^^^^^^^^^^^^^^^^^^^^^^^^^^^^^^^^^
  File "C:\Users\Aevlampev\PycharmProjects\24.01_Django\.venv\Lib\site-packages\django\template\loader.py", line 19, in get_template
    raise TemplateDoesNotExist(template_name, chain=chain)
django.template.exceptions.TemplateDoesNotExist: my_third_app/template_from_app.html
ERROR 2024-01-18 17:22:28,050 basehttp 16368 15796 "GET /three/ HTTP/1.1" 500 79234
ERROR 2024-01-18 17:23:52,604 log 16368 15796 Internal Server Error: /three/
Traceback (most recent call last):
  File "C:\Users\Aevlampev\PycharmProjects\24.01_Django\.venv\Lib\site-packages\django\core\handlers\exception.py", line 55, in inner
    response = get_response(request)
               ^^^^^^^^^^^^^^^^^^^^^
  File "C:\Users\Aevlampev\PycharmProjects\24.01_Django\.venv\Lib\site-packages\django\core\handlers\base.py", line 197, in _get_response
    response = wrapped_callback(request, *callback_args, **callback_kwargs)
               ^^^^^^^^^^^^^^^^^^^^^^^^^^^^^^^^^^^^^^^^^^^^^^^^^^^^^^^^^^^^
  File "C:\Users\Aevlampev\PycharmProjects\24.01_Django\lectures\lect_1\lect_1_project\my_third_app\views.py", line 51, in my_view
    return render(request, 'my_third_app/template_from_app.html', context=data)
           ^^^^^^^^^^^^^^^^^^^^^^^^^^^^^^^^^^^^^^^^^^^^^^^^^^^^^^^^^^^^^^^^^^^^
  File "C:\Users\Aevlampev\PycharmProjects\24.01_Django\.venv\Lib\site-packages\django\shortcuts.py", line 24, in render
    content = loader.render_to_string(template_name, context, request, using=using)
              ^^^^^^^^^^^^^^^^^^^^^^^^^^^^^^^^^^^^^^^^^^^^^^^^^^^^^^^^^^^^^^^^^^^^^
  File "C:\Users\Aevlampev\PycharmProjects\24.01_Django\.venv\Lib\site-packages\django\template\loader.py", line 61, in render_to_string
    template = get_template(template_name, using=using)
               ^^^^^^^^^^^^^^^^^^^^^^^^^^^^^^^^^^^^^^^^
  File "C:\Users\Aevlampev\PycharmProjects\24.01_Django\.venv\Lib\site-packages\django\template\loader.py", line 19, in get_template
    raise TemplateDoesNotExist(template_name, chain=chain)
django.template.exceptions.TemplateDoesNotExist: my_third_app/template_from_app.html
ERROR 2024-01-18 17:23:52,606 basehttp 16368 15796 "GET /three/ HTTP/1.1" 500 79234
INFO 2024-01-18 17:24:38,674 autoreload 5180 12040 Watching for file changes with StatReloader
INFO 2024-01-18 17:24:45,392 views 5180 7780 Index page accessed
INFO 2024-01-18 17:24:45,393 basehttp 5180 7780 "GET / HTTP/1.1" 200 13
INFO 2024-01-18 17:24:50,449 basehttp 5180 7780 "GET /three/ HTTP/1.1" 200 190
INFO 2024-01-18 17:25:10,746 basehttp 5180 7780 "GET /three/ HTTP/1.1" 200 190
INFO 2024-01-18 17:25:29,668 basehttp 5180 7780 "GET /three/ HTTP/1.1" 200 191
INFO 2024-01-18 17:32:15,311 autoreload 5180 12040 C:\Users\Aevlampev\PycharmProjects\24.01_Django\lectures\lect_1\lect_1_project\my_third_app\views.py changed, reloading.
INFO 2024-01-18 17:32:15,936 autoreload 10224 6216 Watching for file changes with StatReloader
INFO 2024-01-18 17:32:49,127 autoreload 10224 6216 C:\Users\Aevlampev\PycharmProjects\24.01_Django\lectures\lect_1\lect_1_project\my_third_app\views.py changed, reloading.
INFO 2024-01-18 17:32:49,624 autoreload 14400 1884 Watching for file changes with StatReloader
INFO 2024-01-18 17:35:11,144 autoreload 14400 1884 C:\Users\Aevlampev\PycharmProjects\24.01_Django\lectures\lect_1\lect_1_project\my_third_app\views.py changed, reloading.
INFO 2024-01-18 17:35:11,785 autoreload 15240 12860 Watching for file changes with StatReloader
INFO 2024-01-18 17:35:49,636 autoreload 15240 12860 C:\Users\Aevlampev\PycharmProjects\24.01_Django\lectures\lect_1\lect_1_project\my_third_app\views.py changed, reloading.
INFO 2024-01-18 17:35:50,073 autoreload 7000 500 Watching for file changes with StatReloader
INFO 2024-01-18 17:36:06,373 autoreload 7000 500 C:\Users\Aevlampev\PycharmProjects\24.01_Django\lectures\lect_1\lect_1_project\my_third_app\views.py changed, reloading.
INFO 2024-01-18 17:36:06,948 autoreload 6088 6608 Watching for file changes with StatReloader
INFO 2024-01-18 17:37:05,012 autoreload 6088 6608 C:\Users\Aevlampev\PycharmProjects\24.01_Django\lectures\lect_1\lect_1_project\my_third_app\views.py changed, reloading.
INFO 2024-01-18 17:37:05,480 autoreload 1836 3036 Watching for file changes with StatReloader
INFO 2024-01-18 17:37:42,044 autoreload 1836 3036 C:\Users\Aevlampev\PycharmProjects\24.01_Django\lectures\lect_1\lect_1_project\my_third_app\urls.py changed, reloading.
INFO 2024-01-18 17:37:42,618 autoreload 4116 14564 Watching for file changes with StatReloader
INFO 2024-01-18 17:38:08,085 autoreload 4116 14564 C:\Users\Aevlampev\PycharmProjects\24.01_Django\lectures\lect_1\lect_1_project\my_third_app\urls.py changed, reloading.
INFO 2024-01-18 17:38:08,530 autoreload 5408 6548 Watching for file changes with StatReloader
INFO 2024-01-18 17:38:37,679 autoreload 5408 6548 C:\Users\Aevlampev\PycharmProjects\24.01_Django\lectures\lect_1\lect_1_project\my_third_app\urls.py changed, reloading.
INFO 2024-01-18 17:38:38,214 autoreload 14916 14700 Watching for file changes with StatReloader
INFO 2024-01-18 17:38:45,474 basehttp 14916 12780 "GET /three/if HTTP/1.1" 301 0
ERROR 2024-01-18 17:38:45,530 log 14916 15124 Internal Server Error: /three/if/
Traceback (most recent call last):
  File "C:\Users\Aevlampev\PycharmProjects\24.01_Django\.venv\Lib\site-packages\django\core\handlers\exception.py", line 55, in inner
    response = get_response(request)
               ^^^^^^^^^^^^^^^^^^^^^
  File "C:\Users\Aevlampev\PycharmProjects\24.01_Django\.venv\Lib\site-packages\django\core\handlers\base.py", line 197, in _get_response
    response = wrapped_callback(request, *callback_args, **callback_kwargs)
               ^^^^^^^^^^^^^^^^^^^^^^^^^^^^^^^^^^^^^^^^^^^^^^^^^^^^^^^^^^^^
TypeError: View.as_view() takes 1 positional argument but 2 were given
ERROR 2024-01-18 17:38:45,531 basehttp 14916 15124 "GET /three/if/ HTTP/1.1" 500 61188
INFO 2024-01-18 17:38:55,518 basehttp 14916 15124 "GET /three/ HTTP/1.1" 200 191
ERROR 2024-01-18 17:39:16,584 log 14916 15124 Internal Server Error: /three/if/
Traceback (most recent call last):
  File "C:\Users\Aevlampev\PycharmProjects\24.01_Django\.venv\Lib\site-packages\django\core\handlers\exception.py", line 55, in inner
    response = get_response(request)
               ^^^^^^^^^^^^^^^^^^^^^
  File "C:\Users\Aevlampev\PycharmProjects\24.01_Django\.venv\Lib\site-packages\django\core\handlers\base.py", line 197, in _get_response
    response = wrapped_callback(request, *callback_args, **callback_kwargs)
               ^^^^^^^^^^^^^^^^^^^^^^^^^^^^^^^^^^^^^^^^^^^^^^^^^^^^^^^^^^^^
TypeError: View.as_view() takes 1 positional argument but 2 were given
ERROR 2024-01-18 17:39:16,588 basehttp 14916 15124 "GET /three/if/ HTTP/1.1" 500 61188
INFO 2024-01-18 17:40:00,116 autoreload 14916 14700 C:\Users\Aevlampev\PycharmProjects\24.01_Django\lectures\lect_1\lect_1_project\my_third_app\urls.py changed, reloading.
INFO 2024-01-18 17:40:00,674 autoreload 2076 14324 Watching for file changes with StatReloader
INFO 2024-01-18 17:40:01,774 basehttp 2076 2620 "GET /three/if/ HTTP/1.1" 200 369
INFO 2024-01-18 17:41:37,388 autoreload 2076 14324 C:\Users\Aevlampev\PycharmProjects\24.01_Django\lectures\lect_1\lect_1_project\my_third_app\urls.py changed, reloading.
INFO 2024-01-18 17:41:37,995 autoreload 13012 15940 Watching for file changes with StatReloader
INFO 2024-01-18 17:43:37,988 autoreload 13012 15940 C:\Users\Aevlampev\PycharmProjects\24.01_Django\lectures\lect_1\lect_1_project\my_third_app\views.py changed, reloading.
INFO 2024-01-18 17:43:38,509 autoreload 2456 1200 Watching for file changes with StatReloader
INFO 2024-01-18 17:43:47,199 autoreload 2456 1200 C:\Users\Aevlampev\PycharmProjects\24.01_Django\lectures\lect_1\lect_1_project\my_third_app\views.py changed, reloading.
INFO 2024-01-18 17:43:47,719 autoreload 2496 8644 Watching for file changes with StatReloader
INFO 2024-01-18 17:44:22,209 autoreload 2496 8644 C:\Users\Aevlampev\PycharmProjects\24.01_Django\lectures\lect_1\lect_1_project\my_third_app\views.py changed, reloading.
INFO 2024-01-18 17:44:22,857 autoreload 10496 10432 Watching for file changes with StatReloader
INFO 2024-01-18 17:44:24,579 views 10496 1176 Index page accessed
INFO 2024-01-18 17:44:24,581 basehttp 10496 1176 "GET / HTTP/1.1" 200 13
INFO 2024-01-18 17:44:32,192 basehttp 10496 1176 "GET /three/for HTTP/1.1" 301 0
ERROR 2024-01-18 17:44:32,248 log 10496 10748 Internal Server Error: /three/for/
Traceback (most recent call last):
  File "C:\Users\Aevlampev\PycharmProjects\24.01_Django\.venv\Lib\site-packages\django\core\handlers\exception.py", line 55, in inner
    response = get_response(request)
               ^^^^^^^^^^^^^^^^^^^^^
  File "C:\Users\Aevlampev\PycharmProjects\24.01_Django\.venv\Lib\site-packages\django\core\handlers\base.py", line 197, in _get_response
    response = wrapped_callback(request, *callback_args, **callback_kwargs)
               ^^^^^^^^^^^^^^^^^^^^^^^^^^^^^^^^^^^^^^^^^^^^^^^^^^^^^^^^^^^^
  File "C:\Users\Aevlampev\PycharmProjects\24.01_Django\lectures\lect_1\lect_1_project\my_third_app\views.py", line 78, in view_for
    return render(request, 'myapp3/templ_for.html', context)
           ^^^^^^^^^^^^^^^^^^^^^^^^^^^^^^^^^^^^^^^^^^^^^^^^^
  File "C:\Users\Aevlampev\PycharmProjects\24.01_Django\.venv\Lib\site-packages\django\shortcuts.py", line 24, in render
    content = loader.render_to_string(template_name, context, request, using=using)
              ^^^^^^^^^^^^^^^^^^^^^^^^^^^^^^^^^^^^^^^^^^^^^^^^^^^^^^^^^^^^^^^^^^^^^
  File "C:\Users\Aevlampev\PycharmProjects\24.01_Django\.venv\Lib\site-packages\django\template\loader.py", line 61, in render_to_string
    template = get_template(template_name, using=using)
               ^^^^^^^^^^^^^^^^^^^^^^^^^^^^^^^^^^^^^^^^
  File "C:\Users\Aevlampev\PycharmProjects\24.01_Django\.venv\Lib\site-packages\django\template\loader.py", line 19, in get_template
    raise TemplateDoesNotExist(template_name, chain=chain)
django.template.exceptions.TemplateDoesNotExist: myapp3/templ_for.html
ERROR 2024-01-18 17:44:32,254 basehttp 10496 10748 "GET /three/for/ HTTP/1.1" 500 81719
INFO 2024-01-18 17:44:59,873 autoreload 10496 10432 C:\Users\Aevlampev\PycharmProjects\24.01_Django\lectures\lect_1\lect_1_project\my_third_app\views.py changed, reloading.
INFO 2024-01-18 17:45:00,467 autoreload 10044 7080 Watching for file changes with StatReloader
INFO 2024-01-18 17:45:03,639 basehttp 10044 1120 "GET /three/for/ HTTP/1.1" 200 951
INFO 2024-01-18 18:02:21,733 autoreload 10044 7080 C:\Users\Aevlampev\PycharmProjects\24.01_Django\lectures\lect_1\lect_1_project\lect_1_project\settings.py changed, reloading.
INFO 2024-01-18 18:02:22,492 autoreload 5008 6688 Watching for file changes with StatReloader
INFO 2024-01-18 18:18:17,533 basehttp 5008 13664 "GET /three/for/ HTTP/1.1" 200 951
INFO 2024-01-18 18:18:20,979 basehttp 5008 13664 "GET /three/ HTTP/1.1" 200 191
INFO 2024-01-18 18:18:22,418 views 5008 13664 Index page accessed
INFO 2024-01-18 18:18:22,419 basehttp 5008 13664 "GET / HTTP/1.1" 200 13
INFO 2024-01-22 19:12:01,314 autoreload 14812 18060 Watching for file changes with StatReloader
INFO 2024-01-22 19:12:19,818 autoreload 14812 18060 C:\GeekBrains\II_quarter\24_01_Django\lectures\lect_1\lect_1_project\my_fourth_app\urls.py changed, reloading.
INFO 2024-01-22 19:12:20,125 autoreload 17340 9320 Watching for file changes with StatReloader
INFO 2024-01-22 19:12:23,888 autoreload 13180 20560 Watching for file changes with StatReloader
INFO 2024-01-22 19:12:26,115 views 13180 8496 Index page accessed
INFO 2024-01-22 19:12:26,116 basehttp 13180 8496 "GET / HTTP/1.1" 200 13
WARNING 2024-01-22 19:12:38,966 log 13180 8496 Not Found: /fourth
WARNING 2024-01-22 19:12:38,966 basehttp 13180 8496 "GET /fourth HTTP/1.1" 404 2746
WARNING 2024-01-22 19:12:44,596 log 13180 8496 Not Found: /four/
WARNING 2024-01-22 19:12:44,596 basehttp 13180 8496 "GET /four/ HTTP/1.1" 404 2817
ERROR 2024-01-22 19:12:50,798 log 13180 8496 Internal Server Error: /four/user/add/
Traceback (most recent call last):
  File "C:\GeekBrains\II_quarter\24_01_Django\.venv\Lib\site-packages\django\core\handlers\exception.py", line 55, in inner
    response = get_response(request)
               ^^^^^^^^^^^^^^^^^^^^^
  File "C:\GeekBrains\II_quarter\24_01_Django\.venv\Lib\site-packages\django\core\handlers\base.py", line 197, in _get_response
    response = wrapped_callback(request, *callback_args, **callback_kwargs)
               ^^^^^^^^^^^^^^^^^^^^^^^^^^^^^^^^^^^^^^^^^^^^^^^^^^^^^^^^^^^^
  File "C:\GeekBrains\II_quarter\24_01_Django\lectures\lect_1\lect_1_project\my_fourth_app\views.py", line 21, in user_form
    return render(request, 'my_fourth_app/user_fom.html', {'form': form})
           ^^^^^^^^^^^^^^^^^^^^^^^^^^^^^^^^^^^^^^^^^^^^^^^^^^^^^^^^^^^^^^
  File "C:\GeekBrains\II_quarter\24_01_Django\.venv\Lib\site-packages\django\shortcuts.py", line 24, in render
    content = loader.render_to_string(template_name, context, request, using=using)
              ^^^^^^^^^^^^^^^^^^^^^^^^^^^^^^^^^^^^^^^^^^^^^^^^^^^^^^^^^^^^^^^^^^^^^
  File "C:\GeekBrains\II_quarter\24_01_Django\.venv\Lib\site-packages\django\template\loader.py", line 61, in render_to_string
    template = get_template(template_name, using=using)
               ^^^^^^^^^^^^^^^^^^^^^^^^^^^^^^^^^^^^^^^^
  File "C:\GeekBrains\II_quarter\24_01_Django\.venv\Lib\site-packages\django\template\loader.py", line 19, in get_template
    raise TemplateDoesNotExist(template_name, chain=chain)
django.template.exceptions.TemplateDoesNotExist: my_fourth_app/user_fom.html
ERROR 2024-01-22 19:12:50,800 basehttp 13180 8496 "GET /four/user/add/ HTTP/1.1" 500 80292
INFO 2024-01-22 19:13:14,239 autoreload 13180 20560 C:\GeekBrains\II_quarter\24_01_Django\lectures\lect_1\lect_1_project\my_fourth_app\views.py changed, reloading.
INFO 2024-01-22 19:13:14,556 autoreload 9364 11024 Watching for file changes with StatReloader
ERROR 2024-01-22 19:13:14,813 log 9364 13160 Internal Server Error: /four/user/add/
Traceback (most recent call last):
  File "C:\GeekBrains\II_quarter\24_01_Django\.venv\Lib\site-packages\django\template\base.py", line 502, in parse
    compile_func = self.tags[command]
                   ~~~~~~~~~^^^^^^^^^
KeyError: 'exclude'

During handling of the above exception, another exception occurred:

Traceback (most recent call last):
  File "C:\GeekBrains\II_quarter\24_01_Django\.venv\Lib\site-packages\django\core\handlers\exception.py", line 55, in inner
    response = get_response(request)
               ^^^^^^^^^^^^^^^^^^^^^
  File "C:\GeekBrains\II_quarter\24_01_Django\.venv\Lib\site-packages\django\core\handlers\base.py", line 197, in _get_response
    response = wrapped_callback(request, *callback_args, **callback_kwargs)
               ^^^^^^^^^^^^^^^^^^^^^^^^^^^^^^^^^^^^^^^^^^^^^^^^^^^^^^^^^^^^
  File "C:\GeekBrains\II_quarter\24_01_Django\lectures\lect_1\lect_1_project\my_fourth_app\views.py", line 21, in user_form
    return render(request, 'my_fourth_app/user_form.html', {'form': form})
           ^^^^^^^^^^^^^^^^^^^^^^^^^^^^^^^^^^^^^^^^^^^^^^^^^^^^^^^^^^^^^^^
  File "C:\GeekBrains\II_quarter\24_01_Django\.venv\Lib\site-packages\django\shortcuts.py", line 24, in render
    content = loader.render_to_string(template_name, context, request, using=using)
              ^^^^^^^^^^^^^^^^^^^^^^^^^^^^^^^^^^^^^^^^^^^^^^^^^^^^^^^^^^^^^^^^^^^^^
  File "C:\GeekBrains\II_quarter\24_01_Django\.venv\Lib\site-packages\django\template\loader.py", line 61, in render_to_string
    template = get_template(template_name, using=using)
               ^^^^^^^^^^^^^^^^^^^^^^^^^^^^^^^^^^^^^^^^
  File "C:\GeekBrains\II_quarter\24_01_Django\.venv\Lib\site-packages\django\template\loader.py", line 15, in get_template
    return engine.get_template(template_name)
           ^^^^^^^^^^^^^^^^^^^^^^^^^^^^^^^^^^
  File "C:\GeekBrains\II_quarter\24_01_Django\.venv\Lib\site-packages\django\template\backends\django.py", line 33, in get_template
    return Template(self.engine.get_template(template_name), self)
                    ^^^^^^^^^^^^^^^^^^^^^^^^^^^^^^^^^^^^^^^
  File "C:\GeekBrains\II_quarter\24_01_Django\.venv\Lib\site-packages\django\template\engine.py", line 175, in get_template
    template, origin = self.find_template(template_name)
                       ^^^^^^^^^^^^^^^^^^^^^^^^^^^^^^^^^
  File "C:\GeekBrains\II_quarter\24_01_Django\.venv\Lib\site-packages\django\template\engine.py", line 157, in find_template
    template = loader.get_template(name, skip=skip)
               ^^^^^^^^^^^^^^^^^^^^^^^^^^^^^^^^^^^^
  File "C:\GeekBrains\II_quarter\24_01_Django\.venv\Lib\site-packages\django\template\loaders\cached.py", line 57, in get_template
    template = super().get_template(template_name, skip)
               ^^^^^^^^^^^^^^^^^^^^^^^^^^^^^^^^^^^^^^^^^
  File "C:\GeekBrains\II_quarter\24_01_Django\.venv\Lib\site-packages\django\template\loaders\base.py", line 28, in get_template
    return Template(
           ^^^^^^^^^
  File "C:\GeekBrains\II_quarter\24_01_Django\.venv\Lib\site-packages\django\template\base.py", line 154, in __init__
    self.nodelist = self.compile_nodelist()
                    ^^^^^^^^^^^^^^^^^^^^^^^
  File "C:\GeekBrains\II_quarter\24_01_Django\.venv\Lib\site-packages\django\template\base.py", line 196, in compile_nodelist
    return parser.parse()
           ^^^^^^^^^^^^^^
  File "C:\GeekBrains\II_quarter\24_01_Django\.venv\Lib\site-packages\django\template\base.py", line 504, in parse
    self.invalid_block_tag(token, command, parse_until)
  File "C:\GeekBrains\II_quarter\24_01_Django\.venv\Lib\site-packages\django\template\base.py", line 565, in invalid_block_tag
    raise self.error(
django.template.exceptions.TemplateSyntaxError: Invalid block tag on line 1: 'exclude'. Did you forget to register or load this tag?
ERROR 2024-01-22 19:13:14,816 basehttp 9364 13160 "GET /four/user/add/ HTTP/1.1" 500 132975
ERROR 2024-01-22 19:13:29,656 log 9364 13160 Internal Server Error: /four/user/add/
Traceback (most recent call last):
  File "C:\GeekBrains\II_quarter\24_01_Django\.venv\Lib\site-packages\django\template\base.py", line 502, in parse
    compile_func = self.tags[command]
                   ~~~~~~~~~^^^^^^^^^
KeyError: 'excludes'

During handling of the above exception, another exception occurred:

Traceback (most recent call last):
  File "C:\GeekBrains\II_quarter\24_01_Django\.venv\Lib\site-packages\django\core\handlers\exception.py", line 55, in inner
    response = get_response(request)
               ^^^^^^^^^^^^^^^^^^^^^
  File "C:\GeekBrains\II_quarter\24_01_Django\.venv\Lib\site-packages\django\core\handlers\base.py", line 197, in _get_response
    response = wrapped_callback(request, *callback_args, **callback_kwargs)
               ^^^^^^^^^^^^^^^^^^^^^^^^^^^^^^^^^^^^^^^^^^^^^^^^^^^^^^^^^^^^
  File "C:\GeekBrains\II_quarter\24_01_Django\lectures\lect_1\lect_1_project\my_fourth_app\views.py", line 21, in user_form
    return render(request, 'my_fourth_app/user_form.html', {'form': form})
           ^^^^^^^^^^^^^^^^^^^^^^^^^^^^^^^^^^^^^^^^^^^^^^^^^^^^^^^^^^^^^^^
  File "C:\GeekBrains\II_quarter\24_01_Django\.venv\Lib\site-packages\django\shortcuts.py", line 24, in render
    content = loader.render_to_string(template_name, context, request, using=using)
              ^^^^^^^^^^^^^^^^^^^^^^^^^^^^^^^^^^^^^^^^^^^^^^^^^^^^^^^^^^^^^^^^^^^^^
  File "C:\GeekBrains\II_quarter\24_01_Django\.venv\Lib\site-packages\django\template\loader.py", line 61, in render_to_string
    template = get_template(template_name, using=using)
               ^^^^^^^^^^^^^^^^^^^^^^^^^^^^^^^^^^^^^^^^
  File "C:\GeekBrains\II_quarter\24_01_Django\.venv\Lib\site-packages\django\template\loader.py", line 15, in get_template
    return engine.get_template(template_name)
           ^^^^^^^^^^^^^^^^^^^^^^^^^^^^^^^^^^
  File "C:\GeekBrains\II_quarter\24_01_Django\.venv\Lib\site-packages\django\template\backends\django.py", line 33, in get_template
    return Template(self.engine.get_template(template_name), self)
                    ^^^^^^^^^^^^^^^^^^^^^^^^^^^^^^^^^^^^^^^
  File "C:\GeekBrains\II_quarter\24_01_Django\.venv\Lib\site-packages\django\template\engine.py", line 175, in get_template
    template, origin = self.find_template(template_name)
                       ^^^^^^^^^^^^^^^^^^^^^^^^^^^^^^^^^
  File "C:\GeekBrains\II_quarter\24_01_Django\.venv\Lib\site-packages\django\template\engine.py", line 157, in find_template
    template = loader.get_template(name, skip=skip)
               ^^^^^^^^^^^^^^^^^^^^^^^^^^^^^^^^^^^^
  File "C:\GeekBrains\II_quarter\24_01_Django\.venv\Lib\site-packages\django\template\loaders\cached.py", line 57, in get_template
    template = super().get_template(template_name, skip)
               ^^^^^^^^^^^^^^^^^^^^^^^^^^^^^^^^^^^^^^^^^
  File "C:\GeekBrains\II_quarter\24_01_Django\.venv\Lib\site-packages\django\template\loaders\base.py", line 28, in get_template
    return Template(
           ^^^^^^^^^
  File "C:\GeekBrains\II_quarter\24_01_Django\.venv\Lib\site-packages\django\template\base.py", line 154, in __init__
    self.nodelist = self.compile_nodelist()
                    ^^^^^^^^^^^^^^^^^^^^^^^
  File "C:\GeekBrains\II_quarter\24_01_Django\.venv\Lib\site-packages\django\template\base.py", line 196, in compile_nodelist
    return parser.parse()
           ^^^^^^^^^^^^^^
  File "C:\GeekBrains\II_quarter\24_01_Django\.venv\Lib\site-packages\django\template\base.py", line 504, in parse
    self.invalid_block_tag(token, command, parse_until)
  File "C:\GeekBrains\II_quarter\24_01_Django\.venv\Lib\site-packages\django\template\base.py", line 565, in invalid_block_tag
    raise self.error(
django.template.exceptions.TemplateSyntaxError: Invalid block tag on line 1: 'excludes'. Did you forget to register or load this tag?
ERROR 2024-01-22 19:13:29,658 basehttp 9364 13160 "GET /four/user/add/ HTTP/1.1" 500 132994
ERROR 2024-01-22 19:15:34,965 log 9364 13160 Internal Server Error: /four/user/add/
Traceback (most recent call last):
  File "C:\GeekBrains\II_quarter\24_01_Django\.venv\Lib\site-packages\django\template\base.py", line 502, in parse
    compile_func = self.tags[command]
                   ~~~~~~~~~^^^^^^^^^
KeyError: 'clock'

During handling of the above exception, another exception occurred:

Traceback (most recent call last):
  File "C:\GeekBrains\II_quarter\24_01_Django\.venv\Lib\site-packages\django\core\handlers\exception.py", line 55, in inner
    response = get_response(request)
               ^^^^^^^^^^^^^^^^^^^^^
  File "C:\GeekBrains\II_quarter\24_01_Django\.venv\Lib\site-packages\django\core\handlers\base.py", line 197, in _get_response
    response = wrapped_callback(request, *callback_args, **callback_kwargs)
               ^^^^^^^^^^^^^^^^^^^^^^^^^^^^^^^^^^^^^^^^^^^^^^^^^^^^^^^^^^^^
  File "C:\GeekBrains\II_quarter\24_01_Django\lectures\lect_1\lect_1_project\my_fourth_app\views.py", line 21, in user_form
    return render(request, 'my_fourth_app/user_form.html', {'form': form})
           ^^^^^^^^^^^^^^^^^^^^^^^^^^^^^^^^^^^^^^^^^^^^^^^^^^^^^^^^^^^^^^^
  File "C:\GeekBrains\II_quarter\24_01_Django\.venv\Lib\site-packages\django\shortcuts.py", line 24, in render
    content = loader.render_to_string(template_name, context, request, using=using)
              ^^^^^^^^^^^^^^^^^^^^^^^^^^^^^^^^^^^^^^^^^^^^^^^^^^^^^^^^^^^^^^^^^^^^^
  File "C:\GeekBrains\II_quarter\24_01_Django\.venv\Lib\site-packages\django\template\loader.py", line 61, in render_to_string
    template = get_template(template_name, using=using)
               ^^^^^^^^^^^^^^^^^^^^^^^^^^^^^^^^^^^^^^^^
  File "C:\GeekBrains\II_quarter\24_01_Django\.venv\Lib\site-packages\django\template\loader.py", line 15, in get_template
    return engine.get_template(template_name)
           ^^^^^^^^^^^^^^^^^^^^^^^^^^^^^^^^^^
  File "C:\GeekBrains\II_quarter\24_01_Django\.venv\Lib\site-packages\django\template\backends\django.py", line 33, in get_template
    return Template(self.engine.get_template(template_name), self)
                    ^^^^^^^^^^^^^^^^^^^^^^^^^^^^^^^^^^^^^^^
  File "C:\GeekBrains\II_quarter\24_01_Django\.venv\Lib\site-packages\django\template\engine.py", line 175, in get_template
    template, origin = self.find_template(template_name)
                       ^^^^^^^^^^^^^^^^^^^^^^^^^^^^^^^^^
  File "C:\GeekBrains\II_quarter\24_01_Django\.venv\Lib\site-packages\django\template\engine.py", line 157, in find_template
    template = loader.get_template(name, skip=skip)
               ^^^^^^^^^^^^^^^^^^^^^^^^^^^^^^^^^^^^
  File "C:\GeekBrains\II_quarter\24_01_Django\.venv\Lib\site-packages\django\template\loaders\cached.py", line 57, in get_template
    template = super().get_template(template_name, skip)
               ^^^^^^^^^^^^^^^^^^^^^^^^^^^^^^^^^^^^^^^^^
  File "C:\GeekBrains\II_quarter\24_01_Django\.venv\Lib\site-packages\django\template\loaders\base.py", line 28, in get_template
    return Template(
           ^^^^^^^^^
  File "C:\GeekBrains\II_quarter\24_01_Django\.venv\Lib\site-packages\django\template\base.py", line 154, in __init__
    self.nodelist = self.compile_nodelist()
                    ^^^^^^^^^^^^^^^^^^^^^^^
  File "C:\GeekBrains\II_quarter\24_01_Django\.venv\Lib\site-packages\django\template\base.py", line 196, in compile_nodelist
    return parser.parse()
           ^^^^^^^^^^^^^^
  File "C:\GeekBrains\II_quarter\24_01_Django\.venv\Lib\site-packages\django\template\base.py", line 510, in parse
    raise self.error(token, e)
  File "C:\GeekBrains\II_quarter\24_01_Django\.venv\Lib\site-packages\django\template\base.py", line 508, in parse
    compiled_result = compile_func(self, token)
                      ^^^^^^^^^^^^^^^^^^^^^^^^^
  File "C:\GeekBrains\II_quarter\24_01_Django\.venv\Lib\site-packages\django\template\loader_tags.py", line 295, in do_extends
    nodelist = parser.parse()
               ^^^^^^^^^^^^^^
  File "C:\GeekBrains\II_quarter\24_01_Django\.venv\Lib\site-packages\django\template\base.py", line 504, in parse
    self.invalid_block_tag(token, command, parse_until)
  File "C:\GeekBrains\II_quarter\24_01_Django\.venv\Lib\site-packages\django\template\base.py", line 565, in invalid_block_tag
    raise self.error(
django.template.exceptions.TemplateSyntaxError: Invalid block tag on line 7: 'clock'. Did you forget to register or load this tag?
ERROR 2024-01-22 19:15:34,968 basehttp 9364 13160 "GET /four/user/add/ HTTP/1.1" 500 148020
INFO 2024-01-22 19:15:47,528 basehttp 9364 13160 "GET /four/user/add/ HTTP/1.1" 200 223
INFO 2024-01-22 19:16:10,146 basehttp 9364 13160 "GET /four/user/add/ HTTP/1.1" 200 639
INFO 2024-01-22 20:07:49,176 basehttp 9364 17040 "GET /four/user/add/ HTTP/1.1" 200 1012
INFO 2024-01-22 20:08:03,344 basehttp 9364 17040 "GET /four/user/add/ HTTP/1.1" 200 1011
INFO 2024-01-22 20:09:30,307 basehttp 9364 17040 "POST /four/user/add/ HTTP/1.1" 200 1058
INFO 2024-01-22 20:09:45,736 basehttp 9364 17040 "POST /four/user/add/ HTTP/1.1" 200 1058
INFO 2024-01-22 20:10:13,413 autoreload 6188 20472 Watching for file changes with StatReloader
INFO 2024-01-22 20:10:18,591 basehttp 6188 3472 "POST /four/user/add/ HTTP/1.1" 200 1058
INFO 2024-01-22 20:10:36,373 basehttp 6188 3472 "POST /four/user/add/ HTTP/1.1" 200 1058
INFO 2024-01-22 20:12:22,161 basehttp 6188 3472 "POST /four/user/add/ HTTP/1.1" 200 1056
INFO 2024-01-22 20:12:28,037 views 6188 3472 Index page accessed
INFO 2024-01-22 20:12:28,037 basehttp 6188 3472 "GET / HTTP/1.1" 200 13
WARNING 2024-01-22 20:12:47,218 log 6188 3472 Not Found: /four/
WARNING 2024-01-22 20:12:47,218 basehttp 6188 3472 "GET /four/ HTTP/1.1" 404 2817
INFO 2024-01-22 20:12:52,147 basehttp 6188 3472 "GET /four/user/add/ HTTP/1.1" 200 1011
INFO 2024-01-22 20:13:06,140 basehttp 6188 3472 "POST /four/user/add/ HTTP/1.1" 200 1062
INFO 2024-01-22 20:14:07,075 autoreload 6188 20472 C:\GeekBrains\II_quarter\24_01_Django\lectures\lect_1\lect_1_project\lect_1_project\settings.py changed, reloading.
INFO 2024-01-22 20:14:07,418 autoreload 22392 9884 Watching for file changes with StatReloader
INFO 2024-01-22 20:14:09,426 views 22392 6120  name ='Alex', email ='Bad_Shuriks@mail.ru', age =1.
INFO 2024-01-22 20:14:09,434 basehttp 22392 6120 "POST /four/user/add/ HTTP/1.1" 200 1062
INFO 2024-01-22 20:30:56,904 autoreload 11472 11060 Watching for file changes with StatReloader
INFO 2024-01-22 20:31:31,716 autoreload 11472 11060 C:\GeekBrains\II_quarter\24_01_Django\lectures\lect_1\lect_1_project\my_fourth_app\forms.py changed, reloading.
INFO 2024-01-22 20:31:32,039 autoreload 3440 1368 Watching for file changes with StatReloader
INFO 2024-01-22 20:31:39,198 views 3440 21952 Index page accessed
INFO 2024-01-22 20:31:39,198 basehttp 3440 21952 "GET / HTTP/1.1" 200 13
WARNING 2024-01-22 20:31:39,265 log 3440 21952 Not Found: /favicon.ico
WARNING 2024-01-22 20:31:39,266 basehttp 3440 21952 "GET /favicon.ico HTTP/1.1" 404 2761
ERROR 2024-01-22 20:31:52,678 log 3440 21952 Internal Server Error: /four/forms/
Traceback (most recent call last):
  File "C:\GeekBrains\II_quarter\24_01_Django\.venv\Lib\site-packages\django\core\handlers\exception.py", line 55, in inner
    response = get_response(request)
               ^^^^^^^^^^^^^^^^^^^^^
  File "C:\GeekBrains\II_quarter\24_01_Django\.venv\Lib\site-packages\django\core\handlers\base.py", line 197, in _get_response
    response = wrapped_callback(request, *callback_args, **callback_kwargs)
               ^^^^^^^^^^^^^^^^^^^^^^^^^^^^^^^^^^^^^^^^^^^^^^^^^^^^^^^^^^^^
  File "C:\GeekBrains\II_quarter\24_01_Django\lectures\lect_1\lect_1_project\my_fourth_app\views.py", line 31, in many_fields_form
    return render(request, 'my_fourth_app/many_fields_form.html', {'form': form})
           ^^^^^^^^^^^^^^^^^^^^^^^^^^^^^^^^^^^^^^^^^^^^^^^^^^^^^^^^^^^^^^^^^^^^^^
  File "C:\GeekBrains\II_quarter\24_01_Django\.venv\Lib\site-packages\django\shortcuts.py", line 24, in render
    content = loader.render_to_string(template_name, context, request, using=using)
              ^^^^^^^^^^^^^^^^^^^^^^^^^^^^^^^^^^^^^^^^^^^^^^^^^^^^^^^^^^^^^^^^^^^^^
  File "C:\GeekBrains\II_quarter\24_01_Django\.venv\Lib\site-packages\django\template\loader.py", line 61, in render_to_string
    template = get_template(template_name, using=using)
               ^^^^^^^^^^^^^^^^^^^^^^^^^^^^^^^^^^^^^^^^
  File "C:\GeekBrains\II_quarter\24_01_Django\.venv\Lib\site-packages\django\template\loader.py", line 19, in get_template
    raise TemplateDoesNotExist(template_name, chain=chain)
django.template.exceptions.TemplateDoesNotExist: my_fourth_app/many_fields_form.html
ERROR 2024-01-22 20:31:52,680 basehttp 3440 21952 "GET /four/forms/ HTTP/1.1" 500 81652
INFO 2024-01-22 20:32:19,315 autoreload 3440 1368 C:\GeekBrains\II_quarter\24_01_Django\lectures\lect_1\lect_1_project\my_fourth_app\forms.py changed, reloading.
INFO 2024-01-22 20:32:19,640 autoreload 10276 5528 Watching for file changes with StatReloader
INFO 2024-01-22 20:32:20,317 basehttp 10276 22068 "GET /four/forms/ HTTP/1.1" 200 1471
INFO 2024-01-22 20:36:15,270 views 10276 22068  form.cleaned_data={'name': '  ', 'email': 'AEvlampev@1pku.ru', 'age': 23, 'height': 8.4, 'is_active': True, 'birthdate': datetime.date(2024, 1, 22), 'gender': 'F'}.
INFO 2024-01-22 20:36:15,276 basehttp 10276 22068 "POST /four/forms/ HTTP/1.1" 200 1725
INFO 2024-01-22 20:41:34,436 autoreload 10276 5528 C:\GeekBrains\II_quarter\24_01_Django\lectures\lect_1\lect_1_project\my_fourth_app\forms.py changed, reloading.
INFO 2024-01-22 20:41:34,769 autoreload 21676 8308 Watching for file changes with StatReloader
INFO 2024-01-22 20:53:07,978 autoreload 21676 8308 C:\GeekBrains\II_quarter\24_01_Django\lectures\lect_1\lect_1_project\my_fourth_app\forms.py changed, reloading.
INFO 2024-01-22 20:53:08,312 autoreload 16668 1332 Watching for file changes with StatReloader
INFO 2024-01-22 20:53:39,075 autoreload 16668 1332 C:\GeekBrains\II_quarter\24_01_Django\lectures\lect_1\lect_1_project\my_fourth_app\forms.py changed, reloading.
INFO 2024-01-22 20:53:39,398 autoreload 11152 8172 Watching for file changes with StatReloader
INFO 2024-01-22 20:53:44,729 autoreload 11152 8172 C:\GeekBrains\II_quarter\24_01_Django\lectures\lect_1\lect_1_project\my_fourth_app\forms.py changed, reloading.
INFO 2024-01-22 20:53:45,043 autoreload 12924 7152 Watching for file changes with StatReloader
INFO 2024-01-22 20:56:09,014 autoreload 12924 7152 C:\GeekBrains\II_quarter\24_01_Django\lectures\lect_1\lect_1_project\my_fourth_app\views.py changed, reloading.
INFO 2024-01-22 20:56:09,346 autoreload 20000 848 Watching for file changes with StatReloader
INFO 2024-01-22 20:56:17,343 basehttp 20000 19416 "POST /four/forms/ HTTP/1.1" 200 2424
WARNING 2024-01-22 20:56:17,404 log 20000 19416 Not Found: /favicon.ico
WARNING 2024-01-22 20:56:17,404 basehttp 20000 19416 "GET /favicon.ico HTTP/1.1" 404 2761
INFO 2024-01-22 20:56:51,227 views 20000 19416  form.cleaned_data={'name': '  ', 'email': 'AEvlampev@1pku.ru', 'age': 24, 'height': 9.4, 'is_active': True, 'birthdate': datetime.date(2024, 1, 22), 'gender': 'F', 'message': 'asfdsdgsga aasdgagweg'}.
INFO 2024-01-22 20:56:51,230 basehttp 20000 19416 "POST /four/forms/ HTTP/1.1" 200 2366
INFO 2024-01-22 21:19:07,051 autoreload 20000 848 C:\GeekBrains\II_quarter\24_01_Django\lectures\lect_1\lect_1_project\my_fourth_app\forms.py changed, reloading.
INFO 2024-01-22 21:19:07,479 autoreload 8304 12392 Watching for file changes with StatReloader
INFO 2024-01-22 21:21:53,528 autoreload 8304 12392 C:\GeekBrains\II_quarter\24_01_Django\lectures\lect_1\lect_1_project\my_fourth_app\forms.py changed, reloading.
INFO 2024-01-22 21:21:54,536 autoreload 18744 14352 Watching for file changes with StatReloader
INFO 2024-01-22 21:22:44,410 autoreload 18744 14352 C:\GeekBrains\II_quarter\24_01_Django\lectures\lect_1\lect_1_project\my_fourth_app\forms.py changed, reloading.
INFO 2024-01-22 21:22:44,741 autoreload 3728 1920 Watching for file changes with StatReloader
INFO 2024-01-22 21:23:44,768 autoreload 3728 1920 C:\GeekBrains\II_quarter\24_01_Django\lectures\lect_1\lect_1_project\my_fourth_app\forms.py changed, reloading.
INFO 2024-01-22 21:23:45,091 autoreload 15488 15616 Watching for file changes with StatReloader
WARNING 2024-01-22 21:23:56,866 log 15488 11360 Not Found: /four
WARNING 2024-01-22 21:23:56,866 basehttp 15488 11360 "GET /four HTTP/1.1" 404 2740
INFO 2024-01-22 21:24:01,207 basehttp 15488 11360 "GET /four/user/add/ HTTP/1.1" 200 1011
INFO 2024-01-22 21:24:10,640 basehttp 15488 11360 "POST /four/user/add/ HTTP/1.1" 200 1178
INFO 2024-01-22 21:24:15,734 views 15488 11360  name ='Alex', email ='AEvlampev@1pku.ru', age =32.
INFO 2024-01-22 21:24:15,736 basehttp 15488 11360 "POST /four/user/add/ HTTP/1.1" 200 1061
INFO 2024-01-22 21:25:59,893 autoreload 15488 15616 C:\GeekBrains\II_quarter\24_01_Django\lectures\lect_1\lect_1_project\my_fourth_app\forms.py changed, reloading.
INFO 2024-01-22 21:26:00,226 autoreload 11460 16648 Watching for file changes with StatReloader
INFO 2024-01-22 21:27:06,384 autoreload 11460 16648 C:\GeekBrains\II_quarter\24_01_Django\lectures\lect_1\lect_1_project\my_fourth_app\forms.py changed, reloading.
INFO 2024-01-22 21:27:06,736 autoreload 1372 14548 Watching for file changes with StatReloader
INFO 2024-01-22 21:27:31,397 autoreload 1372 14548 C:\GeekBrains\II_quarter\24_01_Django\lectures\lect_1\lect_1_project\my_fourth_app\forms.py changed, reloading.
INFO 2024-01-22 21:27:31,762 autoreload 15040 5568 Watching for file changes with StatReloader
INFO 2024-01-22 21:28:42,188 autoreload 15040 5568 C:\GeekBrains\II_quarter\24_01_Django\lectures\lect_1\lect_1_project\my_fourth_app\views.py changed, reloading.
INFO 2024-01-22 21:28:42,553 autoreload 15228 13444 Watching for file changes with StatReloader
INFO 2024-01-22 21:30:30,662 autoreload 15228 13444 C:\GeekBrains\II_quarter\24_01_Django\lectures\lect_1\lect_1_project\my_fourth_app\models.py changed, reloading.
INFO 2024-01-22 21:30:31,039 autoreload 21048 10632 Watching for file changes with StatReloader
INFO 2024-01-22 21:34:00,665 autoreload 19580 18564 Watching for file changes with StatReloader
ERROR 2024-01-22 21:34:07,699 log 19580 14724 Internal Server Error: /four/user/add/
Traceback (most recent call last):
  File "C:\GeekBrains\II_quarter\24_01_Django\.venv\Lib\site-packages\django\core\handlers\exception.py", line 55, in inner
    response = get_response(request)
               ^^^^^^^^^^^^^^^^^^^^^
  File "C:\GeekBrains\II_quarter\24_01_Django\.venv\Lib\site-packages\django\core\handlers\base.py", line 197, in _get_response
    response = wrapped_callback(request, *callback_args, **callback_kwargs)
               ^^^^^^^^^^^^^^^^^^^^^^^^^^^^^^^^^^^^^^^^^^^^^^^^^^^^^^^^^^^^
  File "C:\GeekBrains\II_quarter\24_01_Django\lectures\lect_1\lect_1_project\my_fourth_app\views.py", line 19, in user_form
    user = User
           ^^^^
NameError: name 'User' is not defined
ERROR 2024-01-22 21:34:07,701 basehttp 19580 14724 "POST /four/user/add/ HTTP/1.1" 500 67048
INFO 2024-01-22 21:34:47,826 autoreload 19580 18564 C:\GeekBrains\II_quarter\24_01_Django\lectures\lect_1\lect_1_project\my_fourth_app\views.py changed, reloading.
INFO 2024-01-22 21:34:48,160 autoreload 21064 22196 Watching for file changes with StatReloader
INFO 2024-01-22 21:35:13,825 autoreload 21064 22196 C:\GeekBrains\II_quarter\24_01_Django\lectures\lect_1\lect_1_project\my_fourth_app\views.py changed, reloading.
INFO 2024-01-22 21:35:14,146 autoreload 18176 17028 Watching for file changes with StatReloader
ERROR 2024-01-22 21:35:22,870 log 18176 10540 Internal Server Error: /four/user/add/
Traceback (most recent call last):
  File "C:\GeekBrains\II_quarter\24_01_Django\.venv\Lib\site-packages\django\db\models\fields\__init__.py", line 2112, in get_prep_value
    return int(value)
           ^^^^^^^^^^
ValueError: invalid literal for int() with base 10: 'Alex'

The above exception was the direct cause of the following exception:

Traceback (most recent call last):
  File "C:\GeekBrains\II_quarter\24_01_Django\.venv\Lib\site-packages\django\core\handlers\exception.py", line 55, in inner
    response = get_response(request)
               ^^^^^^^^^^^^^^^^^^^^^
  File "C:\GeekBrains\II_quarter\24_01_Django\.venv\Lib\site-packages\django\core\handlers\base.py", line 197, in _get_response
    response = wrapped_callback(request, *callback_args, **callback_kwargs)
               ^^^^^^^^^^^^^^^^^^^^^^^^^^^^^^^^^^^^^^^^^^^^^^^^^^^^^^^^^^^^
  File "C:\GeekBrains\II_quarter\24_01_Django\lectures\lect_1\lect_1_project\my_fourth_app\views.py", line 21, in user_form
    user.save()
  File "C:\GeekBrains\II_quarter\24_01_Django\.venv\Lib\site-packages\django\db\models\base.py", line 822, in save
    self.save_base(
  File "C:\GeekBrains\II_quarter\24_01_Django\.venv\Lib\site-packages\django\db\models\base.py", line 909, in save_base
    updated = self._save_table(
              ^^^^^^^^^^^^^^^^^
  File "C:\GeekBrains\II_quarter\24_01_Django\.venv\Lib\site-packages\django\db\models\base.py", line 1036, in _save_table
    updated = self._do_update(
              ^^^^^^^^^^^^^^^^
  File "C:\GeekBrains\II_quarter\24_01_Django\.venv\Lib\site-packages\django\db\models\base.py", line 1080, in _do_update
    filtered = base_qs.filter(pk=pk_val)
               ^^^^^^^^^^^^^^^^^^^^^^^^^
  File "C:\GeekBrains\II_quarter\24_01_Django\.venv\Lib\site-packages\django\db\models\query.py", line 1476, in filter
    return self._filter_or_exclude(False, args, kwargs)
           ^^^^^^^^^^^^^^^^^^^^^^^^^^^^^^^^^^^^^^^^^^^^
  File "C:\GeekBrains\II_quarter\24_01_Django\.venv\Lib\site-packages\django\db\models\query.py", line 1494, in _filter_or_exclude
    clone._filter_or_exclude_inplace(negate, args, kwargs)
  File "C:\GeekBrains\II_quarter\24_01_Django\.venv\Lib\site-packages\django\db\models\query.py", line 1501, in _filter_or_exclude_inplace
    self._query.add_q(Q(*args, **kwargs))
  File "C:\GeekBrains\II_quarter\24_01_Django\.venv\Lib\site-packages\django\db\models\sql\query.py", line 1602, in add_q
    clause, _ = self._add_q(q_object, self.used_aliases)
                ^^^^^^^^^^^^^^^^^^^^^^^^^^^^^^^^^^^^^^^^
  File "C:\GeekBrains\II_quarter\24_01_Django\.venv\Lib\site-packages\django\db\models\sql\query.py", line 1634, in _add_q
    child_clause, needed_inner = self.build_filter(
                                 ^^^^^^^^^^^^^^^^^^
  File "C:\GeekBrains\II_quarter\24_01_Django\.venv\Lib\site-packages\django\db\models\sql\query.py", line 1548, in build_filter
    condition = self.build_lookup(lookups, col, value)
                ^^^^^^^^^^^^^^^^^^^^^^^^^^^^^^^^^^^^^^
  File "C:\GeekBrains\II_quarter\24_01_Django\.venv\Lib\site-packages\django\db\models\sql\query.py", line 1378, in build_lookup
    lookup = lookup_class(lhs, rhs)
             ^^^^^^^^^^^^^^^^^^^^^^
  File "C:\GeekBrains\II_quarter\24_01_Django\.venv\Lib\site-packages\django\db\models\lookups.py", line 30, in __init__
    self.rhs = self.get_prep_lookup()
               ^^^^^^^^^^^^^^^^^^^^^^
  File "C:\GeekBrains\II_quarter\24_01_Django\.venv\Lib\site-packages\django\db\models\lookups.py", line 362, in get_prep_lookup
    return super().get_prep_lookup()
           ^^^^^^^^^^^^^^^^^^^^^^^^^
  File "C:\GeekBrains\II_quarter\24_01_Django\.venv\Lib\site-packages\django\db\models\lookups.py", line 88, in get_prep_lookup
    return self.lhs.output_field.get_prep_value(self.rhs)
           ^^^^^^^^^^^^^^^^^^^^^^^^^^^^^^^^^^^^^^^^^^^^^^
  File "C:\GeekBrains\II_quarter\24_01_Django\.venv\Lib\site-packages\django\db\models\fields\__init__.py", line 2114, in get_prep_value
    raise e.__class__(
ValueError: Field 'id' expected a number but got 'Alex'.
ERROR 2024-01-22 21:35:22,874 basehttp 18176 10540 "POST /four/user/add/ HTTP/1.1" 500 146239
INFO 2024-01-22 21:35:50,039 autoreload 18176 17028 C:\GeekBrains\II_quarter\24_01_Django\lectures\lect_1\lect_1_project\my_fourth_app\views.py changed, reloading.
INFO 2024-01-22 21:35:50,357 autoreload 17688 21988 Watching for file changes with StatReloader
INFO 2024-01-22 21:35:51,434 views 17688 9444  name ='Alex', email ='AEvlampev@1pku.ru', age =32.
INFO 2024-01-22 21:35:51,445 basehttp 17688 9444 "POST /four/user/add/ HTTP/1.1" 200 1061
INFO 2024-01-22 21:35:57,548 basehttp 17688 9444 "POST /four/user/add/ HTTP/1.1" 200 1179
ERROR 2024-01-22 21:36:01,927 log 17688 9444 Internal Server Error: /four/user/add/
Traceback (most recent call last):
  File "C:\GeekBrains\II_quarter\24_01_Django\.venv\Lib\site-packages\django\db\backends\utils.py", line 105, in _execute
    return self.cursor.execute(sql, params)
           ^^^^^^^^^^^^^^^^^^^^^^^^^^^^^^^^
  File "C:\GeekBrains\II_quarter\24_01_Django\.venv\Lib\site-packages\django\db\backends\sqlite3\base.py", line 328, in execute
    return super().execute(query, params)
           ^^^^^^^^^^^^^^^^^^^^^^^^^^^^^^
sqlite3.IntegrityError: UNIQUE constraint failed: my_fourth_app_user.email

The above exception was the direct cause of the following exception:

Traceback (most recent call last):
  File "C:\GeekBrains\II_quarter\24_01_Django\.venv\Lib\site-packages\django\core\handlers\exception.py", line 55, in inner
    response = get_response(request)
               ^^^^^^^^^^^^^^^^^^^^^
  File "C:\GeekBrains\II_quarter\24_01_Django\.venv\Lib\site-packages\django\core\handlers\base.py", line 197, in _get_response
    response = wrapped_callback(request, *callback_args, **callback_kwargs)
               ^^^^^^^^^^^^^^^^^^^^^^^^^^^^^^^^^^^^^^^^^^^^^^^^^^^^^^^^^^^^
  File "C:\GeekBrains\II_quarter\24_01_Django\lectures\lect_1\lect_1_project\my_fourth_app\views.py", line 21, in user_form
    user.save()
  File "C:\GeekBrains\II_quarter\24_01_Django\.venv\Lib\site-packages\django\db\models\base.py", line 822, in save
    self.save_base(
  File "C:\GeekBrains\II_quarter\24_01_Django\.venv\Lib\site-packages\django\db\models\base.py", line 909, in save_base
    updated = self._save_table(
              ^^^^^^^^^^^^^^^^^
  File "C:\GeekBrains\II_quarter\24_01_Django\.venv\Lib\site-packages\django\db\models\base.py", line 1067, in _save_table
    results = self._do_insert(
              ^^^^^^^^^^^^^^^^
  File "C:\GeekBrains\II_quarter\24_01_Django\.venv\Lib\site-packages\django\db\models\base.py", line 1108, in _do_insert
    return manager._insert(
           ^^^^^^^^^^^^^^^^
  File "C:\GeekBrains\II_quarter\24_01_Django\.venv\Lib\site-packages\django\db\models\manager.py", line 87, in manager_method
    return getattr(self.get_queryset(), name)(*args, **kwargs)
           ^^^^^^^^^^^^^^^^^^^^^^^^^^^^^^^^^^^^^^^^^^^^^^^^^^^
  File "C:\GeekBrains\II_quarter\24_01_Django\.venv\Lib\site-packages\django\db\models\query.py", line 1845, in _insert
    return query.get_compiler(using=using).execute_sql(returning_fields)
           ^^^^^^^^^^^^^^^^^^^^^^^^^^^^^^^^^^^^^^^^^^^^^^^^^^^^^^^^^^^^^
  File "C:\GeekBrains\II_quarter\24_01_Django\.venv\Lib\site-packages\django\db\models\sql\compiler.py", line 1823, in execute_sql
    cursor.execute(sql, params)
  File "C:\GeekBrains\II_quarter\24_01_Django\.venv\Lib\site-packages\django\db\backends\utils.py", line 122, in execute
    return super().execute(sql, params)
           ^^^^^^^^^^^^^^^^^^^^^^^^^^^^
  File "C:\GeekBrains\II_quarter\24_01_Django\.venv\Lib\site-packages\django\db\backends\utils.py", line 79, in execute
    return self._execute_with_wrappers(
           ^^^^^^^^^^^^^^^^^^^^^^^^^^^^
  File "C:\GeekBrains\II_quarter\24_01_Django\.venv\Lib\site-packages\django\db\backends\utils.py", line 92, in _execute_with_wrappers
    return executor(sql, params, many, context)
           ^^^^^^^^^^^^^^^^^^^^^^^^^^^^^^^^^^^^
  File "C:\GeekBrains\II_quarter\24_01_Django\.venv\Lib\site-packages\django\db\backends\utils.py", line 100, in _execute
    with self.db.wrap_database_errors:
  File "C:\GeekBrains\II_quarter\24_01_Django\.venv\Lib\site-packages\django\db\utils.py", line 91, in __exit__
    raise dj_exc_value.with_traceback(traceback) from exc_value
  File "C:\GeekBrains\II_quarter\24_01_Django\.venv\Lib\site-packages\django\db\backends\utils.py", line 105, in _execute
    return self.cursor.execute(sql, params)
           ^^^^^^^^^^^^^^^^^^^^^^^^^^^^^^^^
  File "C:\GeekBrains\II_quarter\24_01_Django\.venv\Lib\site-packages\django\db\backends\sqlite3\base.py", line 328, in execute
    return super().execute(query, params)
           ^^^^^^^^^^^^^^^^^^^^^^^^^^^^^^
django.db.utils.IntegrityError: UNIQUE constraint failed: my_fourth_app_user.email
ERROR 2024-01-22 21:36:01,932 basehttp 17688 9444 "POST /four/user/add/ HTTP/1.1" 500 147846
ERROR 2024-01-22 21:37:06,298 log 17688 9444 Internal Server Error: /four/user/add/
Traceback (most recent call last):
  File "C:\GeekBrains\II_quarter\24_01_Django\.venv\Lib\site-packages\django\db\backends\utils.py", line 105, in _execute
    return self.cursor.execute(sql, params)
           ^^^^^^^^^^^^^^^^^^^^^^^^^^^^^^^^
  File "C:\GeekBrains\II_quarter\24_01_Django\.venv\Lib\site-packages\django\db\backends\sqlite3\base.py", line 328, in execute
    return super().execute(query, params)
           ^^^^^^^^^^^^^^^^^^^^^^^^^^^^^^
sqlite3.IntegrityError: UNIQUE constraint failed: my_fourth_app_user.email

The above exception was the direct cause of the following exception:

Traceback (most recent call last):
  File "C:\GeekBrains\II_quarter\24_01_Django\.venv\Lib\site-packages\django\core\handlers\exception.py", line 55, in inner
    response = get_response(request)
               ^^^^^^^^^^^^^^^^^^^^^
  File "C:\GeekBrains\II_quarter\24_01_Django\.venv\Lib\site-packages\django\core\handlers\base.py", line 197, in _get_response
    response = wrapped_callback(request, *callback_args, **callback_kwargs)
               ^^^^^^^^^^^^^^^^^^^^^^^^^^^^^^^^^^^^^^^^^^^^^^^^^^^^^^^^^^^^
  File "C:\GeekBrains\II_quarter\24_01_Django\lectures\lect_1\lect_1_project\my_fourth_app\views.py", line 21, in user_form
    user.save()
  File "C:\GeekBrains\II_quarter\24_01_Django\.venv\Lib\site-packages\django\db\models\base.py", line 822, in save
    self.save_base(
  File "C:\GeekBrains\II_quarter\24_01_Django\.venv\Lib\site-packages\django\db\models\base.py", line 909, in save_base
    updated = self._save_table(
              ^^^^^^^^^^^^^^^^^
  File "C:\GeekBrains\II_quarter\24_01_Django\.venv\Lib\site-packages\django\db\models\base.py", line 1067, in _save_table
    results = self._do_insert(
              ^^^^^^^^^^^^^^^^
  File "C:\GeekBrains\II_quarter\24_01_Django\.venv\Lib\site-packages\django\db\models\base.py", line 1108, in _do_insert
    return manager._insert(
           ^^^^^^^^^^^^^^^^
  File "C:\GeekBrains\II_quarter\24_01_Django\.venv\Lib\site-packages\django\db\models\manager.py", line 87, in manager_method
    return getattr(self.get_queryset(), name)(*args, **kwargs)
           ^^^^^^^^^^^^^^^^^^^^^^^^^^^^^^^^^^^^^^^^^^^^^^^^^^^
  File "C:\GeekBrains\II_quarter\24_01_Django\.venv\Lib\site-packages\django\db\models\query.py", line 1845, in _insert
    return query.get_compiler(using=using).execute_sql(returning_fields)
           ^^^^^^^^^^^^^^^^^^^^^^^^^^^^^^^^^^^^^^^^^^^^^^^^^^^^^^^^^^^^^
  File "C:\GeekBrains\II_quarter\24_01_Django\.venv\Lib\site-packages\django\db\models\sql\compiler.py", line 1823, in execute_sql
    cursor.execute(sql, params)
  File "C:\GeekBrains\II_quarter\24_01_Django\.venv\Lib\site-packages\django\db\backends\utils.py", line 122, in execute
    return super().execute(sql, params)
           ^^^^^^^^^^^^^^^^^^^^^^^^^^^^
  File "C:\GeekBrains\II_quarter\24_01_Django\.venv\Lib\site-packages\django\db\backends\utils.py", line 79, in execute
    return self._execute_with_wrappers(
           ^^^^^^^^^^^^^^^^^^^^^^^^^^^^
  File "C:\GeekBrains\II_quarter\24_01_Django\.venv\Lib\site-packages\django\db\backends\utils.py", line 92, in _execute_with_wrappers
    return executor(sql, params, many, context)
           ^^^^^^^^^^^^^^^^^^^^^^^^^^^^^^^^^^^^
  File "C:\GeekBrains\II_quarter\24_01_Django\.venv\Lib\site-packages\django\db\backends\utils.py", line 100, in _execute
    with self.db.wrap_database_errors:
  File "C:\GeekBrains\II_quarter\24_01_Django\.venv\Lib\site-packages\django\db\utils.py", line 91, in __exit__
    raise dj_exc_value.with_traceback(traceback) from exc_value
  File "C:\GeekBrains\II_quarter\24_01_Django\.venv\Lib\site-packages\django\db\backends\utils.py", line 105, in _execute
    return self.cursor.execute(sql, params)
           ^^^^^^^^^^^^^^^^^^^^^^^^^^^^^^^^
  File "C:\GeekBrains\II_quarter\24_01_Django\.venv\Lib\site-packages\django\db\backends\sqlite3\base.py", line 328, in execute
    return super().execute(query, params)
           ^^^^^^^^^^^^^^^^^^^^^^^^^^^^^^
django.db.utils.IntegrityError: UNIQUE constraint failed: my_fourth_app_user.email
ERROR 2024-01-22 21:37:06,301 basehttp 17688 9444 "POST /four/user/add/ HTTP/1.1" 500 147846
INFO 2024-01-22 21:38:29,272 autoreload 17688 21988 C:\GeekBrains\II_quarter\24_01_Django\lectures\lect_1\lect_1_project\my_fourth_app\views.py changed, reloading.
INFO 2024-01-22 21:41:36,301 autoreload 20504 18336 Watching for file changes with StatReloader
INFO 2024-01-22 21:41:44,253 basehttp 20504 13092 "GET /four/user/add/ HTTP/1.1" 200 1011
INFO 2024-01-22 21:41:55,904 basehttp 20504 13092 "POST /four/user/add/ HTTP/1.1" 200 1182
INFO 2024-01-22 21:42:13,739 views 20504 13092  name ='', email ='Bad_Shuriks@1pku.ru', age =3.
INFO 2024-01-22 21:42:13,741 basehttp 20504 13092 "POST /four/user/add/ HTTP/1.1" 200 1066
INFO 2024-01-22 21:42:15,572 basehttp 20504 13092 "POST /four/user/add/ HTTP/1.1" 200 1011
INFO 2024-01-22 21:43:02,156 basehttp 20504 13092 "POST /four/user/add/ HTTP/1.1" 200 1011
INFO 2024-01-22 21:43:24,208 basehttp 20504 13092 "POST /four/user/add/ HTTP/1.1" 200 1011
INFO 2024-01-22 21:44:47,630 basehttp 20504 13092 "POST /four/user/add/ HTTP/1.1" 200 1011
INFO 2024-01-22 21:44:51,921 basehttp 20504 13092 "POST /four/user/add/ HTTP/1.1" 200 1011
WARNING 2024-01-22 21:44:51,968 log 20504 13092 Not Found: /favicon.ico
WARNING 2024-01-22 21:44:51,969 basehttp 20504 13092 "GET /favicon.ico HTTP/1.1" 404 2761
INFO 2024-01-22 21:44:56,292 basehttp 20504 13092 "POST /four/user/add/ HTTP/1.1" 200 1011
INFO 2024-01-22 21:48:41,341 autoreload 20504 18336 C:\GeekBrains\II_quarter\24_01_Django\lectures\lect_1\lect_1_project\my_fourth_app\views.py changed, reloading.
INFO 2024-01-22 21:48:41,685 autoreload 21544 3036 Watching for file changes with StatReloader
INFO 2024-01-22 21:49:10,422 autoreload 21544 3036 C:\GeekBrains\II_quarter\24_01_Django\lectures\lect_1\lect_1_project\my_fourth_app\views.py changed, reloading.
INFO 2024-01-22 21:49:10,742 autoreload 11748 19096 Watching for file changes with StatReloader
INFO 2024-01-22 21:49:28,731 basehttp 11748 15368 "POST /four/user/add/ HTTP/1.1" 200 1011
INFO 2024-01-22 21:52:00,548 views 11748 15368  name ='Alex', email ='AEvlamev@1pku.ru', age =3.
INFO 2024-01-22 21:52:00,551 basehttp 11748 15368 "POST /four/user/add/ HTTP/1.1" 200 1059
INFO 2024-01-22 21:52:03,222 basehttp 11748 15368 "POST /four/user/add/ HTTP/1.1" 200 1011
WARNING 2024-01-22 21:52:03,317 log 11748 15368 Not Found: /favicon.ico
WARNING 2024-01-22 21:52:03,317 basehttp 11748 15368 "GET /favicon.ico HTTP/1.1" 404 2761
INFO 2024-01-22 21:52:52,048 basehttp 11748 15368 "POST /four/user/add/ HTTP/1.1" 200 1011
INFO 2024-01-22 21:52:59,872 views 11748 15368  name ='', email ='AEvlmpev@1pku.ru', age =3.
INFO 2024-01-22 21:52:59,874 basehttp 11748 15368 "POST /four/user/add/ HTTP/1.1" 200 1073
INFO 2024-01-22 21:54:10,652 autoreload 11748 19096 C:\GeekBrains\II_quarter\24_01_Django\lectures\lect_1\lect_1_project\my_fourth_app\views.py changed, reloading.
INFO 2024-01-22 21:54:10,987 autoreload 21196 13840 Watching for file changes with StatReloader
INFO 2024-01-22 21:54:17,438 views 21196 1484  name ='', email ='AElmpev@1pku.ru', age =3.
INFO 2024-01-22 21:54:17,450 basehttp 21196 1484 "POST /four/user/add/ HTTP/1.1" 200 1123
INFO 2024-01-22 21:54:21,195 basehttp 21196 1484 "POST /four/user/add/ HTTP/1.1" 200 1053
INFO 2024-01-22 21:55:49,150 autoreload 21196 13840 C:\GeekBrains\II_quarter\24_01_Django\lectures\lect_1\lect_1_project\my_fourth_app\views.py changed, reloading.
INFO 2024-01-22 21:55:49,477 autoreload 18608 11364 Watching for file changes with StatReloader
INFO 2024-01-22 21:55:52,062 basehttp 18608 7224 "POST /four/user/add/ HTTP/1.1" 200 1053
INFO 2024-01-22 21:55:53,812 basehttp 18608 7224 "POST /four/user/add/ HTTP/1.1" 200 1053
WARNING 2024-01-22 21:55:53,897 log 18608 7224 Not Found: /favicon.ico
WARNING 2024-01-22 21:55:53,898 basehttp 18608 7224 "GET /favicon.ico HTTP/1.1" 404 2761
INFO 2024-01-22 21:56:05,388 views 18608 7224  name ='', email ='Alampev@1pku.ru', age =2.
INFO 2024-01-22 21:56:05,391 basehttp 18608 7224 "POST /four/user/add/ HTTP/1.1" 200 1123
INFO 2024-01-22 21:56:10,480 basehttp 18608 7224 "POST /four/user/add/ HTTP/1.1" 200 1053
INFO 2024-01-22 21:56:52,979 autoreload 18608 11364 C:\GeekBrains\II_quarter\24_01_Django\lectures\lect_1\lect_1_project\my_fourth_app\views.py changed, reloading.
INFO 2024-01-22 21:56:53,315 autoreload 14640 13192 Watching for file changes with StatReloader
INFO 2024-01-22 21:56:57,287 basehttp 14640 1476 "POST /four/user/add/ HTTP/1.1" 200 1116
INFO 2024-01-22 21:59:59,056 autoreload 14640 13192 C:\GeekBrains\II_quarter\24_01_Django\lectures\lect_1\lect_1_project\my_fourth_app\forms.py changed, reloading.
INFO 2024-01-22 21:59:59,378 autoreload 12776 2232 Watching for file changes with StatReloader
INFO 2024-01-22 22:00:27,092 autoreload 12776 2232 C:\GeekBrains\II_quarter\24_01_Django\lectures\lect_1\lect_1_project\my_fourth_app\forms.py changed, reloading.
INFO 2024-01-22 22:00:27,438 autoreload 7080 12304 Watching for file changes with StatReloader
INFO 2024-01-22 22:01:35,861 autoreload 7080 12304 C:\GeekBrains\II_quarter\24_01_Django\lectures\lect_1\lect_1_project\lect_1_project\settings.py changed, reloading.
INFO 2024-01-22 22:01:36,191 autoreload 4160 9080 Watching for file changes with StatReloader
INFO 2024-01-22 22:02:45,610 autoreload 4160 9080 C:\GeekBrains\II_quarter\24_01_Django\lectures\lect_1\lect_1_project\my_fourth_app\views.py changed, reloading.
INFO 2024-01-22 22:02:45,935 autoreload 9468 5600 Watching for file changes with StatReloader
INFO 2024-01-22 22:03:39,873 autoreload 9468 5600 C:\GeekBrains\II_quarter\24_01_Django\lectures\lect_1\lect_1_project\my_fourth_app\views.py changed, reloading.
INFO 2024-01-22 22:03:40,199 autoreload 3564 3196 Watching for file changes with StatReloader
INFO 2024-01-22 22:04:20,936 autoreload 3564 3196 C:\GeekBrains\II_quarter\24_01_Django\lectures\lect_1\lect_1_project\my_fourth_app\views.py changed, reloading.
INFO 2024-01-22 22:04:21,280 autoreload 3344 21324 Watching for file changes with StatReloader
