Watching for file changes with StatReloader
C:\GeekBrains\II_quarter\24_01_Django\lectures\lect_1\lect_1_project\myfirstapp\views.py changed, reloading.
Watching for file changes with StatReloader
C:\GeekBrains\II_quarter\24_01_Django\lectures\lect_1\lect_1_project\myfirstapp\views.py changed, reloading.
Watching for file changes with StatReloader
C:\GeekBrains\II_quarter\24_01_Django\lectures\lect_1\lect_1_project\myfirstapp\views.py changed, reloading.
Watching for file changes with StatReloader
"GET / HTTP/1.1" 200 13
"GET /about/ HTTP/1.1" 200 27
"GET / HTTP/1.1" 200 13
C:\GeekBrains\II_quarter\24_01_Django\lectures\lect_1\lect_1_project\lect_1_project\settings.py changed, reloading.
Watching for file changes with StatReloader
Watching for file changes with StatReloader
"GET /about/ HTTP/1.1" 200 27
"GET / HTTP/1.1" 200 13
C:\GeekBrains\II_quarter\24_01_Django\lectures\lect_1\lect_1_project\lect_1_project\settings.py changed, reloading.
Watching for file changes with StatReloader
Index page accessed
"GET / HTTP/1.1" 200 13
Error in about page: division by zero
Traceback (most recent call last):
  File "C:\GeekBrains\II_quarter\24_01_Django\lectures\lect_1\lect_1_project\myfirstapp\views.py", line 20, in about
    result = 1 / 0
             ~~^~~
ZeroDivisionError: division by zero
"GET /about/ HTTP/1.1" 200 27
C:\GeekBrains\II_quarter\24_01_Django\lectures\lect_1\lect_1_project\lect_1_project\settings.py changed, reloading.
Watching for file changes with StatReloader
C:\GeekBrains\II_quarter\24_01_Django\lectures\lect_1\lect_1_project\lect_1_project\settings.py changed, reloading.
Watching for file changes with StatReloader
C:\GeekBrains\II_quarter\24_01_Django\lectures\lect_1\lect_1_project\lect_1_project\settings.py changed, reloading.
INFO 2024-01-10 00:00:03,879 autoreload 12792 1468 Watching for file changes with StatReloader
INFO 2024-01-10 00:00:31,939 autoreload 19240 8800 Watching for file changes with StatReloader
INFO 2024-01-10 00:00:33,479 views 19240 8700 Index page accessed
INFO 2024-01-10 00:00:33,480 basehttp 19240 8700 "GET / HTTP/1.1" 200 13
ERROR 2024-01-10 00:00:40,400 views 19240 8700 Error in about page: division by zero
Traceback (most recent call last):
  File "C:\GeekBrains\II_quarter\24_01_Django\lectures\lect_1\lect_1_project\myfirstapp\views.py", line 20, in about
    result = 1 / 0
             ~~^~~
ZeroDivisionError: division by zero
INFO 2024-01-10 00:00:40,402 basehttp 19240 8700 "GET /about/ HTTP/1.1" 200 27
INFO 2024-01-15 16:58:41,812 autoreload 12316 9676 Watching for file changes with StatReloader
INFO 2024-01-15 17:04:32,597 autoreload 13656 12160 Watching for file changes with StatReloader
INFO 2024-01-15 17:06:12,532 autoreload 14308 4264 Watching for file changes with StatReloader
INFO 2024-01-15 17:06:14,241 views 14308 7376 Index page accessed
INFO 2024-01-15 17:06:14,244 basehttp 14308 7376 "GET / HTTP/1.1" 200 13
WARNING 2024-01-15 17:06:23,889 log 14308 7376 Not Found: /2
WARNING 2024-01-15 17:06:23,889 basehttp 14308 7376 "GET /2 HTTP/1.1" 404 2520
INFO 2024-01-15 17:06:30,278 basehttp 14308 7376 "GET /two HTTP/1.1" 301 0
INFO 2024-01-15 17:06:30,295 basehttp 14308 2828 "GET /two/ HTTP/1.1" 200 6
INFO 2024-01-15 17:07:06,538 autoreload 14308 4264 C:\Users\Aevlampev\PycharmProjects\24.01_Django\lectures\lect_1\lect_1_project\my_second_app\views.py changed, reloading.
INFO 2024-01-15 17:07:07,100 autoreload 2492 9892 Watching for file changes with StatReloader
INFO 2024-01-15 17:07:07,329 basehttp 2492 7176 "GET /two/ HTTP/1.1" 200 25
INFO 2024-01-15 17:09:58,433 autoreload 4680 9868 Watching for file changes with StatReloader
INFO 2024-01-15 17:12:35,985 autoreload 1528 8036 Watching for file changes with StatReloader
INFO 2024-01-15 17:12:53,209 views 1528 14316 Index page accessed
INFO 2024-01-15 17:12:53,210 basehttp 1528 14316 "GET / HTTP/1.1" 200 13
INFO 2024-01-15 17:12:58,384 basehttp 1528 14316 "GET /two/ HTTP/1.1" 200 25
INFO 2024-01-15 17:13:11,673 views 1528 14316 Index page accessed
INFO 2024-01-15 17:13:11,675 basehttp 1528 14316 "GET / HTTP/1.1" 200 13
INFO 2024-01-15 21:13:16,910 autoreload 20068 9432 Watching for file changes with StatReloader
INFO 2024-01-15 21:13:18,884 views 20068 17224 Index page accessed
INFO 2024-01-15 21:13:18,885 basehttp 20068 17224 "GET / HTTP/1.1" 200 13
INFO 2024-01-15 21:13:32,423 basehttp 20068 17224 "GET /two HTTP/1.1" 301 0
INFO 2024-01-15 21:13:32,428 basehttp 20068 9320 "GET /two/ HTTP/1.1" 200 25
INFO 2024-01-15 21:18:20,507 autoreload 12296 10040 Watching for file changes with StatReloader
INFO 2024-01-15 21:18:26,213 views 12296 10364 Index page accessed
INFO 2024-01-15 21:18:26,214 basehttp 12296 10364 "GET / HTTP/1.1" 200 13
INFO 2024-01-15 21:18:38,826 autoreload 21024 19872 Watching for file changes with StatReloader
INFO 2024-01-15 21:20:01,566 autoreload 15184 9040 Watching for file changes with StatReloader
INFO 2024-01-15 21:43:00,024 autoreload 8948 6484 Watching for file changes with StatReloader
INFO 2024-01-15 21:43:01,827 views 8948 2732 Index page accessed
INFO 2024-01-15 21:43:01,828 basehttp 8948 2732 "GET / HTTP/1.1" 200 13
INFO 2024-01-15 21:44:10,373 autoreload 8948 6484 C:\GeekBrains\II_quarter\24_01_Django\lectures\lect_1\lect_1_project\my_second_app\models.py changed, reloading.
INFO 2024-01-15 21:44:10,687 autoreload 21540 3000 Watching for file changes with StatReloader
INFO 2024-01-15 21:53:47,691 autoreload 14372 20152 Watching for file changes with StatReloader
INFO 2024-01-15 21:53:49,612 views 14372 18620 Index page accessed
INFO 2024-01-15 21:53:49,612 basehttp 14372 18620 "GET / HTTP/1.1" 200 13
INFO 2024-01-17 09:59:48,563 autoreload 10776 14244 Watching for file changes with StatReloader
INFO 2024-01-17 10:01:00,367 autoreload 10776 14244 C:\Users\Aevlampev\PycharmProjects\24.01_Django\lectures\lect_1\lect_1_project\lect_1_project\settings.py changed, reloading.
INFO 2024-01-17 10:01:02,590 autoreload 14760 11280 Watching for file changes with StatReloader
INFO 2024-01-17 10:04:44,971 autoreload 14760 11280 C:\Users\Aevlampev\PycharmProjects\24.01_Django\lectures\lect_1\lect_1_project\my_first_app\apps.py changed, reloading.
INFO 2024-01-17 10:04:45,474 autoreload 7776 8108 Watching for file changes with StatReloader
INFO 2024-01-17 10:04:47,377 autoreload 14944 4596 Watching for file changes with StatReloader
INFO 2024-01-17 10:05:06,574 autoreload 14944 4596 C:\Users\Aevlampev\PycharmProjects\24.01_Django\lectures\lect_1\lect_1_project\my_third_app\urls.py changed, reloading.
INFO 2024-01-17 10:05:07,062 autoreload 10956 5500 Watching for file changes with StatReloader
INFO 2024-01-17 10:05:09,445 autoreload 14108 6292 Watching for file changes with StatReloader
WARNING 2024-01-17 10:05:15,338 log 14108 4952 Not Found: /edit_judges/
WARNING 2024-01-17 10:05:15,339 basehttp 14108 4952 "GET /edit_judges/ HTTP/1.1" 404 2659
INFO 2024-01-17 10:05:31,542 basehttp 14108 4952 "GET /three/hello HTTP/1.1" 301 0
INFO 2024-01-17 10:05:31,561 basehttp 14108 15088 "GET /three/hello/ HTTP/1.1" 200 26
WARNING 2024-01-17 10:05:36,636 log 14108 15088 Not Found: /three/hello2/
WARNING 2024-01-17 10:05:36,638 basehttp 14108 15088 "GET /three/hello2/ HTTP/1.1" 404 2903
INFO 2024-01-17 10:05:47,206 autoreload 14108 6292 C:\Users\Aevlampev\PycharmProjects\24.01_Django\lectures\lect_1\lect_1_project\my_third_app\urls.py changed, reloading.
INFO 2024-01-17 10:05:47,762 autoreload 6860 12400 Watching for file changes with StatReloader
INFO 2024-01-17 10:05:48,070 basehttp 6860 14684 "GET /three/hello2/ HTTP/1.1" 200 22
INFO 2024-01-17 10:07:47,625 views 6860 14852 Index page accessed
INFO 2024-01-17 10:07:47,627 basehttp 6860 14852 "GET / HTTP/1.1" 200 13
WARNING 2024-01-17 10:07:56,284 log 6860 14852 Not Found: /three
WARNING 2024-01-17 10:07:56,284 basehttp 6860 14852 "GET /three HTTP/1.1" 404 2638
WARNING 2024-01-17 10:08:20,189 log 6860 14852 Not Found: /three/
WARNING 2024-01-17 10:08:20,189 basehttp 6860 14852 "GET /three/ HTTP/1.1" 404 2883
INFO 2024-01-17 10:09:16,383 basehttp 6860 14852 "GET /three/hello2 HTTP/1.1" 301 0
INFO 2024-01-17 10:09:16,396 basehttp 6860 7976 "GET /three/hello2/ HTTP/1.1" 200 22
INFO 2024-01-17 10:10:24,041 autoreload 6860 12400 C:\Users\Aevlampev\PycharmProjects\24.01_Django\lectures\lect_1\lect_1_project\my_third_app\urls.py changed, reloading.
INFO 2024-01-17 10:10:24,582 autoreload 9248 2460 Watching for file changes with StatReloader
INFO 2024-01-17 10:11:18,064 autoreload 9248 2460 C:\Users\Aevlampev\PycharmProjects\24.01_Django\lectures\lect_1\lect_1_project\my_third_app\urls.py changed, reloading.
INFO 2024-01-17 10:11:18,590 autoreload 11900 14544 Watching for file changes with StatReloader
INFO 2024-01-17 10:11:33,583 autoreload 11900 14544 C:\Users\Aevlampev\PycharmProjects\24.01_Django\lectures\lect_1\lect_1_project\my_third_app\urls.py changed, reloading.
INFO 2024-01-17 10:11:34,184 autoreload 3992 3552 Watching for file changes with StatReloader
INFO 2024-01-17 10:19:41,145 autoreload 3992 3552 C:\Users\Aevlampev\PycharmProjects\24.01_Django\lectures\lect_1\lect_1_project\my_third_app\views.py changed, reloading.
INFO 2024-01-17 10:19:41,684 autoreload 8956 15272 Watching for file changes with StatReloader
INFO 2024-01-17 10:21:02,224 autoreload 8956 15272 C:\Users\Aevlampev\PycharmProjects\24.01_Django\lectures\lect_1\lect_1_project\my_third_app\views.py changed, reloading.
INFO 2024-01-17 10:21:02,859 autoreload 7064 12272 Watching for file changes with StatReloader
INFO 2024-01-17 10:22:06,377 autoreload 7064 12272 C:\Users\Aevlampev\PycharmProjects\24.01_Django\lectures\lect_1\lect_1_project\my_third_app\views.py changed, reloading.
INFO 2024-01-17 10:22:06,851 autoreload 12944 9976 Watching for file changes with StatReloader
INFO 2024-01-17 10:22:39,968 autoreload 12944 9976 C:\Users\Aevlampev\PycharmProjects\24.01_Django\lectures\lect_1\lect_1_project\my_third_app\views.py changed, reloading.
INFO 2024-01-17 10:22:40,431 autoreload 14900 10276 Watching for file changes with StatReloader
INFO 2024-01-17 10:24:09,417 autoreload 14900 10276 C:\Users\Aevlampev\PycharmProjects\24.01_Django\lectures\lect_1\lect_1_project\my_third_app\views.py changed, reloading.
INFO 2024-01-17 10:24:09,918 autoreload 6360 8480 Watching for file changes with StatReloader
INFO 2024-01-17 10:24:18,546 autoreload 6360 8480 C:\Users\Aevlampev\PycharmProjects\24.01_Django\lectures\lect_1\lect_1_project\my_third_app\views.py changed, reloading.
INFO 2024-01-17 10:24:19,074 autoreload 14704 14684 Watching for file changes with StatReloader
INFO 2024-01-17 10:24:55,274 autoreload 14704 14684 C:\Users\Aevlampev\PycharmProjects\24.01_Django\lectures\lect_1\lect_1_project\my_third_app\views.py changed, reloading.
INFO 2024-01-17 10:24:55,807 autoreload 11612 8776 Watching for file changes with StatReloader
INFO 2024-01-17 10:25:39,824 autoreload 11612 8776 C:\Users\Aevlampev\PycharmProjects\24.01_Django\lectures\lect_1\lect_1_project\my_third_app\views.py changed, reloading.
INFO 2024-01-17 10:25:40,339 autoreload 11204 12660 Watching for file changes with StatReloader
INFO 2024-01-17 10:26:04,839 autoreload 11204 12660 C:\Users\Aevlampev\PycharmProjects\24.01_Django\lectures\lect_1\lect_1_project\my_third_app\views.py changed, reloading.
INFO 2024-01-17 10:26:05,311 autoreload 1724 8904 Watching for file changes with StatReloader
INFO 2024-01-17 10:26:33,078 autoreload 1724 8904 C:\Users\Aevlampev\PycharmProjects\24.01_Django\lectures\lect_1\lect_1_project\my_third_app\views.py changed, reloading.
INFO 2024-01-17 10:26:33,536 autoreload 9820 12976 Watching for file changes with StatReloader
INFO 2024-01-17 10:27:46,553 autoreload 9820 12976 C:\Users\Aevlampev\PycharmProjects\24.01_Django\lectures\lect_1\lect_1_project\my_third_app\views.py changed, reloading.
INFO 2024-01-17 10:27:46,998 autoreload 9072 9244 Watching for file changes with StatReloader
INFO 2024-01-17 10:28:08,118 autoreload 9072 9244 C:\Users\Aevlampev\PycharmProjects\24.01_Django\lectures\lect_1\lect_1_project\my_third_app\urls.py changed, reloading.
INFO 2024-01-17 10:28:08,549 autoreload 12404 10212 Watching for file changes with StatReloader
INFO 2024-01-17 10:28:13,005 basehttp 12404 14484 "GET /three/hello2/ HTTP/1.1" 200 22
WARNING 2024-01-17 10:28:20,457 log 12404 14484 Not Found: /posts/
WARNING 2024-01-17 10:28:20,458 basehttp 12404 14484 "GET /posts/ HTTP/1.1" 404 2641
WARNING 2024-01-17 10:28:31,101 log 12404 14484 Not Found: /three/posts/
WARNING 2024-01-17 10:28:31,102 basehttp 12404 14484 "GET /three/posts/ HTTP/1.1" 404 3327
INFO 2024-01-17 10:28:41,505 basehttp 12404 14484 "GET /three/posts/2024/ HTTP/1.1" 200 19
WARNING 2024-01-17 10:29:13,188 log 12404 14484 Not Found: /three/posts/2024/3/
WARNING 2024-01-17 10:29:13,189 basehttp 12404 14484 "GET /three/posts/2024/3/ HTTP/1.1" 404 3348
INFO 2024-01-17 10:29:48,542 autoreload 12404 10212 C:\Users\Aevlampev\PycharmProjects\24.01_Django\lectures\lect_1\lect_1_project\my_third_app\urls.py changed, reloading.
INFO 2024-01-17 10:29:49,026 autoreload 10260 11416 Watching for file changes with StatReloader
INFO 2024-01-17 10:29:58,969 autoreload 10260 11416 C:\Users\Aevlampev\PycharmProjects\24.01_Django\lectures\lect_1\lect_1_project\my_third_app\urls.py changed, reloading.
INFO 2024-01-17 10:29:59,522 autoreload 7536 12312 Watching for file changes with StatReloader
INFO 2024-01-17 10:30:03,877 basehttp 7536 10556 "GET /three/posts/2024/3/ HTTP/1.1" 200 20
INFO 2024-01-17 10:30:56,970 autoreload 7536 12312 C:\Users\Aevlampev\PycharmProjects\24.01_Django\lectures\lect_1\lect_1_project\my_third_app\views.py changed, reloading.
INFO 2024-01-17 10:30:57,395 autoreload 4688 7448 Watching for file changes with StatReloader
INFO 2024-01-17 10:32:49,572 autoreload 4688 7448 C:\Users\Aevlampev\PycharmProjects\24.01_Django\lectures\lect_1\lect_1_project\my_third_app\views.py changed, reloading.
INFO 2024-01-17 10:32:50,079 autoreload 14952 13968 Watching for file changes with StatReloader
INFO 2024-01-17 10:33:07,674 autoreload 14952 13968 C:\Users\Aevlampev\PycharmProjects\24.01_Django\lectures\lect_1\lect_1_project\my_third_app\views.py changed, reloading.
INFO 2024-01-17 10:33:08,191 autoreload 12588 15288 Watching for file changes with StatReloader
INFO 2024-01-17 10:35:20,429 autoreload 12588 15288 C:\Users\Aevlampev\PycharmProjects\24.01_Django\lectures\lect_1\lect_1_project\my_third_app\views.py changed, reloading.
INFO 2024-01-17 10:35:20,907 autoreload 8748 12200 Watching for file changes with StatReloader
INFO 2024-01-17 10:35:55,941 basehttp 8748 12992 "GET /three/posts/2024/3/pyt HTTP/1.1" 301 0
INFO 2024-01-17 10:35:55,958 basehttp 8748 10280 "GET /three/posts/2024/3/pyt/ HTTP/1.1" 200 357
INFO 2024-01-17 10:39:08,355 autoreload 8748 12200 C:\Users\Aevlampev\PycharmProjects\24.01_Django\lectures\lect_1\lect_1_project\my_third_app\views.py changed, reloading.
INFO 2024-01-17 10:39:08,942 autoreload 7064 13284 Watching for file changes with StatReloader
INFO 2024-01-18 16:58:20,011 autoreload 2384 9544 Watching for file changes with StatReloader
INFO 2024-01-18 16:58:22,394 views 2384 5008 Index page accessed
INFO 2024-01-18 16:58:22,397 basehttp 2384 5008 "GET / HTTP/1.1" 200 13
WARNING 2024-01-18 16:58:22,919 log 2384 5008 Not Found: /favicon.ico
WARNING 2024-01-18 16:58:22,930 basehttp 2384 5008 "GET /favicon.ico HTTP/1.1" 404 2656
WARNING 2024-01-18 16:59:10,909 log 2384 1624 Not Found: /posts
WARNING 2024-01-18 16:59:10,910 basehttp 2384 1624 "GET /posts HTTP/1.1" 404 2638
WARNING 2024-01-18 16:59:16,017 log 2384 1624 Not Found: /posts/
WARNING 2024-01-18 16:59:16,017 basehttp 2384 1624 "GET /posts/ HTTP/1.1" 404 2641
WARNING 2024-01-18 16:59:31,475 log 2384 15336 Not Found: /three/posts/
WARNING 2024-01-18 16:59:31,477 basehttp 2384 15336 "GET /three/posts/ HTTP/1.1" 404 3540
INFO 2024-01-18 16:59:37,920 basehttp 2384 15624 "GET /three/posts/2/5 HTTP/1.1" 301 0
INFO 2024-01-18 16:59:37,943 basehttp 2384 400 "GET /three/posts/2/5/ HTTP/1.1" 200 17
INFO 2024-01-18 16:59:43,484 basehttp 2384 400 "GET /three/posts/2/5/pt HTTP/1.1" 301 0
INFO 2024-01-18 16:59:43,498 basehttp 2384 11476 "GET /three/posts/2/5/pt/ HTTP/1.1" 200 353
INFO 2024-01-18 17:00:06,216 basehttp 2384 6784 "GET /three/posts/2022 HTTP/1.1" 301 0
INFO 2024-01-18 17:00:06,227 basehttp 2384 10016 "GET /three/posts/2022/ HTTP/1.1" 200 19
INFO 2024-01-18 17:02:11,436 basehttp 2384 15264 "GET /three/posts/2022/3/4 HTTP/1.1" 301 0
INFO 2024-01-18 17:02:11,465 basehttp 2384 11232 "GET /three/posts/2022/3/4/ HTTP/1.1" 200 355
INFO 2024-01-18 17:03:13,987 basehttp 2384 5944 "GET /three/posts/2022/3/4/ HTTP/1.1" 200 355
WARNING 2024-01-18 17:03:14,085 log 2384 5944 Not Found: /favicon.ico
WARNING 2024-01-18 17:03:14,087 basehttp 2384 5944 "GET /favicon.ico HTTP/1.1" 404 2656
INFO 2024-01-18 17:10:47,772 autoreload 2384 9544 C:\Users\Aevlampev\PycharmProjects\24.01_Django\lectures\lect_1\lect_1_project\my_third_app\views.py changed, reloading.
INFO 2024-01-18 17:10:48,462 autoreload 6944 12040 Watching for file changes with StatReloader
INFO 2024-01-18 17:12:55,791 autoreload 6944 12040 C:\Users\Aevlampev\PycharmProjects\24.01_Django\lectures\lect_1\lect_1_project\my_third_app\views.py changed, reloading.
INFO 2024-01-18 17:12:56,290 autoreload 10128 15524 Watching for file changes with StatReloader
INFO 2024-01-18 17:13:24,001 autoreload 10128 15524 C:\Users\Aevlampev\PycharmProjects\24.01_Django\lectures\lect_1\lect_1_project\my_third_app\views.py changed, reloading.
INFO 2024-01-18 17:13:24,511 autoreload 13308 2900 Watching for file changes with StatReloader
INFO 2024-01-18 17:14:04,894 autoreload 13308 2900 C:\Users\Aevlampev\PycharmProjects\24.01_Django\lectures\lect_1\lect_1_project\my_third_app\urls.py changed, reloading.
INFO 2024-01-18 17:14:05,435 autoreload 4808 4932 Watching for file changes with StatReloader
INFO 2024-01-18 17:15:02,839 autoreload 4808 4932 C:\Users\Aevlampev\PycharmProjects\24.01_Django\lectures\lect_1\lect_1_project\my_third_app\urls.py changed, reloading.
INFO 2024-01-18 17:15:03,310 autoreload 8544 3172 Watching for file changes with StatReloader
INFO 2024-01-18 17:15:23,589 autoreload 8544 3172 C:\Users\Aevlampev\PycharmProjects\24.01_Django\lectures\lect_1\lect_1_project\my_third_app\urls.py changed, reloading.
INFO 2024-01-18 17:15:24,067 autoreload 12160 2680 Watching for file changes with StatReloader
ERROR 2024-01-18 17:15:26,218 log 12160 1072 Internal Server Error: /three/
Traceback (most recent call last):
  File "C:\Users\Aevlampev\PycharmProjects\24.01_Django\.venv\Lib\site-packages\django\core\handlers\exception.py", line 55, in inner
    response = get_response(request)
               ^^^^^^^^^^^^^^^^^^^^^
  File "C:\Users\Aevlampev\PycharmProjects\24.01_Django\.venv\Lib\site-packages\django\core\handlers\base.py", line 197, in _get_response
    response = wrapped_callback(request, *callback_args, **callback_kwargs)
               ^^^^^^^^^^^^^^^^^^^^^^^^^^^^^^^^^^^^^^^^^^^^^^^^^^^^^^^^^^^^
  File "C:\Users\Aevlampev\PycharmProjects\24.01_Django\lectures\lect_1\lect_1_project\my_third_app\views.py", line 51, in my_view
    return render(request, 'my_third_app/template_from_app.html', context=data)
           ^^^^^^^^^^^^^^^^^^^^^^^^^^^^^^^^^^^^^^^^^^^^^^^^^^^^^^^^^^^^^^^^^^^^
  File "C:\Users\Aevlampev\PycharmProjects\24.01_Django\.venv\Lib\site-packages\django\shortcuts.py", line 24, in render
    content = loader.render_to_string(template_name, context, request, using=using)
              ^^^^^^^^^^^^^^^^^^^^^^^^^^^^^^^^^^^^^^^^^^^^^^^^^^^^^^^^^^^^^^^^^^^^^
  File "C:\Users\Aevlampev\PycharmProjects\24.01_Django\.venv\Lib\site-packages\django\template\loader.py", line 61, in render_to_string
    template = get_template(template_name, using=using)
               ^^^^^^^^^^^^^^^^^^^^^^^^^^^^^^^^^^^^^^^^
  File "C:\Users\Aevlampev\PycharmProjects\24.01_Django\.venv\Lib\site-packages\django\template\loader.py", line 19, in get_template
    raise TemplateDoesNotExist(template_name, chain=chain)
django.template.exceptions.TemplateDoesNotExist: my_third_app/template_from_app.html
ERROR 2024-01-18 17:15:26,221 basehttp 12160 1072 "GET /three/ HTTP/1.1" 500 79234
INFO 2024-01-18 17:17:37,884 autoreload 12160 2680 C:\Users\Aevlampev\PycharmProjects\24.01_Django\lectures\lect_1\lect_1_project\my_third_app\urls.py changed, reloading.
INFO 2024-01-18 17:17:38,446 autoreload 7660 13964 Watching for file changes with StatReloader
INFO 2024-01-18 17:17:43,579 views 7660 8460 Index page accessed
INFO 2024-01-18 17:17:43,581 basehttp 7660 8460 "GET / HTTP/1.1" 200 13
INFO 2024-01-18 17:18:08,896 autoreload 7660 13964 C:\Users\Aevlampev\PycharmProjects\24.01_Django\lectures\lect_1\lect_1_project\my_third_app\urls.py changed, reloading.
INFO 2024-01-18 17:18:09,363 autoreload 12112 12816 Watching for file changes with StatReloader
INFO 2024-01-18 17:18:09,523 views 12112 10052 Index page accessed
INFO 2024-01-18 17:18:09,523 basehttp 12112 10052 "GET / HTTP/1.1" 200 13
WARNING 2024-01-18 17:18:14,935 log 12112 10052 Not Found: /three/
WARNING 2024-01-18 17:18:14,936 basehttp 12112 10052 "GET /three/ HTTP/1.1" 404 3690
INFO 2024-01-18 17:18:26,726 autoreload 12112 12816 C:\Users\Aevlampev\PycharmProjects\24.01_Django\lectures\lect_1\lect_1_project\my_third_app\urls.py changed, reloading.
INFO 2024-01-18 17:18:27,226 autoreload 1780 5068 Watching for file changes with StatReloader
ERROR 2024-01-18 17:18:27,599 log 1780 11196 Internal Server Error: /three/
Traceback (most recent call last):
  File "C:\Users\Aevlampev\PycharmProjects\24.01_Django\.venv\Lib\site-packages\django\core\handlers\exception.py", line 55, in inner
    response = get_response(request)
               ^^^^^^^^^^^^^^^^^^^^^
  File "C:\Users\Aevlampev\PycharmProjects\24.01_Django\.venv\Lib\site-packages\django\core\handlers\base.py", line 197, in _get_response
    response = wrapped_callback(request, *callback_args, **callback_kwargs)
               ^^^^^^^^^^^^^^^^^^^^^^^^^^^^^^^^^^^^^^^^^^^^^^^^^^^^^^^^^^^^
  File "C:\Users\Aevlampev\PycharmProjects\24.01_Django\lectures\lect_1\lect_1_project\my_third_app\views.py", line 51, in my_view
    return render(request, 'my_third_app/template_from_app.html', context=data)
           ^^^^^^^^^^^^^^^^^^^^^^^^^^^^^^^^^^^^^^^^^^^^^^^^^^^^^^^^^^^^^^^^^^^^
  File "C:\Users\Aevlampev\PycharmProjects\24.01_Django\.venv\Lib\site-packages\django\shortcuts.py", line 24, in render
    content = loader.render_to_string(template_name, context, request, using=using)
              ^^^^^^^^^^^^^^^^^^^^^^^^^^^^^^^^^^^^^^^^^^^^^^^^^^^^^^^^^^^^^^^^^^^^^
  File "C:\Users\Aevlampev\PycharmProjects\24.01_Django\.venv\Lib\site-packages\django\template\loader.py", line 61, in render_to_string
    template = get_template(template_name, using=using)
               ^^^^^^^^^^^^^^^^^^^^^^^^^^^^^^^^^^^^^^^^
  File "C:\Users\Aevlampev\PycharmProjects\24.01_Django\.venv\Lib\site-packages\django\template\loader.py", line 19, in get_template
    raise TemplateDoesNotExist(template_name, chain=chain)
django.template.exceptions.TemplateDoesNotExist: my_third_app/template_from_app.html
ERROR 2024-01-18 17:18:27,602 basehttp 1780 11196 "GET /three/ HTTP/1.1" 500 79234
ERROR 2024-01-18 17:18:52,229 log 1780 11196 Internal Server Error: /three/
Traceback (most recent call last):
  File "C:\Users\Aevlampev\PycharmProjects\24.01_Django\.venv\Lib\site-packages\django\core\handlers\exception.py", line 55, in inner
    response = get_response(request)
               ^^^^^^^^^^^^^^^^^^^^^
  File "C:\Users\Aevlampev\PycharmProjects\24.01_Django\.venv\Lib\site-packages\django\core\handlers\base.py", line 197, in _get_response
    response = wrapped_callback(request, *callback_args, **callback_kwargs)
               ^^^^^^^^^^^^^^^^^^^^^^^^^^^^^^^^^^^^^^^^^^^^^^^^^^^^^^^^^^^^
  File "C:\Users\Aevlampev\PycharmProjects\24.01_Django\lectures\lect_1\lect_1_project\my_third_app\views.py", line 51, in my_view
    return render(request, 'my_third_app/template_from_app.html', context=data)
           ^^^^^^^^^^^^^^^^^^^^^^^^^^^^^^^^^^^^^^^^^^^^^^^^^^^^^^^^^^^^^^^^^^^^
  File "C:\Users\Aevlampev\PycharmProjects\24.01_Django\.venv\Lib\site-packages\django\shortcuts.py", line 24, in render
    content = loader.render_to_string(template_name, context, request, using=using)
              ^^^^^^^^^^^^^^^^^^^^^^^^^^^^^^^^^^^^^^^^^^^^^^^^^^^^^^^^^^^^^^^^^^^^^
  File "C:\Users\Aevlampev\PycharmProjects\24.01_Django\.venv\Lib\site-packages\django\template\loader.py", line 61, in render_to_string
    template = get_template(template_name, using=using)
               ^^^^^^^^^^^^^^^^^^^^^^^^^^^^^^^^^^^^^^^^
  File "C:\Users\Aevlampev\PycharmProjects\24.01_Django\.venv\Lib\site-packages\django\template\loader.py", line 19, in get_template
    raise TemplateDoesNotExist(template_name, chain=chain)
django.template.exceptions.TemplateDoesNotExist: my_third_app/template_from_app.html
ERROR 2024-01-18 17:18:52,232 basehttp 1780 11196 "GET /three/ HTTP/1.1" 500 79234
ERROR 2024-01-18 17:18:54,593 log 1780 11196 Internal Server Error: /three/
Traceback (most recent call last):
  File "C:\Users\Aevlampev\PycharmProjects\24.01_Django\.venv\Lib\site-packages\django\core\handlers\exception.py", line 55, in inner
    response = get_response(request)
               ^^^^^^^^^^^^^^^^^^^^^
  File "C:\Users\Aevlampev\PycharmProjects\24.01_Django\.venv\Lib\site-packages\django\core\handlers\base.py", line 197, in _get_response
    response = wrapped_callback(request, *callback_args, **callback_kwargs)
               ^^^^^^^^^^^^^^^^^^^^^^^^^^^^^^^^^^^^^^^^^^^^^^^^^^^^^^^^^^^^
  File "C:\Users\Aevlampev\PycharmProjects\24.01_Django\lectures\lect_1\lect_1_project\my_third_app\views.py", line 51, in my_view
    return render(request, 'my_third_app/template_from_app.html', context=data)
           ^^^^^^^^^^^^^^^^^^^^^^^^^^^^^^^^^^^^^^^^^^^^^^^^^^^^^^^^^^^^^^^^^^^^
  File "C:\Users\Aevlampev\PycharmProjects\24.01_Django\.venv\Lib\site-packages\django\shortcuts.py", line 24, in render
    content = loader.render_to_string(template_name, context, request, using=using)
              ^^^^^^^^^^^^^^^^^^^^^^^^^^^^^^^^^^^^^^^^^^^^^^^^^^^^^^^^^^^^^^^^^^^^^
  File "C:\Users\Aevlampev\PycharmProjects\24.01_Django\.venv\Lib\site-packages\django\template\loader.py", line 61, in render_to_string
    template = get_template(template_name, using=using)
               ^^^^^^^^^^^^^^^^^^^^^^^^^^^^^^^^^^^^^^^^
  File "C:\Users\Aevlampev\PycharmProjects\24.01_Django\.venv\Lib\site-packages\django\template\loader.py", line 19, in get_template
    raise TemplateDoesNotExist(template_name, chain=chain)
django.template.exceptions.TemplateDoesNotExist: my_third_app/template_from_app.html
ERROR 2024-01-18 17:18:54,595 basehttp 1780 11196 "GET /three/ HTTP/1.1" 500 79234
INFO 2024-01-18 17:20:35,869 autoreload 1780 5068 C:\Users\Aevlampev\PycharmProjects\24.01_Django\lectures\lect_1\lect_1_project\my_third_app\urls.py changed, reloading.
INFO 2024-01-18 17:20:36,374 autoreload 1736 16072 Watching for file changes with StatReloader
ERROR 2024-01-18 17:20:36,671 log 1736 9836 Internal Server Error: /three/
Traceback (most recent call last):
  File "C:\Users\Aevlampev\PycharmProjects\24.01_Django\.venv\Lib\site-packages\django\core\handlers\exception.py", line 55, in inner
    response = get_response(request)
               ^^^^^^^^^^^^^^^^^^^^^
  File "C:\Users\Aevlampev\PycharmProjects\24.01_Django\.venv\Lib\site-packages\django\core\handlers\base.py", line 197, in _get_response
    response = wrapped_callback(request, *callback_args, **callback_kwargs)
               ^^^^^^^^^^^^^^^^^^^^^^^^^^^^^^^^^^^^^^^^^^^^^^^^^^^^^^^^^^^^
  File "C:\Users\Aevlampev\PycharmProjects\24.01_Django\lectures\lect_1\lect_1_project\my_third_app\views.py", line 51, in my_view
    return render(request, 'my_third_app/template_from_app.html', context=data)
           ^^^^^^^^^^^^^^^^^^^^^^^^^^^^^^^^^^^^^^^^^^^^^^^^^^^^^^^^^^^^^^^^^^^^
  File "C:\Users\Aevlampev\PycharmProjects\24.01_Django\.venv\Lib\site-packages\django\shortcuts.py", line 24, in render
    content = loader.render_to_string(template_name, context, request, using=using)
              ^^^^^^^^^^^^^^^^^^^^^^^^^^^^^^^^^^^^^^^^^^^^^^^^^^^^^^^^^^^^^^^^^^^^^
  File "C:\Users\Aevlampev\PycharmProjects\24.01_Django\.venv\Lib\site-packages\django\template\loader.py", line 61, in render_to_string
    template = get_template(template_name, using=using)
               ^^^^^^^^^^^^^^^^^^^^^^^^^^^^^^^^^^^^^^^^
  File "C:\Users\Aevlampev\PycharmProjects\24.01_Django\.venv\Lib\site-packages\django\template\loader.py", line 19, in get_template
    raise TemplateDoesNotExist(template_name, chain=chain)
django.template.exceptions.TemplateDoesNotExist: my_third_app/template_from_app.html
ERROR 2024-01-18 17:20:36,674 basehttp 1736 9836 "GET /three/ HTTP/1.1" 500 79234
INFO 2024-01-18 17:21:25,785 autoreload 1736 16072 C:\Users\Aevlampev\PycharmProjects\24.01_Django\lectures\lect_1\lect_1_project\my_third_app\urls.py changed, reloading.
INFO 2024-01-18 17:21:26,291 autoreload 16368 948 Watching for file changes with StatReloader
ERROR 2024-01-18 17:22:17,039 log 16368 15796 Internal Server Error: /three/
Traceback (most recent call last):
  File "C:\Users\Aevlampev\PycharmProjects\24.01_Django\.venv\Lib\site-packages\django\core\handlers\exception.py", line 55, in inner
    response = get_response(request)
               ^^^^^^^^^^^^^^^^^^^^^
  File "C:\Users\Aevlampev\PycharmProjects\24.01_Django\.venv\Lib\site-packages\django\core\handlers\base.py", line 197, in _get_response
    response = wrapped_callback(request, *callback_args, **callback_kwargs)
               ^^^^^^^^^^^^^^^^^^^^^^^^^^^^^^^^^^^^^^^^^^^^^^^^^^^^^^^^^^^^
  File "C:\Users\Aevlampev\PycharmProjects\24.01_Django\lectures\lect_1\lect_1_project\my_third_app\views.py", line 51, in my_view
    return render(request, 'my_third_app/template_from_app.html', context=data)
           ^^^^^^^^^^^^^^^^^^^^^^^^^^^^^^^^^^^^^^^^^^^^^^^^^^^^^^^^^^^^^^^^^^^^
  File "C:\Users\Aevlampev\PycharmProjects\24.01_Django\.venv\Lib\site-packages\django\shortcuts.py", line 24, in render
    content = loader.render_to_string(template_name, context, request, using=using)
              ^^^^^^^^^^^^^^^^^^^^^^^^^^^^^^^^^^^^^^^^^^^^^^^^^^^^^^^^^^^^^^^^^^^^^
  File "C:\Users\Aevlampev\PycharmProjects\24.01_Django\.venv\Lib\site-packages\django\template\loader.py", line 61, in render_to_string
    template = get_template(template_name, using=using)
               ^^^^^^^^^^^^^^^^^^^^^^^^^^^^^^^^^^^^^^^^
  File "C:\Users\Aevlampev\PycharmProjects\24.01_Django\.venv\Lib\site-packages\django\template\loader.py", line 19, in get_template
    raise TemplateDoesNotExist(template_name, chain=chain)
django.template.exceptions.TemplateDoesNotExist: my_third_app/template_from_app.html
ERROR 2024-01-18 17:22:17,042 basehttp 16368 15796 "GET /three/ HTTP/1.1" 500 79234
ERROR 2024-01-18 17:22:28,048 log 16368 15796 Internal Server Error: /three/
Traceback (most recent call last):
  File "C:\Users\Aevlampev\PycharmProjects\24.01_Django\.venv\Lib\site-packages\django\core\handlers\exception.py", line 55, in inner
    response = get_response(request)
               ^^^^^^^^^^^^^^^^^^^^^
  File "C:\Users\Aevlampev\PycharmProjects\24.01_Django\.venv\Lib\site-packages\django\core\handlers\base.py", line 197, in _get_response
    response = wrapped_callback(request, *callback_args, **callback_kwargs)
               ^^^^^^^^^^^^^^^^^^^^^^^^^^^^^^^^^^^^^^^^^^^^^^^^^^^^^^^^^^^^
  File "C:\Users\Aevlampev\PycharmProjects\24.01_Django\lectures\lect_1\lect_1_project\my_third_app\views.py", line 51, in my_view
    return render(request, 'my_third_app/template_from_app.html', context=data)
           ^^^^^^^^^^^^^^^^^^^^^^^^^^^^^^^^^^^^^^^^^^^^^^^^^^^^^^^^^^^^^^^^^^^^
  File "C:\Users\Aevlampev\PycharmProjects\24.01_Django\.venv\Lib\site-packages\django\shortcuts.py", line 24, in render
    content = loader.render_to_string(template_name, context, request, using=using)
              ^^^^^^^^^^^^^^^^^^^^^^^^^^^^^^^^^^^^^^^^^^^^^^^^^^^^^^^^^^^^^^^^^^^^^
  File "C:\Users\Aevlampev\PycharmProjects\24.01_Django\.venv\Lib\site-packages\django\template\loader.py", line 61, in render_to_string
    template = get_template(template_name, using=using)
               ^^^^^^^^^^^^^^^^^^^^^^^^^^^^^^^^^^^^^^^^
  File "C:\Users\Aevlampev\PycharmProjects\24.01_Django\.venv\Lib\site-packages\django\template\loader.py", line 19, in get_template
    raise TemplateDoesNotExist(template_name, chain=chain)
django.template.exceptions.TemplateDoesNotExist: my_third_app/template_from_app.html
ERROR 2024-01-18 17:22:28,050 basehttp 16368 15796 "GET /three/ HTTP/1.1" 500 79234
ERROR 2024-01-18 17:23:52,604 log 16368 15796 Internal Server Error: /three/
Traceback (most recent call last):
  File "C:\Users\Aevlampev\PycharmProjects\24.01_Django\.venv\Lib\site-packages\django\core\handlers\exception.py", line 55, in inner
    response = get_response(request)
               ^^^^^^^^^^^^^^^^^^^^^
  File "C:\Users\Aevlampev\PycharmProjects\24.01_Django\.venv\Lib\site-packages\django\core\handlers\base.py", line 197, in _get_response
    response = wrapped_callback(request, *callback_args, **callback_kwargs)
               ^^^^^^^^^^^^^^^^^^^^^^^^^^^^^^^^^^^^^^^^^^^^^^^^^^^^^^^^^^^^
  File "C:\Users\Aevlampev\PycharmProjects\24.01_Django\lectures\lect_1\lect_1_project\my_third_app\views.py", line 51, in my_view
    return render(request, 'my_third_app/template_from_app.html', context=data)
           ^^^^^^^^^^^^^^^^^^^^^^^^^^^^^^^^^^^^^^^^^^^^^^^^^^^^^^^^^^^^^^^^^^^^
  File "C:\Users\Aevlampev\PycharmProjects\24.01_Django\.venv\Lib\site-packages\django\shortcuts.py", line 24, in render
    content = loader.render_to_string(template_name, context, request, using=using)
              ^^^^^^^^^^^^^^^^^^^^^^^^^^^^^^^^^^^^^^^^^^^^^^^^^^^^^^^^^^^^^^^^^^^^^
  File "C:\Users\Aevlampev\PycharmProjects\24.01_Django\.venv\Lib\site-packages\django\template\loader.py", line 61, in render_to_string
    template = get_template(template_name, using=using)
               ^^^^^^^^^^^^^^^^^^^^^^^^^^^^^^^^^^^^^^^^
  File "C:\Users\Aevlampev\PycharmProjects\24.01_Django\.venv\Lib\site-packages\django\template\loader.py", line 19, in get_template
    raise TemplateDoesNotExist(template_name, chain=chain)
django.template.exceptions.TemplateDoesNotExist: my_third_app/template_from_app.html
ERROR 2024-01-18 17:23:52,606 basehttp 16368 15796 "GET /three/ HTTP/1.1" 500 79234
INFO 2024-01-18 17:24:38,674 autoreload 5180 12040 Watching for file changes with StatReloader
INFO 2024-01-18 17:24:45,392 views 5180 7780 Index page accessed
INFO 2024-01-18 17:24:45,393 basehttp 5180 7780 "GET / HTTP/1.1" 200 13
INFO 2024-01-18 17:24:50,449 basehttp 5180 7780 "GET /three/ HTTP/1.1" 200 190
INFO 2024-01-18 17:25:10,746 basehttp 5180 7780 "GET /three/ HTTP/1.1" 200 190
INFO 2024-01-18 17:25:29,668 basehttp 5180 7780 "GET /three/ HTTP/1.1" 200 191
INFO 2024-01-18 17:32:15,311 autoreload 5180 12040 C:\Users\Aevlampev\PycharmProjects\24.01_Django\lectures\lect_1\lect_1_project\my_third_app\views.py changed, reloading.
INFO 2024-01-18 17:32:15,936 autoreload 10224 6216 Watching for file changes with StatReloader
INFO 2024-01-18 17:32:49,127 autoreload 10224 6216 C:\Users\Aevlampev\PycharmProjects\24.01_Django\lectures\lect_1\lect_1_project\my_third_app\views.py changed, reloading.
INFO 2024-01-18 17:32:49,624 autoreload 14400 1884 Watching for file changes with StatReloader
INFO 2024-01-18 17:35:11,144 autoreload 14400 1884 C:\Users\Aevlampev\PycharmProjects\24.01_Django\lectures\lect_1\lect_1_project\my_third_app\views.py changed, reloading.
INFO 2024-01-18 17:35:11,785 autoreload 15240 12860 Watching for file changes with StatReloader
INFO 2024-01-18 17:35:49,636 autoreload 15240 12860 C:\Users\Aevlampev\PycharmProjects\24.01_Django\lectures\lect_1\lect_1_project\my_third_app\views.py changed, reloading.
INFO 2024-01-18 17:35:50,073 autoreload 7000 500 Watching for file changes with StatReloader
INFO 2024-01-18 17:36:06,373 autoreload 7000 500 C:\Users\Aevlampev\PycharmProjects\24.01_Django\lectures\lect_1\lect_1_project\my_third_app\views.py changed, reloading.
INFO 2024-01-18 17:36:06,948 autoreload 6088 6608 Watching for file changes with StatReloader
INFO 2024-01-18 17:37:05,012 autoreload 6088 6608 C:\Users\Aevlampev\PycharmProjects\24.01_Django\lectures\lect_1\lect_1_project\my_third_app\views.py changed, reloading.
INFO 2024-01-18 17:37:05,480 autoreload 1836 3036 Watching for file changes with StatReloader
INFO 2024-01-18 17:37:42,044 autoreload 1836 3036 C:\Users\Aevlampev\PycharmProjects\24.01_Django\lectures\lect_1\lect_1_project\my_third_app\urls.py changed, reloading.
INFO 2024-01-18 17:37:42,618 autoreload 4116 14564 Watching for file changes with StatReloader
INFO 2024-01-18 17:38:08,085 autoreload 4116 14564 C:\Users\Aevlampev\PycharmProjects\24.01_Django\lectures\lect_1\lect_1_project\my_third_app\urls.py changed, reloading.
INFO 2024-01-18 17:38:08,530 autoreload 5408 6548 Watching for file changes with StatReloader
INFO 2024-01-18 17:38:37,679 autoreload 5408 6548 C:\Users\Aevlampev\PycharmProjects\24.01_Django\lectures\lect_1\lect_1_project\my_third_app\urls.py changed, reloading.
INFO 2024-01-18 17:38:38,214 autoreload 14916 14700 Watching for file changes with StatReloader
INFO 2024-01-18 17:38:45,474 basehttp 14916 12780 "GET /three/if HTTP/1.1" 301 0
ERROR 2024-01-18 17:38:45,530 log 14916 15124 Internal Server Error: /three/if/
Traceback (most recent call last):
  File "C:\Users\Aevlampev\PycharmProjects\24.01_Django\.venv\Lib\site-packages\django\core\handlers\exception.py", line 55, in inner
    response = get_response(request)
               ^^^^^^^^^^^^^^^^^^^^^
  File "C:\Users\Aevlampev\PycharmProjects\24.01_Django\.venv\Lib\site-packages\django\core\handlers\base.py", line 197, in _get_response
    response = wrapped_callback(request, *callback_args, **callback_kwargs)
               ^^^^^^^^^^^^^^^^^^^^^^^^^^^^^^^^^^^^^^^^^^^^^^^^^^^^^^^^^^^^
TypeError: View.as_view() takes 1 positional argument but 2 were given
ERROR 2024-01-18 17:38:45,531 basehttp 14916 15124 "GET /three/if/ HTTP/1.1" 500 61188
INFO 2024-01-18 17:38:55,518 basehttp 14916 15124 "GET /three/ HTTP/1.1" 200 191
ERROR 2024-01-18 17:39:16,584 log 14916 15124 Internal Server Error: /three/if/
Traceback (most recent call last):
  File "C:\Users\Aevlampev\PycharmProjects\24.01_Django\.venv\Lib\site-packages\django\core\handlers\exception.py", line 55, in inner
    response = get_response(request)
               ^^^^^^^^^^^^^^^^^^^^^
  File "C:\Users\Aevlampev\PycharmProjects\24.01_Django\.venv\Lib\site-packages\django\core\handlers\base.py", line 197, in _get_response
    response = wrapped_callback(request, *callback_args, **callback_kwargs)
               ^^^^^^^^^^^^^^^^^^^^^^^^^^^^^^^^^^^^^^^^^^^^^^^^^^^^^^^^^^^^
TypeError: View.as_view() takes 1 positional argument but 2 were given
ERROR 2024-01-18 17:39:16,588 basehttp 14916 15124 "GET /three/if/ HTTP/1.1" 500 61188
INFO 2024-01-18 17:40:00,116 autoreload 14916 14700 C:\Users\Aevlampev\PycharmProjects\24.01_Django\lectures\lect_1\lect_1_project\my_third_app\urls.py changed, reloading.
INFO 2024-01-18 17:40:00,674 autoreload 2076 14324 Watching for file changes with StatReloader
INFO 2024-01-18 17:40:01,774 basehttp 2076 2620 "GET /three/if/ HTTP/1.1" 200 369
INFO 2024-01-18 17:41:37,388 autoreload 2076 14324 C:\Users\Aevlampev\PycharmProjects\24.01_Django\lectures\lect_1\lect_1_project\my_third_app\urls.py changed, reloading.
INFO 2024-01-18 17:41:37,995 autoreload 13012 15940 Watching for file changes with StatReloader
INFO 2024-01-18 17:43:37,988 autoreload 13012 15940 C:\Users\Aevlampev\PycharmProjects\24.01_Django\lectures\lect_1\lect_1_project\my_third_app\views.py changed, reloading.
INFO 2024-01-18 17:43:38,509 autoreload 2456 1200 Watching for file changes with StatReloader
INFO 2024-01-18 17:43:47,199 autoreload 2456 1200 C:\Users\Aevlampev\PycharmProjects\24.01_Django\lectures\lect_1\lect_1_project\my_third_app\views.py changed, reloading.
INFO 2024-01-18 17:43:47,719 autoreload 2496 8644 Watching for file changes with StatReloader
INFO 2024-01-18 17:44:22,209 autoreload 2496 8644 C:\Users\Aevlampev\PycharmProjects\24.01_Django\lectures\lect_1\lect_1_project\my_third_app\views.py changed, reloading.
INFO 2024-01-18 17:44:22,857 autoreload 10496 10432 Watching for file changes with StatReloader
INFO 2024-01-18 17:44:24,579 views 10496 1176 Index page accessed
INFO 2024-01-18 17:44:24,581 basehttp 10496 1176 "GET / HTTP/1.1" 200 13
INFO 2024-01-18 17:44:32,192 basehttp 10496 1176 "GET /three/for HTTP/1.1" 301 0
ERROR 2024-01-18 17:44:32,248 log 10496 10748 Internal Server Error: /three/for/
Traceback (most recent call last):
  File "C:\Users\Aevlampev\PycharmProjects\24.01_Django\.venv\Lib\site-packages\django\core\handlers\exception.py", line 55, in inner
    response = get_response(request)
               ^^^^^^^^^^^^^^^^^^^^^
  File "C:\Users\Aevlampev\PycharmProjects\24.01_Django\.venv\Lib\site-packages\django\core\handlers\base.py", line 197, in _get_response
    response = wrapped_callback(request, *callback_args, **callback_kwargs)
               ^^^^^^^^^^^^^^^^^^^^^^^^^^^^^^^^^^^^^^^^^^^^^^^^^^^^^^^^^^^^
  File "C:\Users\Aevlampev\PycharmProjects\24.01_Django\lectures\lect_1\lect_1_project\my_third_app\views.py", line 78, in view_for
    return render(request, 'myapp3/templ_for.html', context)
           ^^^^^^^^^^^^^^^^^^^^^^^^^^^^^^^^^^^^^^^^^^^^^^^^^
  File "C:\Users\Aevlampev\PycharmProjects\24.01_Django\.venv\Lib\site-packages\django\shortcuts.py", line 24, in render
    content = loader.render_to_string(template_name, context, request, using=using)
              ^^^^^^^^^^^^^^^^^^^^^^^^^^^^^^^^^^^^^^^^^^^^^^^^^^^^^^^^^^^^^^^^^^^^^
  File "C:\Users\Aevlampev\PycharmProjects\24.01_Django\.venv\Lib\site-packages\django\template\loader.py", line 61, in render_to_string
    template = get_template(template_name, using=using)
               ^^^^^^^^^^^^^^^^^^^^^^^^^^^^^^^^^^^^^^^^
  File "C:\Users\Aevlampev\PycharmProjects\24.01_Django\.venv\Lib\site-packages\django\template\loader.py", line 19, in get_template
    raise TemplateDoesNotExist(template_name, chain=chain)
django.template.exceptions.TemplateDoesNotExist: myapp3/templ_for.html
ERROR 2024-01-18 17:44:32,254 basehttp 10496 10748 "GET /three/for/ HTTP/1.1" 500 81719
INFO 2024-01-18 17:44:59,873 autoreload 10496 10432 C:\Users\Aevlampev\PycharmProjects\24.01_Django\lectures\lect_1\lect_1_project\my_third_app\views.py changed, reloading.
INFO 2024-01-18 17:45:00,467 autoreload 10044 7080 Watching for file changes with StatReloader
INFO 2024-01-18 17:45:03,639 basehttp 10044 1120 "GET /three/for/ HTTP/1.1" 200 951
INFO 2024-01-18 18:02:21,733 autoreload 10044 7080 C:\Users\Aevlampev\PycharmProjects\24.01_Django\lectures\lect_1\lect_1_project\lect_1_project\settings.py changed, reloading.
INFO 2024-01-18 18:02:22,492 autoreload 5008 6688 Watching for file changes with StatReloader
INFO 2024-01-18 18:18:17,533 basehttp 5008 13664 "GET /three/for/ HTTP/1.1" 200 951
INFO 2024-01-18 18:18:20,979 basehttp 5008 13664 "GET /three/ HTTP/1.1" 200 191
INFO 2024-01-18 18:18:22,418 views 5008 13664 Index page accessed
INFO 2024-01-18 18:18:22,419 basehttp 5008 13664 "GET / HTTP/1.1" 200 13
INFO 2024-01-22 19:12:01,314 autoreload 14812 18060 Watching for file changes with StatReloader
INFO 2024-01-22 19:12:19,818 autoreload 14812 18060 C:\GeekBrains\II_quarter\24_01_Django\lectures\lect_1\lect_1_project\my_fourth_app\urls.py changed, reloading.
INFO 2024-01-22 19:12:20,125 autoreload 17340 9320 Watching for file changes with StatReloader
INFO 2024-01-22 19:12:23,888 autoreload 13180 20560 Watching for file changes with StatReloader
INFO 2024-01-22 19:12:26,115 views 13180 8496 Index page accessed
INFO 2024-01-22 19:12:26,116 basehttp 13180 8496 "GET / HTTP/1.1" 200 13
WARNING 2024-01-22 19:12:38,966 log 13180 8496 Not Found: /fourth
WARNING 2024-01-22 19:12:38,966 basehttp 13180 8496 "GET /fourth HTTP/1.1" 404 2746
WARNING 2024-01-22 19:12:44,596 log 13180 8496 Not Found: /four/
WARNING 2024-01-22 19:12:44,596 basehttp 13180 8496 "GET /four/ HTTP/1.1" 404 2817
ERROR 2024-01-22 19:12:50,798 log 13180 8496 Internal Server Error: /four/user/add/
Traceback (most recent call last):
  File "C:\GeekBrains\II_quarter\24_01_Django\.venv\Lib\site-packages\django\core\handlers\exception.py", line 55, in inner
    response = get_response(request)
               ^^^^^^^^^^^^^^^^^^^^^
  File "C:\GeekBrains\II_quarter\24_01_Django\.venv\Lib\site-packages\django\core\handlers\base.py", line 197, in _get_response
    response = wrapped_callback(request, *callback_args, **callback_kwargs)
               ^^^^^^^^^^^^^^^^^^^^^^^^^^^^^^^^^^^^^^^^^^^^^^^^^^^^^^^^^^^^
  File "C:\GeekBrains\II_quarter\24_01_Django\lectures\lect_1\lect_1_project\my_fourth_app\views.py", line 21, in user_form
    return render(request, 'my_fourth_app/user_fom.html', {'form': form})
           ^^^^^^^^^^^^^^^^^^^^^^^^^^^^^^^^^^^^^^^^^^^^^^^^^^^^^^^^^^^^^^
  File "C:\GeekBrains\II_quarter\24_01_Django\.venv\Lib\site-packages\django\shortcuts.py", line 24, in render
    content = loader.render_to_string(template_name, context, request, using=using)
              ^^^^^^^^^^^^^^^^^^^^^^^^^^^^^^^^^^^^^^^^^^^^^^^^^^^^^^^^^^^^^^^^^^^^^
  File "C:\GeekBrains\II_quarter\24_01_Django\.venv\Lib\site-packages\django\template\loader.py", line 61, in render_to_string
    template = get_template(template_name, using=using)
               ^^^^^^^^^^^^^^^^^^^^^^^^^^^^^^^^^^^^^^^^
  File "C:\GeekBrains\II_quarter\24_01_Django\.venv\Lib\site-packages\django\template\loader.py", line 19, in get_template
    raise TemplateDoesNotExist(template_name, chain=chain)
django.template.exceptions.TemplateDoesNotExist: my_fourth_app/user_fom.html
ERROR 2024-01-22 19:12:50,800 basehttp 13180 8496 "GET /four/user/add/ HTTP/1.1" 500 80292
INFO 2024-01-22 19:13:14,239 autoreload 13180 20560 C:\GeekBrains\II_quarter\24_01_Django\lectures\lect_1\lect_1_project\my_fourth_app\views.py changed, reloading.
INFO 2024-01-22 19:13:14,556 autoreload 9364 11024 Watching for file changes with StatReloader
ERROR 2024-01-22 19:13:14,813 log 9364 13160 Internal Server Error: /four/user/add/
Traceback (most recent call last):
  File "C:\GeekBrains\II_quarter\24_01_Django\.venv\Lib\site-packages\django\template\base.py", line 502, in parse
    compile_func = self.tags[command]
                   ~~~~~~~~~^^^^^^^^^
KeyError: 'exclude'

During handling of the above exception, another exception occurred:

Traceback (most recent call last):
  File "C:\GeekBrains\II_quarter\24_01_Django\.venv\Lib\site-packages\django\core\handlers\exception.py", line 55, in inner
    response = get_response(request)
               ^^^^^^^^^^^^^^^^^^^^^
  File "C:\GeekBrains\II_quarter\24_01_Django\.venv\Lib\site-packages\django\core\handlers\base.py", line 197, in _get_response
    response = wrapped_callback(request, *callback_args, **callback_kwargs)
               ^^^^^^^^^^^^^^^^^^^^^^^^^^^^^^^^^^^^^^^^^^^^^^^^^^^^^^^^^^^^
  File "C:\GeekBrains\II_quarter\24_01_Django\lectures\lect_1\lect_1_project\my_fourth_app\views.py", line 21, in user_form
    return render(request, 'my_fourth_app/user_form.html', {'form': form})
           ^^^^^^^^^^^^^^^^^^^^^^^^^^^^^^^^^^^^^^^^^^^^^^^^^^^^^^^^^^^^^^^
  File "C:\GeekBrains\II_quarter\24_01_Django\.venv\Lib\site-packages\django\shortcuts.py", line 24, in render
    content = loader.render_to_string(template_name, context, request, using=using)
              ^^^^^^^^^^^^^^^^^^^^^^^^^^^^^^^^^^^^^^^^^^^^^^^^^^^^^^^^^^^^^^^^^^^^^
  File "C:\GeekBrains\II_quarter\24_01_Django\.venv\Lib\site-packages\django\template\loader.py", line 61, in render_to_string
    template = get_template(template_name, using=using)
               ^^^^^^^^^^^^^^^^^^^^^^^^^^^^^^^^^^^^^^^^
  File "C:\GeekBrains\II_quarter\24_01_Django\.venv\Lib\site-packages\django\template\loader.py", line 15, in get_template
    return engine.get_template(template_name)
           ^^^^^^^^^^^^^^^^^^^^^^^^^^^^^^^^^^
  File "C:\GeekBrains\II_quarter\24_01_Django\.venv\Lib\site-packages\django\template\backends\django.py", line 33, in get_template
    return Template(self.engine.get_template(template_name), self)
                    ^^^^^^^^^^^^^^^^^^^^^^^^^^^^^^^^^^^^^^^
  File "C:\GeekBrains\II_quarter\24_01_Django\.venv\Lib\site-packages\django\template\engine.py", line 175, in get_template
    template, origin = self.find_template(template_name)
                       ^^^^^^^^^^^^^^^^^^^^^^^^^^^^^^^^^
  File "C:\GeekBrains\II_quarter\24_01_Django\.venv\Lib\site-packages\django\template\engine.py", line 157, in find_template
    template = loader.get_template(name, skip=skip)
               ^^^^^^^^^^^^^^^^^^^^^^^^^^^^^^^^^^^^
  File "C:\GeekBrains\II_quarter\24_01_Django\.venv\Lib\site-packages\django\template\loaders\cached.py", line 57, in get_template
    template = super().get_template(template_name, skip)
               ^^^^^^^^^^^^^^^^^^^^^^^^^^^^^^^^^^^^^^^^^
  File "C:\GeekBrains\II_quarter\24_01_Django\.venv\Lib\site-packages\django\template\loaders\base.py", line 28, in get_template
    return Template(
           ^^^^^^^^^
  File "C:\GeekBrains\II_quarter\24_01_Django\.venv\Lib\site-packages\django\template\base.py", line 154, in __init__
    self.nodelist = self.compile_nodelist()
                    ^^^^^^^^^^^^^^^^^^^^^^^
  File "C:\GeekBrains\II_quarter\24_01_Django\.venv\Lib\site-packages\django\template\base.py", line 196, in compile_nodelist
    return parser.parse()
           ^^^^^^^^^^^^^^
  File "C:\GeekBrains\II_quarter\24_01_Django\.venv\Lib\site-packages\django\template\base.py", line 504, in parse
    self.invalid_block_tag(token, command, parse_until)
  File "C:\GeekBrains\II_quarter\24_01_Django\.venv\Lib\site-packages\django\template\base.py", line 565, in invalid_block_tag
    raise self.error(
django.template.exceptions.TemplateSyntaxError: Invalid block tag on line 1: 'exclude'. Did you forget to register or load this tag?
ERROR 2024-01-22 19:13:14,816 basehttp 9364 13160 "GET /four/user/add/ HTTP/1.1" 500 132975
ERROR 2024-01-22 19:13:29,656 log 9364 13160 Internal Server Error: /four/user/add/
Traceback (most recent call last):
  File "C:\GeekBrains\II_quarter\24_01_Django\.venv\Lib\site-packages\django\template\base.py", line 502, in parse
    compile_func = self.tags[command]
                   ~~~~~~~~~^^^^^^^^^
KeyError: 'excludes'

During handling of the above exception, another exception occurred:

Traceback (most recent call last):
  File "C:\GeekBrains\II_quarter\24_01_Django\.venv\Lib\site-packages\django\core\handlers\exception.py", line 55, in inner
    response = get_response(request)
               ^^^^^^^^^^^^^^^^^^^^^
  File "C:\GeekBrains\II_quarter\24_01_Django\.venv\Lib\site-packages\django\core\handlers\base.py", line 197, in _get_response
    response = wrapped_callback(request, *callback_args, **callback_kwargs)
               ^^^^^^^^^^^^^^^^^^^^^^^^^^^^^^^^^^^^^^^^^^^^^^^^^^^^^^^^^^^^
  File "C:\GeekBrains\II_quarter\24_01_Django\lectures\lect_1\lect_1_project\my_fourth_app\views.py", line 21, in user_form
    return render(request, 'my_fourth_app/user_form.html', {'form': form})
           ^^^^^^^^^^^^^^^^^^^^^^^^^^^^^^^^^^^^^^^^^^^^^^^^^^^^^^^^^^^^^^^
  File "C:\GeekBrains\II_quarter\24_01_Django\.venv\Lib\site-packages\django\shortcuts.py", line 24, in render
    content = loader.render_to_string(template_name, context, request, using=using)
              ^^^^^^^^^^^^^^^^^^^^^^^^^^^^^^^^^^^^^^^^^^^^^^^^^^^^^^^^^^^^^^^^^^^^^
  File "C:\GeekBrains\II_quarter\24_01_Django\.venv\Lib\site-packages\django\template\loader.py", line 61, in render_to_string
    template = get_template(template_name, using=using)
               ^^^^^^^^^^^^^^^^^^^^^^^^^^^^^^^^^^^^^^^^
  File "C:\GeekBrains\II_quarter\24_01_Django\.venv\Lib\site-packages\django\template\loader.py", line 15, in get_template
    return engine.get_template(template_name)
           ^^^^^^^^^^^^^^^^^^^^^^^^^^^^^^^^^^
  File "C:\GeekBrains\II_quarter\24_01_Django\.venv\Lib\site-packages\django\template\backends\django.py", line 33, in get_template
    return Template(self.engine.get_template(template_name), self)
                    ^^^^^^^^^^^^^^^^^^^^^^^^^^^^^^^^^^^^^^^
  File "C:\GeekBrains\II_quarter\24_01_Django\.venv\Lib\site-packages\django\template\engine.py", line 175, in get_template
    template, origin = self.find_template(template_name)
                       ^^^^^^^^^^^^^^^^^^^^^^^^^^^^^^^^^
  File "C:\GeekBrains\II_quarter\24_01_Django\.venv\Lib\site-packages\django\template\engine.py", line 157, in find_template
    template = loader.get_template(name, skip=skip)
               ^^^^^^^^^^^^^^^^^^^^^^^^^^^^^^^^^^^^
  File "C:\GeekBrains\II_quarter\24_01_Django\.venv\Lib\site-packages\django\template\loaders\cached.py", line 57, in get_template
    template = super().get_template(template_name, skip)
               ^^^^^^^^^^^^^^^^^^^^^^^^^^^^^^^^^^^^^^^^^
  File "C:\GeekBrains\II_quarter\24_01_Django\.venv\Lib\site-packages\django\template\loaders\base.py", line 28, in get_template
    return Template(
           ^^^^^^^^^
  File "C:\GeekBrains\II_quarter\24_01_Django\.venv\Lib\site-packages\django\template\base.py", line 154, in __init__
    self.nodelist = self.compile_nodelist()
                    ^^^^^^^^^^^^^^^^^^^^^^^
  File "C:\GeekBrains\II_quarter\24_01_Django\.venv\Lib\site-packages\django\template\base.py", line 196, in compile_nodelist
    return parser.parse()
           ^^^^^^^^^^^^^^
  File "C:\GeekBrains\II_quarter\24_01_Django\.venv\Lib\site-packages\django\template\base.py", line 504, in parse
    self.invalid_block_tag(token, command, parse_until)
  File "C:\GeekBrains\II_quarter\24_01_Django\.venv\Lib\site-packages\django\template\base.py", line 565, in invalid_block_tag
    raise self.error(
django.template.exceptions.TemplateSyntaxError: Invalid block tag on line 1: 'excludes'. Did you forget to register or load this tag?
ERROR 2024-01-22 19:13:29,658 basehttp 9364 13160 "GET /four/user/add/ HTTP/1.1" 500 132994
ERROR 2024-01-22 19:15:34,965 log 9364 13160 Internal Server Error: /four/user/add/
Traceback (most recent call last):
  File "C:\GeekBrains\II_quarter\24_01_Django\.venv\Lib\site-packages\django\template\base.py", line 502, in parse
    compile_func = self.tags[command]
                   ~~~~~~~~~^^^^^^^^^
KeyError: 'clock'

During handling of the above exception, another exception occurred:

Traceback (most recent call last):
  File "C:\GeekBrains\II_quarter\24_01_Django\.venv\Lib\site-packages\django\core\handlers\exception.py", line 55, in inner
    response = get_response(request)
               ^^^^^^^^^^^^^^^^^^^^^
  File "C:\GeekBrains\II_quarter\24_01_Django\.venv\Lib\site-packages\django\core\handlers\base.py", line 197, in _get_response
    response = wrapped_callback(request, *callback_args, **callback_kwargs)
               ^^^^^^^^^^^^^^^^^^^^^^^^^^^^^^^^^^^^^^^^^^^^^^^^^^^^^^^^^^^^
  File "C:\GeekBrains\II_quarter\24_01_Django\lectures\lect_1\lect_1_project\my_fourth_app\views.py", line 21, in user_form
    return render(request, 'my_fourth_app/user_form.html', {'form': form})
           ^^^^^^^^^^^^^^^^^^^^^^^^^^^^^^^^^^^^^^^^^^^^^^^^^^^^^^^^^^^^^^^
  File "C:\GeekBrains\II_quarter\24_01_Django\.venv\Lib\site-packages\django\shortcuts.py", line 24, in render
    content = loader.render_to_string(template_name, context, request, using=using)
              ^^^^^^^^^^^^^^^^^^^^^^^^^^^^^^^^^^^^^^^^^^^^^^^^^^^^^^^^^^^^^^^^^^^^^
  File "C:\GeekBrains\II_quarter\24_01_Django\.venv\Lib\site-packages\django\template\loader.py", line 61, in render_to_string
    template = get_template(template_name, using=using)
               ^^^^^^^^^^^^^^^^^^^^^^^^^^^^^^^^^^^^^^^^
  File "C:\GeekBrains\II_quarter\24_01_Django\.venv\Lib\site-packages\django\template\loader.py", line 15, in get_template
    return engine.get_template(template_name)
           ^^^^^^^^^^^^^^^^^^^^^^^^^^^^^^^^^^
  File "C:\GeekBrains\II_quarter\24_01_Django\.venv\Lib\site-packages\django\template\backends\django.py", line 33, in get_template
    return Template(self.engine.get_template(template_name), self)
                    ^^^^^^^^^^^^^^^^^^^^^^^^^^^^^^^^^^^^^^^
  File "C:\GeekBrains\II_quarter\24_01_Django\.venv\Lib\site-packages\django\template\engine.py", line 175, in get_template
    template, origin = self.find_template(template_name)
                       ^^^^^^^^^^^^^^^^^^^^^^^^^^^^^^^^^
  File "C:\GeekBrains\II_quarter\24_01_Django\.venv\Lib\site-packages\django\template\engine.py", line 157, in find_template
    template = loader.get_template(name, skip=skip)
               ^^^^^^^^^^^^^^^^^^^^^^^^^^^^^^^^^^^^
  File "C:\GeekBrains\II_quarter\24_01_Django\.venv\Lib\site-packages\django\template\loaders\cached.py", line 57, in get_template
    template = super().get_template(template_name, skip)
               ^^^^^^^^^^^^^^^^^^^^^^^^^^^^^^^^^^^^^^^^^
  File "C:\GeekBrains\II_quarter\24_01_Django\.venv\Lib\site-packages\django\template\loaders\base.py", line 28, in get_template
    return Template(
           ^^^^^^^^^
  File "C:\GeekBrains\II_quarter\24_01_Django\.venv\Lib\site-packages\django\template\base.py", line 154, in __init__
    self.nodelist = self.compile_nodelist()
                    ^^^^^^^^^^^^^^^^^^^^^^^
  File "C:\GeekBrains\II_quarter\24_01_Django\.venv\Lib\site-packages\django\template\base.py", line 196, in compile_nodelist
    return parser.parse()
           ^^^^^^^^^^^^^^
  File "C:\GeekBrains\II_quarter\24_01_Django\.venv\Lib\site-packages\django\template\base.py", line 510, in parse
    raise self.error(token, e)
  File "C:\GeekBrains\II_quarter\24_01_Django\.venv\Lib\site-packages\django\template\base.py", line 508, in parse
    compiled_result = compile_func(self, token)
                      ^^^^^^^^^^^^^^^^^^^^^^^^^
  File "C:\GeekBrains\II_quarter\24_01_Django\.venv\Lib\site-packages\django\template\loader_tags.py", line 295, in do_extends
    nodelist = parser.parse()
               ^^^^^^^^^^^^^^
  File "C:\GeekBrains\II_quarter\24_01_Django\.venv\Lib\site-packages\django\template\base.py", line 504, in parse
    self.invalid_block_tag(token, command, parse_until)
  File "C:\GeekBrains\II_quarter\24_01_Django\.venv\Lib\site-packages\django\template\base.py", line 565, in invalid_block_tag
    raise self.error(
django.template.exceptions.TemplateSyntaxError: Invalid block tag on line 7: 'clock'. Did you forget to register or load this tag?
ERROR 2024-01-22 19:15:34,968 basehttp 9364 13160 "GET /four/user/add/ HTTP/1.1" 500 148020
INFO 2024-01-22 19:15:47,528 basehttp 9364 13160 "GET /four/user/add/ HTTP/1.1" 200 223
INFO 2024-01-22 19:16:10,146 basehttp 9364 13160 "GET /four/user/add/ HTTP/1.1" 200 639
INFO 2024-01-22 20:07:49,176 basehttp 9364 17040 "GET /four/user/add/ HTTP/1.1" 200 1012
INFO 2024-01-22 20:08:03,344 basehttp 9364 17040 "GET /four/user/add/ HTTP/1.1" 200 1011
INFO 2024-01-22 20:09:30,307 basehttp 9364 17040 "POST /four/user/add/ HTTP/1.1" 200 1058
INFO 2024-01-22 20:09:45,736 basehttp 9364 17040 "POST /four/user/add/ HTTP/1.1" 200 1058
INFO 2024-01-22 20:10:13,413 autoreload 6188 20472 Watching for file changes with StatReloader
INFO 2024-01-22 20:10:18,591 basehttp 6188 3472 "POST /four/user/add/ HTTP/1.1" 200 1058
INFO 2024-01-22 20:10:36,373 basehttp 6188 3472 "POST /four/user/add/ HTTP/1.1" 200 1058
INFO 2024-01-22 20:12:22,161 basehttp 6188 3472 "POST /four/user/add/ HTTP/1.1" 200 1056
INFO 2024-01-22 20:12:28,037 views 6188 3472 Index page accessed
INFO 2024-01-22 20:12:28,037 basehttp 6188 3472 "GET / HTTP/1.1" 200 13
WARNING 2024-01-22 20:12:47,218 log 6188 3472 Not Found: /four/
WARNING 2024-01-22 20:12:47,218 basehttp 6188 3472 "GET /four/ HTTP/1.1" 404 2817
INFO 2024-01-22 20:12:52,147 basehttp 6188 3472 "GET /four/user/add/ HTTP/1.1" 200 1011
INFO 2024-01-22 20:13:06,140 basehttp 6188 3472 "POST /four/user/add/ HTTP/1.1" 200 1062
INFO 2024-01-22 20:14:07,075 autoreload 6188 20472 C:\GeekBrains\II_quarter\24_01_Django\lectures\lect_1\lect_1_project\lect_1_project\settings.py changed, reloading.
INFO 2024-01-22 20:14:07,418 autoreload 22392 9884 Watching for file changes with StatReloader
INFO 2024-01-22 20:14:09,426 views 22392 6120  name ='Alex', email ='Bad_Shuriks@mail.ru', age =1.
INFO 2024-01-22 20:14:09,434 basehttp 22392 6120 "POST /four/user/add/ HTTP/1.1" 200 1062
INFO 2024-01-22 20:30:56,904 autoreload 11472 11060 Watching for file changes with StatReloader
INFO 2024-01-22 20:31:31,716 autoreload 11472 11060 C:\GeekBrains\II_quarter\24_01_Django\lectures\lect_1\lect_1_project\my_fourth_app\forms.py changed, reloading.
INFO 2024-01-22 20:31:32,039 autoreload 3440 1368 Watching for file changes with StatReloader
INFO 2024-01-22 20:31:39,198 views 3440 21952 Index page accessed
INFO 2024-01-22 20:31:39,198 basehttp 3440 21952 "GET / HTTP/1.1" 200 13
WARNING 2024-01-22 20:31:39,265 log 3440 21952 Not Found: /favicon.ico
WARNING 2024-01-22 20:31:39,266 basehttp 3440 21952 "GET /favicon.ico HTTP/1.1" 404 2761
ERROR 2024-01-22 20:31:52,678 log 3440 21952 Internal Server Error: /four/forms/
Traceback (most recent call last):
  File "C:\GeekBrains\II_quarter\24_01_Django\.venv\Lib\site-packages\django\core\handlers\exception.py", line 55, in inner
    response = get_response(request)
               ^^^^^^^^^^^^^^^^^^^^^
  File "C:\GeekBrains\II_quarter\24_01_Django\.venv\Lib\site-packages\django\core\handlers\base.py", line 197, in _get_response
    response = wrapped_callback(request, *callback_args, **callback_kwargs)
               ^^^^^^^^^^^^^^^^^^^^^^^^^^^^^^^^^^^^^^^^^^^^^^^^^^^^^^^^^^^^
  File "C:\GeekBrains\II_quarter\24_01_Django\lectures\lect_1\lect_1_project\my_fourth_app\views.py", line 31, in many_fields_form
    return render(request, 'my_fourth_app/many_fields_form.html', {'form': form})
           ^^^^^^^^^^^^^^^^^^^^^^^^^^^^^^^^^^^^^^^^^^^^^^^^^^^^^^^^^^^^^^^^^^^^^^
  File "C:\GeekBrains\II_quarter\24_01_Django\.venv\Lib\site-packages\django\shortcuts.py", line 24, in render
    content = loader.render_to_string(template_name, context, request, using=using)
              ^^^^^^^^^^^^^^^^^^^^^^^^^^^^^^^^^^^^^^^^^^^^^^^^^^^^^^^^^^^^^^^^^^^^^
  File "C:\GeekBrains\II_quarter\24_01_Django\.venv\Lib\site-packages\django\template\loader.py", line 61, in render_to_string
    template = get_template(template_name, using=using)
               ^^^^^^^^^^^^^^^^^^^^^^^^^^^^^^^^^^^^^^^^
  File "C:\GeekBrains\II_quarter\24_01_Django\.venv\Lib\site-packages\django\template\loader.py", line 19, in get_template
    raise TemplateDoesNotExist(template_name, chain=chain)
django.template.exceptions.TemplateDoesNotExist: my_fourth_app/many_fields_form.html
ERROR 2024-01-22 20:31:52,680 basehttp 3440 21952 "GET /four/forms/ HTTP/1.1" 500 81652
INFO 2024-01-22 20:32:19,315 autoreload 3440 1368 C:\GeekBrains\II_quarter\24_01_Django\lectures\lect_1\lect_1_project\my_fourth_app\forms.py changed, reloading.
INFO 2024-01-22 20:32:19,640 autoreload 10276 5528 Watching for file changes with StatReloader
INFO 2024-01-22 20:32:20,317 basehttp 10276 22068 "GET /four/forms/ HTTP/1.1" 200 1471
INFO 2024-01-22 20:36:15,270 views 10276 22068  form.cleaned_data={'name': '  ', 'email': 'AEvlampev@1pku.ru', 'age': 23, 'height': 8.4, 'is_active': True, 'birthdate': datetime.date(2024, 1, 22), 'gender': 'F'}.
INFO 2024-01-22 20:36:15,276 basehttp 10276 22068 "POST /four/forms/ HTTP/1.1" 200 1725
INFO 2024-01-22 20:41:34,436 autoreload 10276 5528 C:\GeekBrains\II_quarter\24_01_Django\lectures\lect_1\lect_1_project\my_fourth_app\forms.py changed, reloading.
INFO 2024-01-22 20:41:34,769 autoreload 21676 8308 Watching for file changes with StatReloader
INFO 2024-01-22 20:53:07,978 autoreload 21676 8308 C:\GeekBrains\II_quarter\24_01_Django\lectures\lect_1\lect_1_project\my_fourth_app\forms.py changed, reloading.
INFO 2024-01-22 20:53:08,312 autoreload 16668 1332 Watching for file changes with StatReloader
INFO 2024-01-22 20:53:39,075 autoreload 16668 1332 C:\GeekBrains\II_quarter\24_01_Django\lectures\lect_1\lect_1_project\my_fourth_app\forms.py changed, reloading.
INFO 2024-01-22 20:53:39,398 autoreload 11152 8172 Watching for file changes with StatReloader
INFO 2024-01-22 20:53:44,729 autoreload 11152 8172 C:\GeekBrains\II_quarter\24_01_Django\lectures\lect_1\lect_1_project\my_fourth_app\forms.py changed, reloading.
INFO 2024-01-22 20:53:45,043 autoreload 12924 7152 Watching for file changes with StatReloader
INFO 2024-01-22 20:56:09,014 autoreload 12924 7152 C:\GeekBrains\II_quarter\24_01_Django\lectures\lect_1\lect_1_project\my_fourth_app\views.py changed, reloading.
INFO 2024-01-22 20:56:09,346 autoreload 20000 848 Watching for file changes with StatReloader
INFO 2024-01-22 20:56:17,343 basehttp 20000 19416 "POST /four/forms/ HTTP/1.1" 200 2424
WARNING 2024-01-22 20:56:17,404 log 20000 19416 Not Found: /favicon.ico
WARNING 2024-01-22 20:56:17,404 basehttp 20000 19416 "GET /favicon.ico HTTP/1.1" 404 2761
INFO 2024-01-22 20:56:51,227 views 20000 19416  form.cleaned_data={'name': '  ', 'email': 'AEvlampev@1pku.ru', 'age': 24, 'height': 9.4, 'is_active': True, 'birthdate': datetime.date(2024, 1, 22), 'gender': 'F', 'message': 'asfdsdgsga aasdgagweg'}.
INFO 2024-01-22 20:56:51,230 basehttp 20000 19416 "POST /four/forms/ HTTP/1.1" 200 2366
INFO 2024-01-22 21:19:07,051 autoreload 20000 848 C:\GeekBrains\II_quarter\24_01_Django\lectures\lect_1\lect_1_project\my_fourth_app\forms.py changed, reloading.
INFO 2024-01-22 21:19:07,479 autoreload 8304 12392 Watching for file changes with StatReloader
INFO 2024-01-22 21:21:53,528 autoreload 8304 12392 C:\GeekBrains\II_quarter\24_01_Django\lectures\lect_1\lect_1_project\my_fourth_app\forms.py changed, reloading.
INFO 2024-01-22 21:21:54,536 autoreload 18744 14352 Watching for file changes with StatReloader
INFO 2024-01-22 21:22:44,410 autoreload 18744 14352 C:\GeekBrains\II_quarter\24_01_Django\lectures\lect_1\lect_1_project\my_fourth_app\forms.py changed, reloading.
INFO 2024-01-22 21:22:44,741 autoreload 3728 1920 Watching for file changes with StatReloader
INFO 2024-01-22 21:23:44,768 autoreload 3728 1920 C:\GeekBrains\II_quarter\24_01_Django\lectures\lect_1\lect_1_project\my_fourth_app\forms.py changed, reloading.
INFO 2024-01-22 21:23:45,091 autoreload 15488 15616 Watching for file changes with StatReloader
WARNING 2024-01-22 21:23:56,866 log 15488 11360 Not Found: /four
WARNING 2024-01-22 21:23:56,866 basehttp 15488 11360 "GET /four HTTP/1.1" 404 2740
INFO 2024-01-22 21:24:01,207 basehttp 15488 11360 "GET /four/user/add/ HTTP/1.1" 200 1011
INFO 2024-01-22 21:24:10,640 basehttp 15488 11360 "POST /four/user/add/ HTTP/1.1" 200 1178
INFO 2024-01-22 21:24:15,734 views 15488 11360  name ='Alex', email ='AEvlampev@1pku.ru', age =32.
INFO 2024-01-22 21:24:15,736 basehttp 15488 11360 "POST /four/user/add/ HTTP/1.1" 200 1061
INFO 2024-01-22 21:25:59,893 autoreload 15488 15616 C:\GeekBrains\II_quarter\24_01_Django\lectures\lect_1\lect_1_project\my_fourth_app\forms.py changed, reloading.
INFO 2024-01-22 21:26:00,226 autoreload 11460 16648 Watching for file changes with StatReloader
INFO 2024-01-22 21:27:06,384 autoreload 11460 16648 C:\GeekBrains\II_quarter\24_01_Django\lectures\lect_1\lect_1_project\my_fourth_app\forms.py changed, reloading.
INFO 2024-01-22 21:27:06,736 autoreload 1372 14548 Watching for file changes with StatReloader
INFO 2024-01-22 21:27:31,397 autoreload 1372 14548 C:\GeekBrains\II_quarter\24_01_Django\lectures\lect_1\lect_1_project\my_fourth_app\forms.py changed, reloading.
INFO 2024-01-22 21:27:31,762 autoreload 15040 5568 Watching for file changes with StatReloader
INFO 2024-01-22 21:28:42,188 autoreload 15040 5568 C:\GeekBrains\II_quarter\24_01_Django\lectures\lect_1\lect_1_project\my_fourth_app\views.py changed, reloading.
INFO 2024-01-22 21:28:42,553 autoreload 15228 13444 Watching for file changes with StatReloader
INFO 2024-01-22 21:30:30,662 autoreload 15228 13444 C:\GeekBrains\II_quarter\24_01_Django\lectures\lect_1\lect_1_project\my_fourth_app\models.py changed, reloading.
INFO 2024-01-22 21:30:31,039 autoreload 21048 10632 Watching for file changes with StatReloader
INFO 2024-01-22 21:34:00,665 autoreload 19580 18564 Watching for file changes with StatReloader
ERROR 2024-01-22 21:34:07,699 log 19580 14724 Internal Server Error: /four/user/add/
Traceback (most recent call last):
  File "C:\GeekBrains\II_quarter\24_01_Django\.venv\Lib\site-packages\django\core\handlers\exception.py", line 55, in inner
    response = get_response(request)
               ^^^^^^^^^^^^^^^^^^^^^
  File "C:\GeekBrains\II_quarter\24_01_Django\.venv\Lib\site-packages\django\core\handlers\base.py", line 197, in _get_response
    response = wrapped_callback(request, *callback_args, **callback_kwargs)
               ^^^^^^^^^^^^^^^^^^^^^^^^^^^^^^^^^^^^^^^^^^^^^^^^^^^^^^^^^^^^
  File "C:\GeekBrains\II_quarter\24_01_Django\lectures\lect_1\lect_1_project\my_fourth_app\views.py", line 19, in user_form
    user = User
           ^^^^
NameError: name 'User' is not defined
ERROR 2024-01-22 21:34:07,701 basehttp 19580 14724 "POST /four/user/add/ HTTP/1.1" 500 67048
INFO 2024-01-22 21:34:47,826 autoreload 19580 18564 C:\GeekBrains\II_quarter\24_01_Django\lectures\lect_1\lect_1_project\my_fourth_app\views.py changed, reloading.
INFO 2024-01-22 21:34:48,160 autoreload 21064 22196 Watching for file changes with StatReloader
INFO 2024-01-22 21:35:13,825 autoreload 21064 22196 C:\GeekBrains\II_quarter\24_01_Django\lectures\lect_1\lect_1_project\my_fourth_app\views.py changed, reloading.
INFO 2024-01-22 21:35:14,146 autoreload 18176 17028 Watching for file changes with StatReloader
ERROR 2024-01-22 21:35:22,870 log 18176 10540 Internal Server Error: /four/user/add/
Traceback (most recent call last):
  File "C:\GeekBrains\II_quarter\24_01_Django\.venv\Lib\site-packages\django\db\models\fields\__init__.py", line 2112, in get_prep_value
    return int(value)
           ^^^^^^^^^^
ValueError: invalid literal for int() with base 10: 'Alex'

The above exception was the direct cause of the following exception:

Traceback (most recent call last):
  File "C:\GeekBrains\II_quarter\24_01_Django\.venv\Lib\site-packages\django\core\handlers\exception.py", line 55, in inner
    response = get_response(request)
               ^^^^^^^^^^^^^^^^^^^^^
  File "C:\GeekBrains\II_quarter\24_01_Django\.venv\Lib\site-packages\django\core\handlers\base.py", line 197, in _get_response
    response = wrapped_callback(request, *callback_args, **callback_kwargs)
               ^^^^^^^^^^^^^^^^^^^^^^^^^^^^^^^^^^^^^^^^^^^^^^^^^^^^^^^^^^^^
  File "C:\GeekBrains\II_quarter\24_01_Django\lectures\lect_1\lect_1_project\my_fourth_app\views.py", line 21, in user_form
    user.save()
  File "C:\GeekBrains\II_quarter\24_01_Django\.venv\Lib\site-packages\django\db\models\base.py", line 822, in save
    self.save_base(
  File "C:\GeekBrains\II_quarter\24_01_Django\.venv\Lib\site-packages\django\db\models\base.py", line 909, in save_base
    updated = self._save_table(
              ^^^^^^^^^^^^^^^^^
  File "C:\GeekBrains\II_quarter\24_01_Django\.venv\Lib\site-packages\django\db\models\base.py", line 1036, in _save_table
    updated = self._do_update(
              ^^^^^^^^^^^^^^^^
  File "C:\GeekBrains\II_quarter\24_01_Django\.venv\Lib\site-packages\django\db\models\base.py", line 1080, in _do_update
    filtered = base_qs.filter(pk=pk_val)
               ^^^^^^^^^^^^^^^^^^^^^^^^^
  File "C:\GeekBrains\II_quarter\24_01_Django\.venv\Lib\site-packages\django\db\models\query.py", line 1476, in filter
    return self._filter_or_exclude(False, args, kwargs)
           ^^^^^^^^^^^^^^^^^^^^^^^^^^^^^^^^^^^^^^^^^^^^
  File "C:\GeekBrains\II_quarter\24_01_Django\.venv\Lib\site-packages\django\db\models\query.py", line 1494, in _filter_or_exclude
    clone._filter_or_exclude_inplace(negate, args, kwargs)
  File "C:\GeekBrains\II_quarter\24_01_Django\.venv\Lib\site-packages\django\db\models\query.py", line 1501, in _filter_or_exclude_inplace
    self._query.add_q(Q(*args, **kwargs))
  File "C:\GeekBrains\II_quarter\24_01_Django\.venv\Lib\site-packages\django\db\models\sql\query.py", line 1602, in add_q
    clause, _ = self._add_q(q_object, self.used_aliases)
                ^^^^^^^^^^^^^^^^^^^^^^^^^^^^^^^^^^^^^^^^
  File "C:\GeekBrains\II_quarter\24_01_Django\.venv\Lib\site-packages\django\db\models\sql\query.py", line 1634, in _add_q
    child_clause, needed_inner = self.build_filter(
                                 ^^^^^^^^^^^^^^^^^^
  File "C:\GeekBrains\II_quarter\24_01_Django\.venv\Lib\site-packages\django\db\models\sql\query.py", line 1548, in build_filter
    condition = self.build_lookup(lookups, col, value)
                ^^^^^^^^^^^^^^^^^^^^^^^^^^^^^^^^^^^^^^
  File "C:\GeekBrains\II_quarter\24_01_Django\.venv\Lib\site-packages\django\db\models\sql\query.py", line 1378, in build_lookup
    lookup = lookup_class(lhs, rhs)
             ^^^^^^^^^^^^^^^^^^^^^^
  File "C:\GeekBrains\II_quarter\24_01_Django\.venv\Lib\site-packages\django\db\models\lookups.py", line 30, in __init__
    self.rhs = self.get_prep_lookup()
               ^^^^^^^^^^^^^^^^^^^^^^
  File "C:\GeekBrains\II_quarter\24_01_Django\.venv\Lib\site-packages\django\db\models\lookups.py", line 362, in get_prep_lookup
    return super().get_prep_lookup()
           ^^^^^^^^^^^^^^^^^^^^^^^^^
  File "C:\GeekBrains\II_quarter\24_01_Django\.venv\Lib\site-packages\django\db\models\lookups.py", line 88, in get_prep_lookup
    return self.lhs.output_field.get_prep_value(self.rhs)
           ^^^^^^^^^^^^^^^^^^^^^^^^^^^^^^^^^^^^^^^^^^^^^^
  File "C:\GeekBrains\II_quarter\24_01_Django\.venv\Lib\site-packages\django\db\models\fields\__init__.py", line 2114, in get_prep_value
    raise e.__class__(
ValueError: Field 'id' expected a number but got 'Alex'.
ERROR 2024-01-22 21:35:22,874 basehttp 18176 10540 "POST /four/user/add/ HTTP/1.1" 500 146239
INFO 2024-01-22 21:35:50,039 autoreload 18176 17028 C:\GeekBrains\II_quarter\24_01_Django\lectures\lect_1\lect_1_project\my_fourth_app\views.py changed, reloading.
INFO 2024-01-22 21:35:50,357 autoreload 17688 21988 Watching for file changes with StatReloader
INFO 2024-01-22 21:35:51,434 views 17688 9444  name ='Alex', email ='AEvlampev@1pku.ru', age =32.
INFO 2024-01-22 21:35:51,445 basehttp 17688 9444 "POST /four/user/add/ HTTP/1.1" 200 1061
INFO 2024-01-22 21:35:57,548 basehttp 17688 9444 "POST /four/user/add/ HTTP/1.1" 200 1179
ERROR 2024-01-22 21:36:01,927 log 17688 9444 Internal Server Error: /four/user/add/
Traceback (most recent call last):
  File "C:\GeekBrains\II_quarter\24_01_Django\.venv\Lib\site-packages\django\db\backends\utils.py", line 105, in _execute
    return self.cursor.execute(sql, params)
           ^^^^^^^^^^^^^^^^^^^^^^^^^^^^^^^^
  File "C:\GeekBrains\II_quarter\24_01_Django\.venv\Lib\site-packages\django\db\backends\sqlite3\base.py", line 328, in execute
    return super().execute(query, params)
           ^^^^^^^^^^^^^^^^^^^^^^^^^^^^^^
sqlite3.IntegrityError: UNIQUE constraint failed: my_fourth_app_user.email

The above exception was the direct cause of the following exception:

Traceback (most recent call last):
  File "C:\GeekBrains\II_quarter\24_01_Django\.venv\Lib\site-packages\django\core\handlers\exception.py", line 55, in inner
    response = get_response(request)
               ^^^^^^^^^^^^^^^^^^^^^
  File "C:\GeekBrains\II_quarter\24_01_Django\.venv\Lib\site-packages\django\core\handlers\base.py", line 197, in _get_response
    response = wrapped_callback(request, *callback_args, **callback_kwargs)
               ^^^^^^^^^^^^^^^^^^^^^^^^^^^^^^^^^^^^^^^^^^^^^^^^^^^^^^^^^^^^
  File "C:\GeekBrains\II_quarter\24_01_Django\lectures\lect_1\lect_1_project\my_fourth_app\views.py", line 21, in user_form
    user.save()
  File "C:\GeekBrains\II_quarter\24_01_Django\.venv\Lib\site-packages\django\db\models\base.py", line 822, in save
    self.save_base(
  File "C:\GeekBrains\II_quarter\24_01_Django\.venv\Lib\site-packages\django\db\models\base.py", line 909, in save_base
    updated = self._save_table(
              ^^^^^^^^^^^^^^^^^
  File "C:\GeekBrains\II_quarter\24_01_Django\.venv\Lib\site-packages\django\db\models\base.py", line 1067, in _save_table
    results = self._do_insert(
              ^^^^^^^^^^^^^^^^
  File "C:\GeekBrains\II_quarter\24_01_Django\.venv\Lib\site-packages\django\db\models\base.py", line 1108, in _do_insert
    return manager._insert(
           ^^^^^^^^^^^^^^^^
  File "C:\GeekBrains\II_quarter\24_01_Django\.venv\Lib\site-packages\django\db\models\manager.py", line 87, in manager_method
    return getattr(self.get_queryset(), name)(*args, **kwargs)
           ^^^^^^^^^^^^^^^^^^^^^^^^^^^^^^^^^^^^^^^^^^^^^^^^^^^
  File "C:\GeekBrains\II_quarter\24_01_Django\.venv\Lib\site-packages\django\db\models\query.py", line 1845, in _insert
    return query.get_compiler(using=using).execute_sql(returning_fields)
           ^^^^^^^^^^^^^^^^^^^^^^^^^^^^^^^^^^^^^^^^^^^^^^^^^^^^^^^^^^^^^
  File "C:\GeekBrains\II_quarter\24_01_Django\.venv\Lib\site-packages\django\db\models\sql\compiler.py", line 1823, in execute_sql
    cursor.execute(sql, params)
  File "C:\GeekBrains\II_quarter\24_01_Django\.venv\Lib\site-packages\django\db\backends\utils.py", line 122, in execute
    return super().execute(sql, params)
           ^^^^^^^^^^^^^^^^^^^^^^^^^^^^
  File "C:\GeekBrains\II_quarter\24_01_Django\.venv\Lib\site-packages\django\db\backends\utils.py", line 79, in execute
    return self._execute_with_wrappers(
           ^^^^^^^^^^^^^^^^^^^^^^^^^^^^
  File "C:\GeekBrains\II_quarter\24_01_Django\.venv\Lib\site-packages\django\db\backends\utils.py", line 92, in _execute_with_wrappers
    return executor(sql, params, many, context)
           ^^^^^^^^^^^^^^^^^^^^^^^^^^^^^^^^^^^^
  File "C:\GeekBrains\II_quarter\24_01_Django\.venv\Lib\site-packages\django\db\backends\utils.py", line 100, in _execute
    with self.db.wrap_database_errors:
  File "C:\GeekBrains\II_quarter\24_01_Django\.venv\Lib\site-packages\django\db\utils.py", line 91, in __exit__
    raise dj_exc_value.with_traceback(traceback) from exc_value
  File "C:\GeekBrains\II_quarter\24_01_Django\.venv\Lib\site-packages\django\db\backends\utils.py", line 105, in _execute
    return self.cursor.execute(sql, params)
           ^^^^^^^^^^^^^^^^^^^^^^^^^^^^^^^^
  File "C:\GeekBrains\II_quarter\24_01_Django\.venv\Lib\site-packages\django\db\backends\sqlite3\base.py", line 328, in execute
    return super().execute(query, params)
           ^^^^^^^^^^^^^^^^^^^^^^^^^^^^^^
django.db.utils.IntegrityError: UNIQUE constraint failed: my_fourth_app_user.email
ERROR 2024-01-22 21:36:01,932 basehttp 17688 9444 "POST /four/user/add/ HTTP/1.1" 500 147846
ERROR 2024-01-22 21:37:06,298 log 17688 9444 Internal Server Error: /four/user/add/
Traceback (most recent call last):
  File "C:\GeekBrains\II_quarter\24_01_Django\.venv\Lib\site-packages\django\db\backends\utils.py", line 105, in _execute
    return self.cursor.execute(sql, params)
           ^^^^^^^^^^^^^^^^^^^^^^^^^^^^^^^^
  File "C:\GeekBrains\II_quarter\24_01_Django\.venv\Lib\site-packages\django\db\backends\sqlite3\base.py", line 328, in execute
    return super().execute(query, params)
           ^^^^^^^^^^^^^^^^^^^^^^^^^^^^^^
sqlite3.IntegrityError: UNIQUE constraint failed: my_fourth_app_user.email

The above exception was the direct cause of the following exception:

Traceback (most recent call last):
  File "C:\GeekBrains\II_quarter\24_01_Django\.venv\Lib\site-packages\django\core\handlers\exception.py", line 55, in inner
    response = get_response(request)
               ^^^^^^^^^^^^^^^^^^^^^
  File "C:\GeekBrains\II_quarter\24_01_Django\.venv\Lib\site-packages\django\core\handlers\base.py", line 197, in _get_response
    response = wrapped_callback(request, *callback_args, **callback_kwargs)
               ^^^^^^^^^^^^^^^^^^^^^^^^^^^^^^^^^^^^^^^^^^^^^^^^^^^^^^^^^^^^
  File "C:\GeekBrains\II_quarter\24_01_Django\lectures\lect_1\lect_1_project\my_fourth_app\views.py", line 21, in user_form
    user.save()
  File "C:\GeekBrains\II_quarter\24_01_Django\.venv\Lib\site-packages\django\db\models\base.py", line 822, in save
    self.save_base(
  File "C:\GeekBrains\II_quarter\24_01_Django\.venv\Lib\site-packages\django\db\models\base.py", line 909, in save_base
    updated = self._save_table(
              ^^^^^^^^^^^^^^^^^
  File "C:\GeekBrains\II_quarter\24_01_Django\.venv\Lib\site-packages\django\db\models\base.py", line 1067, in _save_table
    results = self._do_insert(
              ^^^^^^^^^^^^^^^^
  File "C:\GeekBrains\II_quarter\24_01_Django\.venv\Lib\site-packages\django\db\models\base.py", line 1108, in _do_insert
    return manager._insert(
           ^^^^^^^^^^^^^^^^
  File "C:\GeekBrains\II_quarter\24_01_Django\.venv\Lib\site-packages\django\db\models\manager.py", line 87, in manager_method
    return getattr(self.get_queryset(), name)(*args, **kwargs)
           ^^^^^^^^^^^^^^^^^^^^^^^^^^^^^^^^^^^^^^^^^^^^^^^^^^^
  File "C:\GeekBrains\II_quarter\24_01_Django\.venv\Lib\site-packages\django\db\models\query.py", line 1845, in _insert
    return query.get_compiler(using=using).execute_sql(returning_fields)
           ^^^^^^^^^^^^^^^^^^^^^^^^^^^^^^^^^^^^^^^^^^^^^^^^^^^^^^^^^^^^^
  File "C:\GeekBrains\II_quarter\24_01_Django\.venv\Lib\site-packages\django\db\models\sql\compiler.py", line 1823, in execute_sql
    cursor.execute(sql, params)
  File "C:\GeekBrains\II_quarter\24_01_Django\.venv\Lib\site-packages\django\db\backends\utils.py", line 122, in execute
    return super().execute(sql, params)
           ^^^^^^^^^^^^^^^^^^^^^^^^^^^^
  File "C:\GeekBrains\II_quarter\24_01_Django\.venv\Lib\site-packages\django\db\backends\utils.py", line 79, in execute
    return self._execute_with_wrappers(
           ^^^^^^^^^^^^^^^^^^^^^^^^^^^^
  File "C:\GeekBrains\II_quarter\24_01_Django\.venv\Lib\site-packages\django\db\backends\utils.py", line 92, in _execute_with_wrappers
    return executor(sql, params, many, context)
           ^^^^^^^^^^^^^^^^^^^^^^^^^^^^^^^^^^^^
  File "C:\GeekBrains\II_quarter\24_01_Django\.venv\Lib\site-packages\django\db\backends\utils.py", line 100, in _execute
    with self.db.wrap_database_errors:
  File "C:\GeekBrains\II_quarter\24_01_Django\.venv\Lib\site-packages\django\db\utils.py", line 91, in __exit__
    raise dj_exc_value.with_traceback(traceback) from exc_value
  File "C:\GeekBrains\II_quarter\24_01_Django\.venv\Lib\site-packages\django\db\backends\utils.py", line 105, in _execute
    return self.cursor.execute(sql, params)
           ^^^^^^^^^^^^^^^^^^^^^^^^^^^^^^^^
  File "C:\GeekBrains\II_quarter\24_01_Django\.venv\Lib\site-packages\django\db\backends\sqlite3\base.py", line 328, in execute
    return super().execute(query, params)
           ^^^^^^^^^^^^^^^^^^^^^^^^^^^^^^
django.db.utils.IntegrityError: UNIQUE constraint failed: my_fourth_app_user.email
ERROR 2024-01-22 21:37:06,301 basehttp 17688 9444 "POST /four/user/add/ HTTP/1.1" 500 147846
INFO 2024-01-22 21:38:29,272 autoreload 17688 21988 C:\GeekBrains\II_quarter\24_01_Django\lectures\lect_1\lect_1_project\my_fourth_app\views.py changed, reloading.
INFO 2024-01-22 21:41:36,301 autoreload 20504 18336 Watching for file changes with StatReloader
INFO 2024-01-22 21:41:44,253 basehttp 20504 13092 "GET /four/user/add/ HTTP/1.1" 200 1011
INFO 2024-01-22 21:41:55,904 basehttp 20504 13092 "POST /four/user/add/ HTTP/1.1" 200 1182
INFO 2024-01-22 21:42:13,739 views 20504 13092  name ='', email ='Bad_Shuriks@1pku.ru', age =3.
INFO 2024-01-22 21:42:13,741 basehttp 20504 13092 "POST /four/user/add/ HTTP/1.1" 200 1066
INFO 2024-01-22 21:42:15,572 basehttp 20504 13092 "POST /four/user/add/ HTTP/1.1" 200 1011
INFO 2024-01-22 21:43:02,156 basehttp 20504 13092 "POST /four/user/add/ HTTP/1.1" 200 1011
INFO 2024-01-22 21:43:24,208 basehttp 20504 13092 "POST /four/user/add/ HTTP/1.1" 200 1011
INFO 2024-01-22 21:44:47,630 basehttp 20504 13092 "POST /four/user/add/ HTTP/1.1" 200 1011
INFO 2024-01-22 21:44:51,921 basehttp 20504 13092 "POST /four/user/add/ HTTP/1.1" 200 1011
WARNING 2024-01-22 21:44:51,968 log 20504 13092 Not Found: /favicon.ico
WARNING 2024-01-22 21:44:51,969 basehttp 20504 13092 "GET /favicon.ico HTTP/1.1" 404 2761
INFO 2024-01-22 21:44:56,292 basehttp 20504 13092 "POST /four/user/add/ HTTP/1.1" 200 1011
INFO 2024-01-22 21:48:41,341 autoreload 20504 18336 C:\GeekBrains\II_quarter\24_01_Django\lectures\lect_1\lect_1_project\my_fourth_app\views.py changed, reloading.
INFO 2024-01-22 21:48:41,685 autoreload 21544 3036 Watching for file changes with StatReloader
INFO 2024-01-22 21:49:10,422 autoreload 21544 3036 C:\GeekBrains\II_quarter\24_01_Django\lectures\lect_1\lect_1_project\my_fourth_app\views.py changed, reloading.
INFO 2024-01-22 21:49:10,742 autoreload 11748 19096 Watching for file changes with StatReloader
INFO 2024-01-22 21:49:28,731 basehttp 11748 15368 "POST /four/user/add/ HTTP/1.1" 200 1011
INFO 2024-01-22 21:52:00,548 views 11748 15368  name ='Alex', email ='AEvlamev@1pku.ru', age =3.
INFO 2024-01-22 21:52:00,551 basehttp 11748 15368 "POST /four/user/add/ HTTP/1.1" 200 1059
INFO 2024-01-22 21:52:03,222 basehttp 11748 15368 "POST /four/user/add/ HTTP/1.1" 200 1011
WARNING 2024-01-22 21:52:03,317 log 11748 15368 Not Found: /favicon.ico
WARNING 2024-01-22 21:52:03,317 basehttp 11748 15368 "GET /favicon.ico HTTP/1.1" 404 2761
INFO 2024-01-22 21:52:52,048 basehttp 11748 15368 "POST /four/user/add/ HTTP/1.1" 200 1011
INFO 2024-01-22 21:52:59,872 views 11748 15368  name ='', email ='AEvlmpev@1pku.ru', age =3.
INFO 2024-01-22 21:52:59,874 basehttp 11748 15368 "POST /four/user/add/ HTTP/1.1" 200 1073
INFO 2024-01-22 21:54:10,652 autoreload 11748 19096 C:\GeekBrains\II_quarter\24_01_Django\lectures\lect_1\lect_1_project\my_fourth_app\views.py changed, reloading.
INFO 2024-01-22 21:54:10,987 autoreload 21196 13840 Watching for file changes with StatReloader
INFO 2024-01-22 21:54:17,438 views 21196 1484  name ='', email ='AElmpev@1pku.ru', age =3.
INFO 2024-01-22 21:54:17,450 basehttp 21196 1484 "POST /four/user/add/ HTTP/1.1" 200 1123
INFO 2024-01-22 21:54:21,195 basehttp 21196 1484 "POST /four/user/add/ HTTP/1.1" 200 1053
INFO 2024-01-22 21:55:49,150 autoreload 21196 13840 C:\GeekBrains\II_quarter\24_01_Django\lectures\lect_1\lect_1_project\my_fourth_app\views.py changed, reloading.
INFO 2024-01-22 21:55:49,477 autoreload 18608 11364 Watching for file changes with StatReloader
INFO 2024-01-22 21:55:52,062 basehttp 18608 7224 "POST /four/user/add/ HTTP/1.1" 200 1053
INFO 2024-01-22 21:55:53,812 basehttp 18608 7224 "POST /four/user/add/ HTTP/1.1" 200 1053
WARNING 2024-01-22 21:55:53,897 log 18608 7224 Not Found: /favicon.ico
WARNING 2024-01-22 21:55:53,898 basehttp 18608 7224 "GET /favicon.ico HTTP/1.1" 404 2761
INFO 2024-01-22 21:56:05,388 views 18608 7224  name ='', email ='Alampev@1pku.ru', age =2.
INFO 2024-01-22 21:56:05,391 basehttp 18608 7224 "POST /four/user/add/ HTTP/1.1" 200 1123
INFO 2024-01-22 21:56:10,480 basehttp 18608 7224 "POST /four/user/add/ HTTP/1.1" 200 1053
INFO 2024-01-22 21:56:52,979 autoreload 18608 11364 C:\GeekBrains\II_quarter\24_01_Django\lectures\lect_1\lect_1_project\my_fourth_app\views.py changed, reloading.
INFO 2024-01-22 21:56:53,315 autoreload 14640 13192 Watching for file changes with StatReloader
INFO 2024-01-22 21:56:57,287 basehttp 14640 1476 "POST /four/user/add/ HTTP/1.1" 200 1116
INFO 2024-01-22 21:59:59,056 autoreload 14640 13192 C:\GeekBrains\II_quarter\24_01_Django\lectures\lect_1\lect_1_project\my_fourth_app\forms.py changed, reloading.
INFO 2024-01-22 21:59:59,378 autoreload 12776 2232 Watching for file changes with StatReloader
INFO 2024-01-22 22:00:27,092 autoreload 12776 2232 C:\GeekBrains\II_quarter\24_01_Django\lectures\lect_1\lect_1_project\my_fourth_app\forms.py changed, reloading.
INFO 2024-01-22 22:00:27,438 autoreload 7080 12304 Watching for file changes with StatReloader
INFO 2024-01-22 22:01:35,861 autoreload 7080 12304 C:\GeekBrains\II_quarter\24_01_Django\lectures\lect_1\lect_1_project\lect_1_project\settings.py changed, reloading.
INFO 2024-01-22 22:01:36,191 autoreload 4160 9080 Watching for file changes with StatReloader
INFO 2024-01-22 22:02:45,610 autoreload 4160 9080 C:\GeekBrains\II_quarter\24_01_Django\lectures\lect_1\lect_1_project\my_fourth_app\views.py changed, reloading.
INFO 2024-01-22 22:02:45,935 autoreload 9468 5600 Watching for file changes with StatReloader
INFO 2024-01-22 22:03:39,873 autoreload 9468 5600 C:\GeekBrains\II_quarter\24_01_Django\lectures\lect_1\lect_1_project\my_fourth_app\views.py changed, reloading.
INFO 2024-01-22 22:03:40,199 autoreload 3564 3196 Watching for file changes with StatReloader
INFO 2024-01-22 22:04:20,936 autoreload 3564 3196 C:\GeekBrains\II_quarter\24_01_Django\lectures\lect_1\lect_1_project\my_fourth_app\views.py changed, reloading.
INFO 2024-01-22 22:04:21,280 autoreload 3344 21324 Watching for file changes with StatReloader
INFO 2024-01-22 22:25:48,475 autoreload 22416 396 Watching for file changes with StatReloader
INFO 2024-01-22 23:35:56,891 autoreload 4312 21132 Watching for file changes with StatReloader
INFO 2024-01-22 23:36:32,249 views 4312 13736 Index page accessed
INFO 2024-01-22 23:36:32,249 basehttp 4312 13736 "GET / HTTP/1.1" 200 13
ERROR 2024-01-22 23:36:51,790 log 4312 13736 Internal Server Error: /four/upload/
Traceback (most recent call last):
  File "C:\GeekBrains\II_quarter\24_01_Django\.venv\Lib\site-packages\django\core\handlers\exception.py", line 55, in inner
    response = get_response(request)
               ^^^^^^^^^^^^^^^^^^^^^
  File "C:\GeekBrains\II_quarter\24_01_Django\.venv\Lib\site-packages\django\core\handlers\base.py", line 197, in _get_response
    response = wrapped_callback(request, *callback_args, **callback_kwargs)
               ^^^^^^^^^^^^^^^^^^^^^^^^^^^^^^^^^^^^^^^^^^^^^^^^^^^^^^^^^^^^
  File "C:\GeekBrains\II_quarter\24_01_Django\lectures\lect_1\lect_1_project\my_fourth_app\views.py", line 64, in upload_image
    return render(request, 'my_fourth_app/upload_image.html', {'form': form})
                                                                       ^^^^
UnboundLocalError: cannot access local variable 'form' where it is not associated with a value
ERROR 2024-01-22 23:36:51,792 basehttp 4312 13736 "GET /four/upload/ HTTP/1.1" 500 64873
WARNING 2024-01-22 23:37:16,963 log 4312 13736 Not Found: /four
WARNING 2024-01-22 23:37:16,963 basehttp 4312 13736 "GET /four HTTP/1.1" 404 2740
ERROR 2024-01-22 23:37:25,168 log 4312 13736 Internal Server Error: /four/upload/
Traceback (most recent call last):
  File "C:\GeekBrains\II_quarter\24_01_Django\.venv\Lib\site-packages\django\core\handlers\exception.py", line 55, in inner
    response = get_response(request)
               ^^^^^^^^^^^^^^^^^^^^^
  File "C:\GeekBrains\II_quarter\24_01_Django\.venv\Lib\site-packages\django\core\handlers\base.py", line 197, in _get_response
    response = wrapped_callback(request, *callback_args, **callback_kwargs)
               ^^^^^^^^^^^^^^^^^^^^^^^^^^^^^^^^^^^^^^^^^^^^^^^^^^^^^^^^^^^^
  File "C:\GeekBrains\II_quarter\24_01_Django\lectures\lect_1\lect_1_project\my_fourth_app\views.py", line 64, in upload_image
    return render(request, 'my_fourth_app/upload_image.html', {'form': form})
                                                                       ^^^^
UnboundLocalError: cannot access local variable 'form' where it is not associated with a value
ERROR 2024-01-22 23:37:25,169 basehttp 4312 13736 "GET /four/upload/ HTTP/1.1" 500 64873
INFO 2024-01-22 23:37:51,218 autoreload 4312 21132 C:\GeekBrains\II_quarter\24_01_Django\lectures\lect_1\lect_1_project\my_fourth_app\views.py changed, reloading.
INFO 2024-01-22 23:37:51,559 autoreload 15344 10316 Watching for file changes with StatReloader
INFO 2024-01-22 23:37:52,273 basehttp 15344 9004 "GET /four/upload/ HTTP/1.1" 200 708
INFO 2024-01-22 23:38:15,794 basehttp 15344 9004 "POST /four/upload/ HTTP/1.1" 200 708
INFO 2024-01-24 22:54:23,126 autoreload 18864 16420 Watching for file changes with StatReloader
INFO 2024-01-24 22:54:24,833 views 18864 18472 Index page accessed
INFO 2024-01-24 22:54:24,834 basehttp 18864 18472 "GET / HTTP/1.1" 200 13
INFO 2024-01-24 22:54:31,145 basehttp 18864 18472 "GET /admin HTTP/1.1" 301 0
INFO 2024-01-24 22:54:31,158 basehttp 18864 15892 "GET /admin/ HTTP/1.1" 302 0
INFO 2024-01-24 22:54:31,199 basehttp 18864 15892 "GET /admin/login/?next=/admin/ HTTP/1.1" 200 4158
INFO 2024-01-24 22:54:31,309 basehttp 18864 15892 "GET /static/admin/css/base.css HTTP/1.1" 200 21544
INFO 2024-01-24 22:54:31,310 basehttp 18864 19360 "GET /static/admin/css/dark_mode.css HTTP/1.1" 200 2682
INFO 2024-01-24 22:54:31,313 basehttp 18864 21092 "GET /static/admin/css/login.css HTTP/1.1" 200 958
INFO 2024-01-24 22:54:31,313 basehttp 18864 13264 "GET /static/admin/css/responsive.css HTTP/1.1" 200 17905
INFO 2024-01-24 22:54:31,313 basehttp 18864 10168 "GET /static/admin/css/nav_sidebar.css HTTP/1.1" 200 2810
INFO 2024-01-24 22:54:31,329 basehttp 18864 13264 "GET /static/admin/js/theme.js HTTP/1.1" 200 1943
INFO 2024-01-24 22:54:31,330 basehttp 18864 10168 "GET /static/admin/js/nav_sidebar.js HTTP/1.1" 200 3063
INFO 2024-01-24 22:54:48,823 basehttp 18864 10168 "POST /admin/login/?next=/admin/ HTTP/1.1" 200 4323
INFO 2024-01-24 22:55:32,884 autoreload 18864 16420 C:\GeekBrains\II_quarter\24_01_Django\lectures\lect_1\lect_1_project\lect_1_project\settings.py changed, reloading.
INFO 2024-01-24 22:55:33,213 autoreload 19132 17704 Watching for file changes with StatReloader
INFO 2024-01-24 22:55:42,503 basehttp 19132 19268 "GET /admin/ HTTP/1.1" 302 0
INFO 2024-01-24 22:55:42,530 basehttp 19132 19268 "GET /admin/login/?next=/admin/ HTTP/1.1" 200 4359
INFO 2024-01-24 23:08:47,832 autoreload 13720 15888 Watching for file changes with StatReloader
INFO 2024-01-24 23:08:53,034 basehttp 13720 17588 "POST /admin/login/?next=/admin/ HTTP/1.1" 302 0
INFO 2024-01-24 23:08:53,071 basehttp 13720 17588 "GET /admin/ HTTP/1.1" 200 5943
INFO 2024-01-24 23:08:53,136 basehttp 13720 20804 "GET /static/admin/css/dashboard.css HTTP/1.1" 200 441
INFO 2024-01-24 23:08:53,150 basehttp 13720 17588 "GET /static/admin/img/icon-changelink.svg HTTP/1.1" 200 380
INFO 2024-01-24 23:08:53,151 basehttp 13720 20804 "GET /static/admin/img/icon-addlink.svg HTTP/1.1" 200 331
INFO 2024-01-24 23:18:26,659 views 13720 16380 Index page accessed
INFO 2024-01-24 23:18:26,659 basehttp 13720 16380 "GET / HTTP/1.1" 200 13
INFO 2024-01-24 23:18:31,135 basehttp 13720 16380 "GET /admin/ HTTP/1.1" 200 5943
INFO 2024-01-24 23:34:45,751 autoreload 13720 15888 C:\GeekBrains\II_quarter\24_01_Django\lectures\lect_1\lect_1_project\my_fifth_app\models.py changed, reloading.
INFO 2024-01-24 23:34:46,091 autoreload 5596 8672 Watching for file changes with StatReloader
INFO 2024-01-24 23:34:54,417 autoreload 5596 8672 C:\GeekBrains\II_quarter\24_01_Django\lectures\lect_1\lect_1_project\my_fifth_app\models.py changed, reloading.
INFO 2024-01-24 23:34:54,707 autoreload 17056 17076 Watching for file changes with StatReloader
INFO 2024-01-24 23:35:14,171 autoreload 17056 17076 C:\GeekBrains\II_quarter\24_01_Django\lectures\lect_1\lect_1_project\my_fifth_app\models.py changed, reloading.
INFO 2024-01-24 23:35:14,504 autoreload 16604 19628 Watching for file changes with StatReloader
INFO 2024-01-24 23:36:14,929 autoreload 16604 19628 C:\GeekBrains\II_quarter\24_01_Django\lectures\lect_1\lect_1_project\my_fifth_app\models.py changed, reloading.
INFO 2024-01-24 23:36:15,281 autoreload 20596 20896 Watching for file changes with StatReloader
INFO 2024-01-24 23:37:48,858 autoreload 13580 19072 Watching for file changes with StatReloader
INFO 2024-01-24 23:37:50,771 basehttp 13580 20068 "GET /admin/auth/user/ HTTP/1.1" 200 11917
INFO 2024-01-24 23:37:50,826 basehttp 13580 11032 "GET /admin/jsi18n/ HTTP/1.1" 200 17546
INFO 2024-01-24 23:37:50,914 basehttp 13580 20436 "GET /static/admin/css/changelists.css HTTP/1.1" 200 6811
INFO 2024-01-24 23:37:50,919 basehttp 13580 20120 "GET /static/admin/js/jquery.init.js HTTP/1.1" 200 347
INFO 2024-01-24 23:37:50,920 basehttp 13580 20860 "GET /static/admin/js/core.js HTTP/1.1" 200 6208
INFO 2024-01-24 23:37:50,925 basehttp 13580 11032 "GET /static/admin/js/actions.js HTTP/1.1" 200 8067
INFO 2024-01-24 23:37:50,925 basehttp 13580 20068 "GET /static/admin/js/admin/RelatedObjectLookups.js HTTP/1.1" 200 9042
INFO 2024-01-24 23:37:50,926 basehttp 13580 20436 "GET /static/admin/js/urlify.js HTTP/1.1" 200 7887
INFO 2024-01-24 23:37:50,930 basehttp 13580 20120 "GET /static/admin/js/prepopulate.js HTTP/1.1" 200 1531
INFO 2024-01-24 23:37:50,938 basehttp 13580 19040 "GET /static/admin/js/vendor/jquery/jquery.js HTTP/1.1" 200 285314
INFO 2024-01-24 23:37:50,938 basehttp 13580 11032 "GET /static/admin/img/search.svg HTTP/1.1" 200 458
INFO 2024-01-24 23:37:50,939 basehttp 13580 20068 "GET /static/admin/img/icon-yes.svg HTTP/1.1" 200 436
INFO 2024-01-24 23:37:50,952 basehttp 13580 20860 "GET /static/admin/js/vendor/xregexp/xregexp.js HTTP/1.1" 200 325171
INFO 2024-01-24 23:37:50,997 basehttp 13580 19040 "GET /static/admin/js/filters.js HTTP/1.1" 200 978
INFO 2024-01-24 23:37:51,017 basehttp 13580 20860 "GET /static/admin/img/sorting-icons.svg HTTP/1.1" 200 1097
INFO 2024-01-24 23:37:51,017 basehttp 13580 20068 "GET /static/admin/img/icon-viewlink.svg HTTP/1.1" 200 581
INFO 2024-01-24 23:37:51,017 basehttp 13580 19040 "GET /static/admin/img/tooltag-add.svg HTTP/1.1" 200 331
INFO 2024-01-24 23:38:21,461 basehttp 13580 19040 "GET /admin/auth/user/add/ HTTP/1.1" 200 11237
INFO 2024-01-24 23:38:21,504 basehttp 13580 20068 "GET /static/admin/css/forms.css HTTP/1.1" 200 9090
INFO 2024-01-24 23:38:21,505 basehttp 13580 20860 "GET /admin/jsi18n/ HTTP/1.1" 200 17546
INFO 2024-01-24 23:38:21,507 basehttp 13580 11032 "GET /static/admin/js/prepopulate_init.js HTTP/1.1" 200 586
INFO 2024-01-24 23:38:21,521 basehttp 13580 20068 "GET /static/admin/css/widgets.css HTTP/1.1" 200 11800
INFO 2024-01-24 23:38:21,522 basehttp 13580 11032 "GET /static/admin/js/change_form.js HTTP/1.1" 200 606
INFO 2024-01-24 23:38:33,658 basehttp 13580 20068 "POST /admin/auth/user/add/ HTTP/1.1" 302 0
INFO 2024-01-24 23:38:33,705 basehttp 13580 20068 "GET /admin/auth/user/2/change/ HTTP/1.1" 200 25804
INFO 2024-01-24 23:38:33,742 basehttp 13580 11032 "GET /admin/jsi18n/ HTTP/1.1" 200 17546
INFO 2024-01-24 23:38:33,745 basehttp 13580 20120 "GET /static/admin/js/SelectBox.js HTTP/1.1" 200 4530
INFO 2024-01-24 23:38:33,746 basehttp 13580 20860 "GET /static/admin/js/calendar.js HTTP/1.1" 200 9141
INFO 2024-01-24 23:38:33,747 basehttp 13580 20436 "GET /static/admin/js/SelectFilter2.js HTTP/1.1" 200 15492
INFO 2024-01-24 23:38:33,748 basehttp 13580 19040 "GET /static/admin/js/admin/DateTimeShortcuts.js HTTP/1.1" 200 19319
INFO 2024-01-24 23:38:33,793 basehttp 13580 20860 "GET /static/admin/img/icon-unknown.svg HTTP/1.1" 200 655
INFO 2024-01-24 23:38:33,793 basehttp 13580 20120 "GET /static/admin/img/icon-calendar.svg HTTP/1.1" 200 1086
INFO 2024-01-24 23:38:33,793 basehttp 13580 19040 "GET /static/admin/img/selector-icons.svg HTTP/1.1" 200 3291
INFO 2024-01-24 23:38:33,793 basehttp 13580 20436 "GET /static/admin/img/icon-unknown-alt.svg HTTP/1.1" 200 655
INFO 2024-01-24 23:38:33,793 basehttp 13580 11032 "GET /static/admin/img/icon-clock.svg HTTP/1.1" 200 677
INFO 2024-01-24 23:38:48,645 basehttp 13580 20436 "POST /admin/auth/user/2/change/ HTTP/1.1" 302 0
INFO 2024-01-24 23:38:48,666 basehttp 13580 20436 "GET /admin/auth/user/ HTTP/1.1" 200 12657
INFO 2024-01-24 23:38:48,697 basehttp 13580 20120 "GET /static/admin/img/icon-no.svg HTTP/1.1" 200 560
INFO 2024-01-24 23:38:48,697 basehttp 13580 11032 "GET /admin/jsi18n/ HTTP/1.1" 200 17546
INFO 2024-01-24 23:38:50,863 basehttp 13580 20120 "GET /admin/auth/group/ HTTP/1.1" 200 7782
INFO 2024-01-24 23:38:50,907 basehttp 13580 11032 "GET /admin/jsi18n/ HTTP/1.1" 200 17546
INFO 2024-01-24 23:38:53,461 basehttp 13580 11032 "GET /admin/auth/group/add/ HTTP/1.1" 200 14938
INFO 2024-01-24 23:38:53,490 basehttp 13580 20120 "GET /admin/jsi18n/ HTTP/1.1" 200 17546
INFO 2024-01-24 23:39:30,767 basehttp 13580 20120 "POST /admin/auth/group/add/ HTTP/1.1" 302 0
INFO 2024-01-24 23:39:30,785 basehttp 13580 20120 "GET /admin/auth/group/ HTTP/1.1" 200 9553
INFO 2024-01-24 23:39:30,827 basehttp 13580 11032 "GET /admin/jsi18n/ HTTP/1.1" 200 17546
INFO 2024-01-24 23:39:34,575 basehttp 13580 11032 "GET /admin/auth/user/ HTTP/1.1" 200 12754
INFO 2024-01-24 23:39:34,605 basehttp 13580 20120 "GET /admin/jsi18n/ HTTP/1.1" 200 17546
INFO 2024-01-24 23:39:39,073 basehttp 13580 20120 "GET /admin/auth/user/2/change/ HTTP/1.1" 200 25587
INFO 2024-01-24 23:39:39,104 basehttp 13580 11032 "GET /admin/jsi18n/ HTTP/1.1" 200 17546
INFO 2024-01-24 23:39:43,908 basehttp 13580 11032 "POST /admin/auth/user/2/change/ HTTP/1.1" 302 0
INFO 2024-01-24 23:39:43,925 basehttp 13580 11032 "GET /admin/auth/user/ HTTP/1.1" 200 12975
INFO 2024-01-24 23:39:43,955 basehttp 13580 20120 "GET /admin/jsi18n/ HTTP/1.1" 200 17546
INFO 2024-01-24 23:41:46,884 autoreload 13580 19072 C:\GeekBrains\II_quarter\24_01_Django\lectures\lect_1\lect_1_project\my_fifth_app\admin.py changed, reloading.
INFO 2024-01-24 23:41:47,229 autoreload 16068 16376 Watching for file changes with StatReloader
INFO 2024-01-24 23:41:53,365 basehttp 16068 12152 "GET /admin/auth/user/ HTTP/1.1" 200 13659
INFO 2024-01-24 23:41:53,398 basehttp 16068 11556 "GET /admin/jsi18n/ HTTP/1.1" 200 17546
INFO 2024-01-24 23:43:25,483 autoreload 16068 16376 C:\GeekBrains\II_quarter\24_01_Django\lectures\lect_1\lect_1_project\my_fifth_app\models.py changed, reloading.
INFO 2024-01-24 23:43:25,802 autoreload 19396 17316 Watching for file changes with StatReloader
INFO 2024-01-24 23:44:34,070 autoreload 19396 17316 C:\GeekBrains\II_quarter\24_01_Django\lectures\lect_1\lect_1_project\my_fifth_app\models.py changed, reloading.
INFO 2024-01-24 23:44:34,384 autoreload 9124 11476 Watching for file changes with StatReloader
INFO 2024-01-24 23:44:45,756 autoreload 9124 11476 C:\GeekBrains\II_quarter\24_01_Django\lectures\lect_1\lect_1_project\my_fifth_app\models.py changed, reloading.
INFO 2024-01-24 23:44:46,087 autoreload 16348 7652 Watching for file changes with StatReloader
INFO 2024-01-24 23:44:53,817 basehttp 16348 8584 "GET /admin/auth/user/ HTTP/1.1" 200 13659
INFO 2024-01-24 23:44:53,844 basehttp 16348 8460 "GET /admin/jsi18n/ HTTP/1.1" 200 17546
INFO 2024-01-24 23:44:57,506 basehttp 16348 8460 "GET /admin/my_fifth_app/category/ HTTP/1.1" 200 8342
INFO 2024-01-24 23:44:57,534 basehttp 16348 8584 "GET /admin/jsi18n/ HTTP/1.1" 200 17546
INFO 2024-01-24 23:44:59,870 basehttp 16348 8584 "GET /admin/my_fifth_app/category/add/ HTTP/1.1" 200 9197
INFO 2024-01-24 23:44:59,923 basehttp 16348 8460 "GET /admin/jsi18n/ HTTP/1.1" 200 17546
INFO 2024-01-24 23:45:25,146 autoreload 16348 7652 C:\GeekBrains\II_quarter\24_01_Django\lectures\lect_1\lect_1_project\my_fifth_app\models.py changed, reloading.
INFO 2024-01-24 23:45:25,467 autoreload 12080 16244 Watching for file changes with StatReloader
INFO 2024-01-24 23:45:55,126 autoreload 12080 16244 C:\GeekBrains\II_quarter\24_01_Django\lectures\lect_1\lect_1_project\my_fifth_app\models.py changed, reloading.
INFO 2024-01-24 23:45:55,445 autoreload 4328 5012 Watching for file changes with StatReloader
INFO 2024-01-24 23:46:11,237 basehttp 4328 18480 "GET /admin/my_fifth_app/category/add/ HTTP/1.1" 200 9197
INFO 2024-01-24 23:46:11,370 basehttp 4328 18480 "GET /admin/jsi18n/ HTTP/1.1" 200 17546
INFO 2024-01-24 23:47:26,494 autoreload 4328 5012 C:\GeekBrains\II_quarter\24_01_Django\lectures\lect_1\lect_1_project\my_fifth_app\models.py changed, reloading.
INFO 2024-01-24 23:47:26,838 autoreload 11596 9568 Watching for file changes with StatReloader
INFO 2024-01-24 23:47:32,073 basehttp 11596 16396 "GET /admin/my_fifth_app/category/add/ HTTP/1.1" 200 9245
INFO 2024-01-24 23:47:32,112 basehttp 11596 13468 "GET /admin/jsi18n/ HTTP/1.1" 200 17546
INFO 2024-01-24 23:47:49,579 autoreload 11596 9568 C:\GeekBrains\II_quarter\24_01_Django\lectures\lect_1\lect_1_project\my_fifth_app\models.py changed, reloading.
INFO 2024-01-24 23:47:49,911 autoreload 19088 13316 Watching for file changes with StatReloader
INFO 2024-01-24 23:47:50,724 basehttp 19088 19588 "GET /admin/my_fifth_app/category/add/ HTTP/1.1" 200 9245
INFO 2024-01-24 23:47:50,755 basehttp 19088 21408 "GET /admin/jsi18n/ HTTP/1.1" 200 17546
INFO 2024-01-24 23:47:58,288 autoreload 19088 13316 C:\GeekBrains\II_quarter\24_01_Django\lectures\lect_1\lect_1_project\my_fifth_app\models.py changed, reloading.
INFO 2024-01-24 23:47:58,622 autoreload 3308 13712 Watching for file changes with StatReloader
INFO 2024-01-24 23:48:31,446 autoreload 3308 13712 C:\GeekBrains\II_quarter\24_01_Django\lectures\lect_1\lect_1_project\my_fifth_app\models.py changed, reloading.
INFO 2024-01-24 23:48:31,779 autoreload 3232 16024 Watching for file changes with StatReloader
INFO 2024-01-24 23:48:32,421 basehttp 3232 16148 "GET /admin/my_fifth_app/category/add/ HTTP/1.1" 200 9245
INFO 2024-01-24 23:48:32,454 basehttp 3232 21416 "GET /admin/jsi18n/ HTTP/1.1" 200 17546
INFO 2024-01-24 23:48:40,768 basehttp 3232 21416 "GET /admin/my_fifth_app/category/add/ HTTP/1.1" 200 9245
INFO 2024-01-24 23:48:40,808 basehttp 3232 3472 "GET /admin/jsi18n/ HTTP/1.1" 200 17546
INFO 2024-01-24 23:48:40,890 basehttp 3232 21416 "GET /static/admin/css/base.css HTTP/1.1" 200 21544
INFO 2024-01-24 23:48:40,894 basehttp 3232 11548 "GET /static/admin/css/forms.css HTTP/1.1" 200 9090
INFO 2024-01-24 23:48:40,894 basehttp 3232 14724 "GET /static/admin/css/responsive.css HTTP/1.1" 200 17905
INFO 2024-01-24 23:48:40,894 basehttp 3232 16148 "GET /static/admin/css/dark_mode.css HTTP/1.1" 200 2682
INFO 2024-01-24 23:48:40,895 basehttp 3232 18656 "GET /static/admin/css/nav_sidebar.css HTTP/1.1" 200 2810
INFO 2024-01-24 23:48:40,899 basehttp 3232 21416 "GET /static/admin/js/jquery.init.js HTTP/1.1" 200 347
INFO 2024-01-24 23:48:40,899 basehttp 3232 3472 "GET /static/admin/js/vendor/jquery/jquery.js HTTP/1.1" 200 285314
INFO 2024-01-24 23:48:40,903 basehttp 3232 11548 "GET /static/admin/js/actions.js HTTP/1.1" 200 8067
INFO 2024-01-24 23:48:40,903 basehttp 3232 16148 "GET /static/admin/js/core.js HTTP/1.1" 200 6208
INFO 2024-01-24 23:48:40,903 basehttp 3232 18656 "GET /static/admin/js/admin/RelatedObjectLookups.js HTTP/1.1" 200 9042
INFO 2024-01-24 23:48:40,905 basehttp 3232 14724 "GET /static/admin/js/urlify.js HTTP/1.1" 200 7887
INFO 2024-01-24 23:48:40,909 basehttp 3232 21416 "GET /static/admin/js/prepopulate.js HTTP/1.1" 200 1531
INFO 2024-01-24 23:48:40,916 basehttp 3232 11548 "GET /static/admin/css/widgets.css HTTP/1.1" 200 11800
INFO 2024-01-24 23:48:40,917 basehttp 3232 14724 "GET /static/admin/js/prepopulate_init.js HTTP/1.1" 200 586
INFO 2024-01-24 23:48:40,918 basehttp 3232 16148 "GET /static/admin/js/vendor/xregexp/xregexp.js HTTP/1.1" 200 325171
INFO 2024-01-24 23:48:40,955 basehttp 3232 3472 "GET /static/admin/js/theme.js HTTP/1.1" 200 1943
INFO 2024-01-24 23:48:40,966 basehttp 3232 3472 "GET /static/admin/js/nav_sidebar.js HTTP/1.1" 200 3063
INFO 2024-01-24 23:48:40,977 basehttp 3232 3472 "GET /static/admin/js/change_form.js HTTP/1.1" 200 606
INFO 2024-01-24 23:48:40,979 basehttp 3232 16148 "GET /static/admin/img/icon-addlink.svg HTTP/1.1" 200 331
WARNING 2024-01-24 23:48:40,995 log 3232 16148 Not Found: /favicon.ico
WARNING 2024-01-24 23:48:40,996 basehttp 3232 16148 "GET /favicon.ico HTTP/1.1" 404 2866
INFO 2024-01-24 23:48:50,340 autoreload 3232 16024 C:\GeekBrains\II_quarter\24_01_Django\lectures\lect_1\lect_1_project\my_fifth_app\models.py changed, reloading.
INFO 2024-01-24 23:48:50,669 autoreload 1800 10952 Watching for file changes with StatReloader
INFO 2024-01-24 23:48:50,905 basehttp 1800 4164 "GET /admin/my_fifth_app/category/add/ HTTP/1.1" 200 9245
INFO 2024-01-24 23:48:50,931 basehttp 1800 15548 "GET /admin/jsi18n/ HTTP/1.1" 200 17546
INFO 2024-01-24 23:49:14,353 autoreload 1800 10952 C:\GeekBrains\II_quarter\24_01_Django\lectures\lect_1\lect_1_project\my_fifth_app\models.py changed, reloading.
INFO 2024-01-24 23:49:14,678 autoreload 12560 19720 Watching for file changes with StatReloader
INFO 2024-01-24 23:49:15,430 basehttp 12560 18472 "GET /admin/my_fifth_app/category/add/ HTTP/1.1" 200 9254
INFO 2024-01-24 23:49:15,460 basehttp 12560 18108 "GET /admin/jsi18n/ HTTP/1.1" 200 17546
INFO 2024-01-24 23:52:52,059 autoreload 12560 19720 C:\GeekBrains\II_quarter\24_01_Django\lectures\lect_1\lect_1_project\my_fifth_app\models.py changed, reloading.
INFO 2024-01-24 23:52:52,387 autoreload 21032 16704 Watching for file changes with StatReloader
INFO 2024-01-24 23:53:03,764 autoreload 21032 16704 C:\GeekBrains\II_quarter\24_01_Django\lectures\lect_1\lect_1_project\my_third_app\admin.py changed, reloading.
INFO 2024-01-24 23:53:04,089 autoreload 12096 4248 Watching for file changes with StatReloader
INFO 2024-01-24 23:53:10,288 basehttp 12096 9272 "GET /admin/my_fifth_app/category/add/ HTTP/1.1" 200 10139
INFO 2024-01-24 23:53:10,317 basehttp 12096 20136 "GET /admin/jsi18n/ HTTP/1.1" 200 17546
INFO 2024-01-24 23:53:12,850 basehttp 12096 20136 "GET /admin/my_third_app/ HTTP/1.1" 200 5921
INFO 2024-01-24 23:53:16,334 basehttp 12096 20136 "GET /admin/my_fifth_app/category/add/ HTTP/1.1" 200 10139
INFO 2024-01-24 23:54:35,716 basehttp 12096 20136 "GET /admin/my_third_app/post/ HTTP/1.1" 200 9218
INFO 2024-01-24 23:54:35,753 basehttp 12096 9272 "GET /admin/jsi18n/ HTTP/1.1" 200 17546
INFO 2024-01-24 23:54:37,757 basehttp 12096 9272 "GET /admin/my_third_app/author/ HTTP/1.1" 200 9232
INFO 2024-01-24 23:54:37,789 basehttp 12096 20136 "GET /admin/jsi18n/ HTTP/1.1" 200 17546
INFO 2024-01-24 23:55:35,263 autoreload 12096 4248 C:\GeekBrains\II_quarter\24_01_Django\lectures\lect_1\lect_1_project\my_second_app\admin.py changed, reloading.
INFO 2024-01-24 23:55:35,604 autoreload 18996 9600 Watching for file changes with StatReloader
INFO 2024-01-24 23:55:35,784 basehttp 18996 19656 "GET /admin/my_third_app/author/ HTTP/1.1" 200 10125
INFO 2024-01-24 23:55:35,817 basehttp 18996 13000 "GET /admin/jsi18n/ HTTP/1.1" 200 17546
INFO 2024-01-24 23:55:40,038 basehttp 18996 13000 "GET /admin/my_third_app/post/ HTTP/1.1" 200 10111
INFO 2024-01-24 23:55:40,070 basehttp 18996 19656 "GET /admin/jsi18n/ HTTP/1.1" 200 17546
INFO 2024-01-24 23:55:43,068 basehttp 18996 19656 "GET /admin/my_second_app/post/ HTTP/1.1" 200 46302
INFO 2024-01-24 23:55:43,098 basehttp 18996 13000 "GET /admin/jsi18n/ HTTP/1.1" 200 17546
INFO 2024-01-24 23:55:46,024 basehttp 18996 13000 "GET /admin/my_second_app/post/100/change/ HTTP/1.1" 200 14359
INFO 2024-01-24 23:55:46,054 basehttp 18996 19656 "GET /admin/jsi18n/ HTTP/1.1" 200 17546
INFO 2024-01-25 00:01:51,122 autoreload 18996 9600 C:\GeekBrains\II_quarter\24_01_Django\lectures\lect_1\lect_1_project\my_fifth_app\models.py changed, reloading.
INFO 2024-01-25 00:01:51,461 autoreload 20416 17088 Watching for file changes with StatReloader
INFO 2024-01-25 00:02:39,567 autoreload 20416 17088 C:\GeekBrains\II_quarter\24_01_Django\lectures\lect_1\lect_1_project\my_fifth_app\models.py changed, reloading.
INFO 2024-01-25 00:02:39,922 autoreload 7632 1008 Watching for file changes with StatReloader
INFO 2024-01-25 00:05:08,962 autoreload 7632 1008 C:\GeekBrains\II_quarter\24_01_Django\lectures\lect_1\lect_1_project\my_fifth_app\models.py changed, reloading.
INFO 2024-01-25 00:05:09,291 autoreload 17228 14512 Watching for file changes with StatReloader
INFO 2024-01-25 00:05:45,255 autoreload 17228 14512 C:\GeekBrains\II_quarter\24_01_Django\lectures\lect_1\lect_1_project\my_fifth_app\models.py changed, reloading.
INFO 2024-01-25 00:05:45,582 autoreload 20828 1364 Watching for file changes with StatReloader
INFO 2024-01-25 00:06:23,490 autoreload 20828 1364 C:\GeekBrains\II_quarter\24_01_Django\lectures\lect_1\lect_1_project\my_fifth_app\models.py changed, reloading.
INFO 2024-01-25 00:06:23,842 autoreload 19512 17108 Watching for file changes with StatReloader
INFO 2024-01-25 00:08:12,523 autoreload 21248 18644 Watching for file changes with StatReloader
INFO 2024-01-26 20:18:06,902 autoreload 18088 23368 Watching for file changes with StatReloader
INFO 2024-01-26 20:18:08,398 views 18088 1888 Index page accessed
INFO 2024-01-26 20:18:08,399 basehttp 18088 1888 "GET / HTTP/1.1" 200 13
WARNING 2024-01-26 20:18:08,554 log 18088 1888 Not Found: /favicon.ico
WARNING 2024-01-26 20:18:08,555 basehttp 18088 1888 "GET /favicon.ico HTTP/1.1" 404 2866
INFO 2024-01-26 20:18:16,369 basehttp 18088 1888 "GET /admin/ HTTP/1.1" 200 11029
INFO 2024-01-26 20:18:16,402 basehttp 18088 1888 "GET /static/admin/css/base.css HTTP/1.1" 304 0
INFO 2024-01-26 20:18:16,404 basehttp 18088 17064 "GET /static/admin/css/dark_mode.css HTTP/1.1" 304 0
INFO 2024-01-26 20:18:16,405 basehttp 18088 22876 "GET /static/admin/css/nav_sidebar.css HTTP/1.1" 304 0
INFO 2024-01-26 20:18:16,406 basehttp 18088 23252 "GET /static/admin/css/dashboard.css HTTP/1.1" 304 0
INFO 2024-01-26 20:18:16,406 basehttp 18088 24180 "GET /static/admin/css/responsive.css HTTP/1.1" 304 0
INFO 2024-01-26 20:18:16,423 basehttp 18088 24180 "GET /static/admin/js/theme.js HTTP/1.1" 304 0
INFO 2024-01-26 20:18:16,423 basehttp 18088 23252 "GET /static/admin/js/nav_sidebar.js HTTP/1.1" 304 0
INFO 2024-01-26 20:18:16,432 basehttp 18088 23252 "GET /static/admin/img/icon-changelink.svg HTTP/1.1" 304 0
INFO 2024-01-26 20:18:16,432 basehttp 18088 24180 "GET /static/admin/img/icon-addlink.svg HTTP/1.1" 304 0
INFO 2024-01-26 20:18:24,446 basehttp 18088 24180 "GET /admin/my_second_app/author/ HTTP/1.1" 200 15199
INFO 2024-01-26 20:18:24,480 basehttp 18088 1888 "GET /static/admin/js/jquery.init.js HTTP/1.1" 304 0
INFO 2024-01-26 20:18:24,480 basehttp 18088 17060 "GET /static/admin/js/core.js HTTP/1.1" 304 0
INFO 2024-01-26 20:18:24,480 basehttp 18088 23252 "GET /static/admin/css/changelists.css HTTP/1.1" 304 0
INFO 2024-01-26 20:18:24,482 basehttp 18088 17064 "GET /static/admin/js/vendor/jquery/jquery.js HTTP/1.1" 304 0
INFO 2024-01-26 20:18:24,483 basehttp 18088 24180 "GET /static/admin/js/admin/RelatedObjectLookups.js HTTP/1.1" 304 0
INFO 2024-01-26 20:18:24,488 basehttp 18088 1888 "GET /static/admin/js/urlify.js HTTP/1.1" 304 0
INFO 2024-01-26 20:18:24,488 basehttp 18088 23252 "GET /static/admin/js/prepopulate.js HTTP/1.1" 304 0
INFO 2024-01-26 20:18:24,489 basehttp 18088 17060 "GET /static/admin/js/actions.js HTTP/1.1" 304 0
INFO 2024-01-26 20:18:24,489 basehttp 18088 17064 "GET /static/admin/js/vendor/xregexp/xregexp.js HTTP/1.1" 304 0
INFO 2024-01-26 20:18:24,492 basehttp 18088 22876 "GET /admin/jsi18n/ HTTP/1.1" 200 17546
INFO 2024-01-26 20:18:24,529 basehttp 18088 22876 "GET /static/admin/js/filters.js HTTP/1.1" 304 0
INFO 2024-01-26 20:18:24,546 basehttp 18088 22876 "GET /static/admin/img/tooltag-add.svg HTTP/1.1" 304 0
INFO 2024-01-26 20:18:28,752 basehttp 18088 22876 "GET /admin/my_third_app/author/ HTTP/1.1" 200 10125
INFO 2024-01-26 20:18:28,781 basehttp 18088 17064 "GET /admin/jsi18n/ HTTP/1.1" 200 17546
INFO 2024-01-26 20:18:44,053 autoreload 18088 23368 C:\GeekBrains\II_quarter\24_01_Django\lectures\lect_1\lect_1_project\my_third_app\admin.py changed, reloading.
INFO 2024-01-26 20:18:44,372 autoreload 15504 3752 Watching for file changes with StatReloader
WARNING 2024-01-26 20:18:44,534 log 15504 18808 Not Found: /admin/my_third_app/author/
WARNING 2024-01-26 20:18:44,534 basehttp 15504 18808 "GET /admin/my_third_app/author/ HTTP/1.1" 404 5085
INFO 2024-01-26 20:18:50,112 basehttp 15504 18808 "GET /admin/ HTTP/1.1" 200 9854
INFO 2024-01-26 20:18:50,575 basehttp 15504 18808 "GET /admin/ HTTP/1.1" 200 9854
INFO 2024-01-26 20:19:00,064 basehttp 15504 18808 "GET /admin/my_fifth_app/category/ HTTP/1.1" 200 9304
INFO 2024-01-26 20:19:00,092 basehttp 15504 19688 "GET /admin/jsi18n/ HTTP/1.1" 200 17546
INFO 2024-01-26 20:19:02,362 basehttp 15504 19688 "GET /admin/my_fifth_app/category/add/ HTTP/1.1" 200 10147
INFO 2024-01-26 20:19:02,392 basehttp 15504 18808 "GET /static/admin/css/forms.css HTTP/1.1" 304 0
INFO 2024-01-26 20:19:02,393 basehttp 15504 15528 "GET /static/admin/js/prepopulate_init.js HTTP/1.1" 304 0
INFO 2024-01-26 20:19:02,395 basehttp 15504 6116 "GET /admin/jsi18n/ HTTP/1.1" 200 17546
INFO 2024-01-26 20:19:02,404 basehttp 15504 6116 "GET /static/admin/css/widgets.css HTTP/1.1" 304 0
INFO 2024-01-26 20:19:02,404 basehttp 15504 15528 "GET /static/admin/js/change_form.js HTTP/1.1" 304 0
INFO 2024-01-26 20:19:10,290 basehttp 15504 15528 "POST /admin/my_fifth_app/category/add/ HTTP/1.1" 302 0
INFO 2024-01-26 20:19:10,308 basehttp 15504 15528 "GET /admin/my_fifth_app/category/ HTTP/1.1" 200 11106
INFO 2024-01-26 20:19:10,334 basehttp 15504 6116 "GET /admin/jsi18n/ HTTP/1.1" 200 17546
INFO 2024-01-26 20:19:10,351 basehttp 15504 6116 "GET /static/admin/img/icon-yes.svg HTTP/1.1" 304 0
INFO 2024-01-26 20:19:13,285 basehttp 15504 6116 "GET /admin/my_fifth_app/category/1/change/ HTTP/1.1" 200 10431
INFO 2024-01-26 20:19:13,313 basehttp 15504 15528 "GET /admin/jsi18n/ HTTP/1.1" 200 17546
INFO 2024-01-26 20:21:49,224 autoreload 15504 3752 C:\GeekBrains\II_quarter\24_01_Django\lectures\lect_1\lect_1_project\my_fifth_app\models.py changed, reloading.
INFO 2024-01-26 20:21:49,573 autoreload 6648 18612 Watching for file changes with StatReloader
INFO 2024-01-26 20:21:52,936 basehttp 6648 23052 "GET /admin/my_fifth_app/category/1/change/ HTTP/1.1" 200 10473
INFO 2024-01-26 20:21:52,963 basehttp 6648 23960 "GET /admin/jsi18n/ HTTP/1.1" 200 17546
INFO 2024-01-26 20:21:59,918 basehttp 6648 23960 "POST /admin/my_fifth_app/category/1/change/ HTTP/1.1" 302 0
INFO 2024-01-26 20:21:59,933 basehttp 6648 23960 "GET /admin/my_fifth_app/category/add/ HTTP/1.1" 200 10467
INFO 2024-01-26 20:21:59,957 basehttp 6648 23052 "GET /admin/jsi18n/ HTTP/1.1" 200 17546
INFO 2024-01-26 20:22:05,562 basehttp 6648 23052 "POST /admin/my_fifth_app/category/add/ HTTP/1.1" 302 0
INFO 2024-01-26 20:22:05,578 basehttp 6648 23052 "GET /admin/my_fifth_app/category/add/ HTTP/1.1" 200 10480
INFO 2024-01-26 20:22:05,611 basehttp 6648 23960 "GET /admin/jsi18n/ HTTP/1.1" 200 17546
INFO 2024-01-26 20:22:11,613 basehttp 6648 23960 "POST /admin/my_fifth_app/category/add/ HTTP/1.1" 302 0
INFO 2024-01-26 20:22:11,636 basehttp 6648 23960 "GET /admin/my_fifth_app/category/ HTTP/1.1" 200 11864
INFO 2024-01-26 20:22:11,661 basehttp 6648 23052 "GET /admin/jsi18n/ HTTP/1.1" 200 17546
INFO 2024-01-26 20:22:17,431 basehttp 6648 23052 "GET /admin/my_fifth_app/product/add/ HTTP/1.1" 200 14049
INFO 2024-01-26 20:22:17,459 basehttp 6648 23960 "GET /admin/jsi18n/ HTTP/1.1" 200 17546
INFO 2024-01-26 20:22:17,468 basehttp 6648 23960 "GET /static/admin/img/icon-viewlink.svg HTTP/1.1" 304 0
INFO 2024-01-26 20:25:51,562 autoreload 6648 18612 C:\GeekBrains\II_quarter\24_01_Django\lectures\lect_1\lect_1_project\my_fifth_app\models.py changed, reloading.
INFO 2024-01-26 20:25:51,899 autoreload 16468 12608 Watching for file changes with StatReloader
INFO 2024-01-26 20:33:52,217 autoreload 22288 13560 Watching for file changes with StatReloader
INFO 2024-01-26 20:33:57,125 basehttp 22288 16720 "GET /admin/my_fifth_app/category/ HTTP/1.1" 200 11628
INFO 2024-01-26 20:33:57,230 basehttp 22288 3616 "GET /admin/jsi18n/ HTTP/1.1" 200 17546
ERROR 2024-01-26 20:34:25,556 log 22288 3616 Internal Server Error: /admin/my_fifth_app/product/
Traceback (most recent call last):
  File "C:\GeekBrains\II_quarter\24_01_Django\.venv\Lib\site-packages\django\db\backends\utils.py", line 105, in _execute
    return self.cursor.execute(sql, params)
           ^^^^^^^^^^^^^^^^^^^^^^^^^^^^^^^^
  File "C:\GeekBrains\II_quarter\24_01_Django\.venv\Lib\site-packages\django\db\backends\sqlite3\base.py", line 328, in execute
    return super().execute(query, params)
           ^^^^^^^^^^^^^^^^^^^^^^^^^^^^^^
sqlite3.OperationalError: no such table: my_fifth_app_product

The above exception was the direct cause of the following exception:

Traceback (most recent call last):
  File "C:\GeekBrains\II_quarter\24_01_Django\.venv\Lib\site-packages\django\core\handlers\exception.py", line 55, in inner
    response = get_response(request)
               ^^^^^^^^^^^^^^^^^^^^^
  File "C:\GeekBrains\II_quarter\24_01_Django\.venv\Lib\site-packages\django\core\handlers\base.py", line 197, in _get_response
    response = wrapped_callback(request, *callback_args, **callback_kwargs)
               ^^^^^^^^^^^^^^^^^^^^^^^^^^^^^^^^^^^^^^^^^^^^^^^^^^^^^^^^^^^^
  File "C:\GeekBrains\II_quarter\24_01_Django\.venv\Lib\site-packages\django\contrib\admin\options.py", line 714, in wrapper
    return self.admin_site.admin_view(view)(*args, **kwargs)
           ^^^^^^^^^^^^^^^^^^^^^^^^^^^^^^^^^^^^^^^^^^^^^^^^^
  File "C:\GeekBrains\II_quarter\24_01_Django\.venv\Lib\site-packages\django\utils\decorators.py", line 188, in _view_wrapper
    result = _process_exception(request, e)
             ^^^^^^^^^^^^^^^^^^^^^^^^^^^^^^
  File "C:\GeekBrains\II_quarter\24_01_Django\.venv\Lib\site-packages\django\utils\decorators.py", line 186, in _view_wrapper
    response = view_func(request, *args, **kwargs)
               ^^^^^^^^^^^^^^^^^^^^^^^^^^^^^^^^^^^
  File "C:\GeekBrains\II_quarter\24_01_Django\.venv\Lib\site-packages\django\views\decorators\cache.py", line 80, in _view_wrapper
    response = view_func(request, *args, **kwargs)
               ^^^^^^^^^^^^^^^^^^^^^^^^^^^^^^^^^^^
  File "C:\GeekBrains\II_quarter\24_01_Django\.venv\Lib\site-packages\django\contrib\admin\sites.py", line 240, in inner
    return view(request, *args, **kwargs)
           ^^^^^^^^^^^^^^^^^^^^^^^^^^^^^^
  File "C:\GeekBrains\II_quarter\24_01_Django\.venv\Lib\site-packages\django\utils\decorators.py", line 48, in _wrapper
    return bound_method(*args, **kwargs)
           ^^^^^^^^^^^^^^^^^^^^^^^^^^^^^
  File "C:\GeekBrains\II_quarter\24_01_Django\.venv\Lib\site-packages\django\utils\decorators.py", line 188, in _view_wrapper
    result = _process_exception(request, e)
             ^^^^^^^^^^^^^^^^^^^^^^^^^^^^^^
  File "C:\GeekBrains\II_quarter\24_01_Django\.venv\Lib\site-packages\django\utils\decorators.py", line 186, in _view_wrapper
    response = view_func(request, *args, **kwargs)
               ^^^^^^^^^^^^^^^^^^^^^^^^^^^^^^^^^^^
  File "C:\GeekBrains\II_quarter\24_01_Django\.venv\Lib\site-packages\django\contrib\admin\options.py", line 1981, in changelist_view
    cl = self.get_changelist_instance(request)
         ^^^^^^^^^^^^^^^^^^^^^^^^^^^^^^^^^^^^^
  File "C:\GeekBrains\II_quarter\24_01_Django\.venv\Lib\site-packages\django\contrib\admin\options.py", line 862, in get_changelist_instance
    return ChangeList(
           ^^^^^^^^^^^
  File "C:\GeekBrains\II_quarter\24_01_Django\.venv\Lib\site-packages\django\contrib\admin\views\main.py", line 145, in __init__
    self.get_results(request)
  File "C:\GeekBrains\II_quarter\24_01_Django\.venv\Lib\site-packages\django\contrib\admin\views\main.py", line 312, in get_results
    result_count = paginator.count
                   ^^^^^^^^^^^^^^^
  File "C:\GeekBrains\II_quarter\24_01_Django\.venv\Lib\site-packages\django\utils\functional.py", line 47, in __get__
    res = instance.__dict__[self.name] = self.func(instance)
                                         ^^^^^^^^^^^^^^^^^^^
  File "C:\GeekBrains\II_quarter\24_01_Django\.venv\Lib\site-packages\django\core\paginator.py", line 110, in count
    return c()
           ^^^
  File "C:\GeekBrains\II_quarter\24_01_Django\.venv\Lib\site-packages\django\db\models\query.py", line 618, in count
    return self.query.get_count(using=self.db)
           ^^^^^^^^^^^^^^^^^^^^^^^^^^^^^^^^^^^
  File "C:\GeekBrains\II_quarter\24_01_Django\.venv\Lib\site-packages\django\db\models\sql\query.py", line 618, in get_count
    return obj.get_aggregation(using, {"__count": Count("*")})["__count"]
           ^^^^^^^^^^^^^^^^^^^^^^^^^^^^^^^^^^^^^^^^^^^^^^^^^^^
  File "C:\GeekBrains\II_quarter\24_01_Django\.venv\Lib\site-packages\django\db\models\sql\query.py", line 604, in get_aggregation
    result = compiler.execute_sql(SINGLE)
             ^^^^^^^^^^^^^^^^^^^^^^^^^^^^
  File "C:\GeekBrains\II_quarter\24_01_Django\.venv\Lib\site-packages\django\db\models\sql\compiler.py", line 1562, in execute_sql
    cursor.execute(sql, params)
  File "C:\GeekBrains\II_quarter\24_01_Django\.venv\Lib\site-packages\django\db\backends\utils.py", line 122, in execute
    return super().execute(sql, params)
           ^^^^^^^^^^^^^^^^^^^^^^^^^^^^
  File "C:\GeekBrains\II_quarter\24_01_Django\.venv\Lib\site-packages\django\db\backends\utils.py", line 79, in execute
    return self._execute_with_wrappers(
           ^^^^^^^^^^^^^^^^^^^^^^^^^^^^
  File "C:\GeekBrains\II_quarter\24_01_Django\.venv\Lib\site-packages\django\db\backends\utils.py", line 92, in _execute_with_wrappers
    return executor(sql, params, many, context)
           ^^^^^^^^^^^^^^^^^^^^^^^^^^^^^^^^^^^^
  File "C:\GeekBrains\II_quarter\24_01_Django\.venv\Lib\site-packages\django\db\backends\utils.py", line 100, in _execute
    with self.db.wrap_database_errors:
  File "C:\GeekBrains\II_quarter\24_01_Django\.venv\Lib\site-packages\django\db\utils.py", line 91, in __exit__
    raise dj_exc_value.with_traceback(traceback) from exc_value
  File "C:\GeekBrains\II_quarter\24_01_Django\.venv\Lib\site-packages\django\db\backends\utils.py", line 105, in _execute
    return self.cursor.execute(sql, params)
           ^^^^^^^^^^^^^^^^^^^^^^^^^^^^^^^^
  File "C:\GeekBrains\II_quarter\24_01_Django\.venv\Lib\site-packages\django\db\backends\sqlite3\base.py", line 328, in execute
    return super().execute(query, params)
           ^^^^^^^^^^^^^^^^^^^^^^^^^^^^^^
django.db.utils.OperationalError: no such table: my_fifth_app_product
ERROR 2024-01-26 20:34:25,561 basehttp 22288 3616 "GET /admin/my_fifth_app/product/ HTTP/1.1" 500 193675
INFO 2024-01-26 20:46:05,082 autoreload 2960 14444 Watching for file changes with StatReloader
INFO 2024-01-26 20:46:16,260 basehttp 2960 23524 "GET /admin/ HTTP/1.1" 200 11424
INFO 2024-01-26 20:46:17,037 views 2960 23524 Index page accessed
INFO 2024-01-26 20:46:17,038 basehttp 2960 23524 "GET / HTTP/1.1" 200 13
INFO 2024-01-26 20:46:23,648 basehttp 2960 23524 "GET /admin/ HTTP/1.1" 200 11424
ERROR 2024-01-26 20:46:27,176 log 2960 23524 Internal Server Error: /admin/my_fifth_app/category/
Traceback (most recent call last):
  File "C:\GeekBrains\II_quarter\24_01_Django\.venv\Lib\site-packages\django\db\backends\utils.py", line 105, in _execute
    return self.cursor.execute(sql, params)
           ^^^^^^^^^^^^^^^^^^^^^^^^^^^^^^^^
  File "C:\GeekBrains\II_quarter\24_01_Django\.venv\Lib\site-packages\django\db\backends\sqlite3\base.py", line 328, in execute
    return super().execute(query, params)
           ^^^^^^^^^^^^^^^^^^^^^^^^^^^^^^
sqlite3.OperationalError: no such table: my_fifth_app_category

The above exception was the direct cause of the following exception:

Traceback (most recent call last):
  File "C:\GeekBrains\II_quarter\24_01_Django\.venv\Lib\site-packages\django\core\handlers\exception.py", line 55, in inner
    response = get_response(request)
               ^^^^^^^^^^^^^^^^^^^^^
  File "C:\GeekBrains\II_quarter\24_01_Django\.venv\Lib\site-packages\django\core\handlers\base.py", line 197, in _get_response
    response = wrapped_callback(request, *callback_args, **callback_kwargs)
               ^^^^^^^^^^^^^^^^^^^^^^^^^^^^^^^^^^^^^^^^^^^^^^^^^^^^^^^^^^^^
  File "C:\GeekBrains\II_quarter\24_01_Django\.venv\Lib\site-packages\django\contrib\admin\options.py", line 714, in wrapper
    return self.admin_site.admin_view(view)(*args, **kwargs)
           ^^^^^^^^^^^^^^^^^^^^^^^^^^^^^^^^^^^^^^^^^^^^^^^^^
  File "C:\GeekBrains\II_quarter\24_01_Django\.venv\Lib\site-packages\django\utils\decorators.py", line 188, in _view_wrapper
    result = _process_exception(request, e)
             ^^^^^^^^^^^^^^^^^^^^^^^^^^^^^^
  File "C:\GeekBrains\II_quarter\24_01_Django\.venv\Lib\site-packages\django\utils\decorators.py", line 186, in _view_wrapper
    response = view_func(request, *args, **kwargs)
               ^^^^^^^^^^^^^^^^^^^^^^^^^^^^^^^^^^^
  File "C:\GeekBrains\II_quarter\24_01_Django\.venv\Lib\site-packages\django\views\decorators\cache.py", line 80, in _view_wrapper
    response = view_func(request, *args, **kwargs)
               ^^^^^^^^^^^^^^^^^^^^^^^^^^^^^^^^^^^
  File "C:\GeekBrains\II_quarter\24_01_Django\.venv\Lib\site-packages\django\contrib\admin\sites.py", line 240, in inner
    return view(request, *args, **kwargs)
           ^^^^^^^^^^^^^^^^^^^^^^^^^^^^^^
  File "C:\GeekBrains\II_quarter\24_01_Django\.venv\Lib\site-packages\django\utils\decorators.py", line 48, in _wrapper
    return bound_method(*args, **kwargs)
           ^^^^^^^^^^^^^^^^^^^^^^^^^^^^^
  File "C:\GeekBrains\II_quarter\24_01_Django\.venv\Lib\site-packages\django\utils\decorators.py", line 188, in _view_wrapper
    result = _process_exception(request, e)
             ^^^^^^^^^^^^^^^^^^^^^^^^^^^^^^
  File "C:\GeekBrains\II_quarter\24_01_Django\.venv\Lib\site-packages\django\utils\decorators.py", line 186, in _view_wrapper
    response = view_func(request, *args, **kwargs)
               ^^^^^^^^^^^^^^^^^^^^^^^^^^^^^^^^^^^
  File "C:\GeekBrains\II_quarter\24_01_Django\.venv\Lib\site-packages\django\contrib\admin\options.py", line 1981, in changelist_view
    cl = self.get_changelist_instance(request)
         ^^^^^^^^^^^^^^^^^^^^^^^^^^^^^^^^^^^^^
  File "C:\GeekBrains\II_quarter\24_01_Django\.venv\Lib\site-packages\django\contrib\admin\options.py", line 862, in get_changelist_instance
    return ChangeList(
           ^^^^^^^^^^^
  File "C:\GeekBrains\II_quarter\24_01_Django\.venv\Lib\site-packages\django\contrib\admin\views\main.py", line 145, in __init__
    self.get_results(request)
  File "C:\GeekBrains\II_quarter\24_01_Django\.venv\Lib\site-packages\django\contrib\admin\views\main.py", line 312, in get_results
    result_count = paginator.count
                   ^^^^^^^^^^^^^^^
  File "C:\GeekBrains\II_quarter\24_01_Django\.venv\Lib\site-packages\django\utils\functional.py", line 47, in __get__
    res = instance.__dict__[self.name] = self.func(instance)
                                         ^^^^^^^^^^^^^^^^^^^
  File "C:\GeekBrains\II_quarter\24_01_Django\.venv\Lib\site-packages\django\core\paginator.py", line 110, in count
    return c()
           ^^^
  File "C:\GeekBrains\II_quarter\24_01_Django\.venv\Lib\site-packages\django\db\models\query.py", line 618, in count
    return self.query.get_count(using=self.db)
           ^^^^^^^^^^^^^^^^^^^^^^^^^^^^^^^^^^^
  File "C:\GeekBrains\II_quarter\24_01_Django\.venv\Lib\site-packages\django\db\models\sql\query.py", line 618, in get_count
    return obj.get_aggregation(using, {"__count": Count("*")})["__count"]
           ^^^^^^^^^^^^^^^^^^^^^^^^^^^^^^^^^^^^^^^^^^^^^^^^^^^
  File "C:\GeekBrains\II_quarter\24_01_Django\.venv\Lib\site-packages\django\db\models\sql\query.py", line 604, in get_aggregation
    result = compiler.execute_sql(SINGLE)
             ^^^^^^^^^^^^^^^^^^^^^^^^^^^^
  File "C:\GeekBrains\II_quarter\24_01_Django\.venv\Lib\site-packages\django\db\models\sql\compiler.py", line 1562, in execute_sql
    cursor.execute(sql, params)
  File "C:\GeekBrains\II_quarter\24_01_Django\.venv\Lib\site-packages\django\db\backends\utils.py", line 122, in execute
    return super().execute(sql, params)
           ^^^^^^^^^^^^^^^^^^^^^^^^^^^^
  File "C:\GeekBrains\II_quarter\24_01_Django\.venv\Lib\site-packages\django\db\backends\utils.py", line 79, in execute
    return self._execute_with_wrappers(
           ^^^^^^^^^^^^^^^^^^^^^^^^^^^^
  File "C:\GeekBrains\II_quarter\24_01_Django\.venv\Lib\site-packages\django\db\backends\utils.py", line 92, in _execute_with_wrappers
    return executor(sql, params, many, context)
           ^^^^^^^^^^^^^^^^^^^^^^^^^^^^^^^^^^^^
  File "C:\GeekBrains\II_quarter\24_01_Django\.venv\Lib\site-packages\django\db\backends\utils.py", line 100, in _execute
    with self.db.wrap_database_errors:
  File "C:\GeekBrains\II_quarter\24_01_Django\.venv\Lib\site-packages\django\db\utils.py", line 91, in __exit__
    raise dj_exc_value.with_traceback(traceback) from exc_value
  File "C:\GeekBrains\II_quarter\24_01_Django\.venv\Lib\site-packages\django\db\backends\utils.py", line 105, in _execute
    return self.cursor.execute(sql, params)
           ^^^^^^^^^^^^^^^^^^^^^^^^^^^^^^^^
  File "C:\GeekBrains\II_quarter\24_01_Django\.venv\Lib\site-packages\django\db\backends\sqlite3\base.py", line 328, in execute
    return super().execute(query, params)
           ^^^^^^^^^^^^^^^^^^^^^^^^^^^^^^
django.db.utils.OperationalError: no such table: my_fifth_app_category
ERROR 2024-01-26 20:46:27,183 basehttp 2960 23524 "GET /admin/my_fifth_app/category/ HTTP/1.1" 500 193707
INFO 2024-01-26 20:46:28,651 basehttp 2960 23524 "GET /admin/ HTTP/1.1" 200 11424
INFO 2024-01-26 20:46:29,872 basehttp 2960 23524 "GET /admin/ HTTP/1.1" 200 11424
INFO 2024-01-26 20:46:29,975 basehttp 2960 14272 "GET /static/admin/css/dark_mode.css HTTP/1.1" 200 2682
INFO 2024-01-26 20:46:29,977 basehttp 2960 13736 "GET /static/admin/css/dashboard.css HTTP/1.1" 200 441
INFO 2024-01-26 20:46:29,977 basehttp 2960 23524 "GET /static/admin/css/base.css HTTP/1.1" 200 21544
INFO 2024-01-26 20:46:29,978 basehttp 2960 6936 "GET /static/admin/css/responsive.css HTTP/1.1" 200 17905
INFO 2024-01-26 20:46:29,978 basehttp 2960 16244 "GET /static/admin/css/nav_sidebar.css HTTP/1.1" 200 2810
INFO 2024-01-26 20:46:29,992 basehttp 2960 6936 "GET /static/admin/js/theme.js HTTP/1.1" 200 1943
INFO 2024-01-26 20:46:29,994 basehttp 2960 23524 "GET /static/admin/js/nav_sidebar.js HTTP/1.1" 200 3063
INFO 2024-01-26 20:46:30,003 basehttp 2960 16244 "GET /static/admin/img/icon-changelink.svg HTTP/1.1" 200 380
INFO 2024-01-26 20:46:30,003 basehttp 2960 6936 "GET /static/admin/img/icon-addlink.svg HTTP/1.1" 200 331
WARNING 2024-01-26 20:46:30,017 log 2960 6936 Not Found: /favicon.ico
WARNING 2024-01-26 20:46:30,018 basehttp 2960 6936 "GET /favicon.ico HTTP/1.1" 404 2866
INFO 2024-01-26 20:59:49,708 autoreload 7356 7304 Watching for file changes with StatReloader
INFO 2024-01-26 20:59:51,022 views 7356 15828 Index page accessed
INFO 2024-01-26 20:59:51,023 basehttp 7356 15828 "GET / HTTP/1.1" 200 13
ERROR 2024-01-26 20:59:56,549 log 7356 15828 Internal Server Error: /admin/my_fifth_app/category/
Traceback (most recent call last):
  File "C:\GeekBrains\II_quarter\24_01_Django\.venv\Lib\site-packages\django\db\backends\utils.py", line 105, in _execute
    return self.cursor.execute(sql, params)
           ^^^^^^^^^^^^^^^^^^^^^^^^^^^^^^^^
  File "C:\GeekBrains\II_quarter\24_01_Django\.venv\Lib\site-packages\django\db\backends\sqlite3\base.py", line 328, in execute
    return super().execute(query, params)
           ^^^^^^^^^^^^^^^^^^^^^^^^^^^^^^
sqlite3.OperationalError: no such table: my_fifth_app_category

The above exception was the direct cause of the following exception:

Traceback (most recent call last):
  File "C:\GeekBrains\II_quarter\24_01_Django\.venv\Lib\site-packages\django\core\handlers\exception.py", line 55, in inner
    response = get_response(request)
               ^^^^^^^^^^^^^^^^^^^^^
  File "C:\GeekBrains\II_quarter\24_01_Django\.venv\Lib\site-packages\django\core\handlers\base.py", line 197, in _get_response
    response = wrapped_callback(request, *callback_args, **callback_kwargs)
               ^^^^^^^^^^^^^^^^^^^^^^^^^^^^^^^^^^^^^^^^^^^^^^^^^^^^^^^^^^^^
  File "C:\GeekBrains\II_quarter\24_01_Django\.venv\Lib\site-packages\django\contrib\admin\options.py", line 714, in wrapper
    return self.admin_site.admin_view(view)(*args, **kwargs)
           ^^^^^^^^^^^^^^^^^^^^^^^^^^^^^^^^^^^^^^^^^^^^^^^^^
  File "C:\GeekBrains\II_quarter\24_01_Django\.venv\Lib\site-packages\django\utils\decorators.py", line 188, in _view_wrapper
    result = _process_exception(request, e)
             ^^^^^^^^^^^^^^^^^^^^^^^^^^^^^^
  File "C:\GeekBrains\II_quarter\24_01_Django\.venv\Lib\site-packages\django\utils\decorators.py", line 186, in _view_wrapper
    response = view_func(request, *args, **kwargs)
               ^^^^^^^^^^^^^^^^^^^^^^^^^^^^^^^^^^^
  File "C:\GeekBrains\II_quarter\24_01_Django\.venv\Lib\site-packages\django\views\decorators\cache.py", line 80, in _view_wrapper
    response = view_func(request, *args, **kwargs)
               ^^^^^^^^^^^^^^^^^^^^^^^^^^^^^^^^^^^
  File "C:\GeekBrains\II_quarter\24_01_Django\.venv\Lib\site-packages\django\contrib\admin\sites.py", line 240, in inner
    return view(request, *args, **kwargs)
           ^^^^^^^^^^^^^^^^^^^^^^^^^^^^^^
  File "C:\GeekBrains\II_quarter\24_01_Django\.venv\Lib\site-packages\django\utils\decorators.py", line 48, in _wrapper
    return bound_method(*args, **kwargs)
           ^^^^^^^^^^^^^^^^^^^^^^^^^^^^^
  File "C:\GeekBrains\II_quarter\24_01_Django\.venv\Lib\site-packages\django\utils\decorators.py", line 188, in _view_wrapper
    result = _process_exception(request, e)
             ^^^^^^^^^^^^^^^^^^^^^^^^^^^^^^
  File "C:\GeekBrains\II_quarter\24_01_Django\.venv\Lib\site-packages\django\utils\decorators.py", line 186, in _view_wrapper
    response = view_func(request, *args, **kwargs)
               ^^^^^^^^^^^^^^^^^^^^^^^^^^^^^^^^^^^
  File "C:\GeekBrains\II_quarter\24_01_Django\.venv\Lib\site-packages\django\contrib\admin\options.py", line 1981, in changelist_view
    cl = self.get_changelist_instance(request)
         ^^^^^^^^^^^^^^^^^^^^^^^^^^^^^^^^^^^^^
  File "C:\GeekBrains\II_quarter\24_01_Django\.venv\Lib\site-packages\django\contrib\admin\options.py", line 862, in get_changelist_instance
    return ChangeList(
           ^^^^^^^^^^^
  File "C:\GeekBrains\II_quarter\24_01_Django\.venv\Lib\site-packages\django\contrib\admin\views\main.py", line 145, in __init__
    self.get_results(request)
  File "C:\GeekBrains\II_quarter\24_01_Django\.venv\Lib\site-packages\django\contrib\admin\views\main.py", line 312, in get_results
    result_count = paginator.count
                   ^^^^^^^^^^^^^^^
  File "C:\GeekBrains\II_quarter\24_01_Django\.venv\Lib\site-packages\django\utils\functional.py", line 47, in __get__
    res = instance.__dict__[self.name] = self.func(instance)
                                         ^^^^^^^^^^^^^^^^^^^
  File "C:\GeekBrains\II_quarter\24_01_Django\.venv\Lib\site-packages\django\core\paginator.py", line 110, in count
    return c()
           ^^^
  File "C:\GeekBrains\II_quarter\24_01_Django\.venv\Lib\site-packages\django\db\models\query.py", line 618, in count
    return self.query.get_count(using=self.db)
           ^^^^^^^^^^^^^^^^^^^^^^^^^^^^^^^^^^^
  File "C:\GeekBrains\II_quarter\24_01_Django\.venv\Lib\site-packages\django\db\models\sql\query.py", line 618, in get_count
    return obj.get_aggregation(using, {"__count": Count("*")})["__count"]
           ^^^^^^^^^^^^^^^^^^^^^^^^^^^^^^^^^^^^^^^^^^^^^^^^^^^
  File "C:\GeekBrains\II_quarter\24_01_Django\.venv\Lib\site-packages\django\db\models\sql\query.py", line 604, in get_aggregation
    result = compiler.execute_sql(SINGLE)
             ^^^^^^^^^^^^^^^^^^^^^^^^^^^^
  File "C:\GeekBrains\II_quarter\24_01_Django\.venv\Lib\site-packages\django\db\models\sql\compiler.py", line 1562, in execute_sql
    cursor.execute(sql, params)
  File "C:\GeekBrains\II_quarter\24_01_Django\.venv\Lib\site-packages\django\db\backends\utils.py", line 122, in execute
    return super().execute(sql, params)
           ^^^^^^^^^^^^^^^^^^^^^^^^^^^^
  File "C:\GeekBrains\II_quarter\24_01_Django\.venv\Lib\site-packages\django\db\backends\utils.py", line 79, in execute
    return self._execute_with_wrappers(
           ^^^^^^^^^^^^^^^^^^^^^^^^^^^^
  File "C:\GeekBrains\II_quarter\24_01_Django\.venv\Lib\site-packages\django\db\backends\utils.py", line 92, in _execute_with_wrappers
    return executor(sql, params, many, context)
           ^^^^^^^^^^^^^^^^^^^^^^^^^^^^^^^^^^^^
  File "C:\GeekBrains\II_quarter\24_01_Django\.venv\Lib\site-packages\django\db\backends\utils.py", line 100, in _execute
    with self.db.wrap_database_errors:
  File "C:\GeekBrains\II_quarter\24_01_Django\.venv\Lib\site-packages\django\db\utils.py", line 91, in __exit__
    raise dj_exc_value.with_traceback(traceback) from exc_value
  File "C:\GeekBrains\II_quarter\24_01_Django\.venv\Lib\site-packages\django\db\backends\utils.py", line 105, in _execute
    return self.cursor.execute(sql, params)
           ^^^^^^^^^^^^^^^^^^^^^^^^^^^^^^^^
  File "C:\GeekBrains\II_quarter\24_01_Django\.venv\Lib\site-packages\django\db\backends\sqlite3\base.py", line 328, in execute
    return super().execute(query, params)
           ^^^^^^^^^^^^^^^^^^^^^^^^^^^^^^
django.db.utils.OperationalError: no such table: my_fifth_app_category
ERROR 2024-01-26 20:59:56,555 basehttp 7356 15828 "GET /admin/my_fifth_app/category/ HTTP/1.1" 500 193844
INFO 2024-01-26 21:00:00,725 basehttp 7356 15828 "GET /admin/ HTTP/1.1" 200 11424
INFO 2024-01-26 21:00:01,078 basehttp 7356 15828 "GET /admin/ HTTP/1.1" 200 11424
ERROR 2024-01-26 21:00:02,944 log 7356 15828 Internal Server Error: /admin/my_fifth_app/category/
Traceback (most recent call last):
  File "C:\GeekBrains\II_quarter\24_01_Django\.venv\Lib\site-packages\django\db\backends\utils.py", line 105, in _execute
    return self.cursor.execute(sql, params)
           ^^^^^^^^^^^^^^^^^^^^^^^^^^^^^^^^
  File "C:\GeekBrains\II_quarter\24_01_Django\.venv\Lib\site-packages\django\db\backends\sqlite3\base.py", line 328, in execute
    return super().execute(query, params)
           ^^^^^^^^^^^^^^^^^^^^^^^^^^^^^^
sqlite3.OperationalError: no such table: my_fifth_app_category

The above exception was the direct cause of the following exception:

Traceback (most recent call last):
  File "C:\GeekBrains\II_quarter\24_01_Django\.venv\Lib\site-packages\django\core\handlers\exception.py", line 55, in inner
    response = get_response(request)
               ^^^^^^^^^^^^^^^^^^^^^
  File "C:\GeekBrains\II_quarter\24_01_Django\.venv\Lib\site-packages\django\core\handlers\base.py", line 197, in _get_response
    response = wrapped_callback(request, *callback_args, **callback_kwargs)
               ^^^^^^^^^^^^^^^^^^^^^^^^^^^^^^^^^^^^^^^^^^^^^^^^^^^^^^^^^^^^
  File "C:\GeekBrains\II_quarter\24_01_Django\.venv\Lib\site-packages\django\contrib\admin\options.py", line 714, in wrapper
    return self.admin_site.admin_view(view)(*args, **kwargs)
           ^^^^^^^^^^^^^^^^^^^^^^^^^^^^^^^^^^^^^^^^^^^^^^^^^
  File "C:\GeekBrains\II_quarter\24_01_Django\.venv\Lib\site-packages\django\utils\decorators.py", line 188, in _view_wrapper
    result = _process_exception(request, e)
             ^^^^^^^^^^^^^^^^^^^^^^^^^^^^^^
  File "C:\GeekBrains\II_quarter\24_01_Django\.venv\Lib\site-packages\django\utils\decorators.py", line 186, in _view_wrapper
    response = view_func(request, *args, **kwargs)
               ^^^^^^^^^^^^^^^^^^^^^^^^^^^^^^^^^^^
  File "C:\GeekBrains\II_quarter\24_01_Django\.venv\Lib\site-packages\django\views\decorators\cache.py", line 80, in _view_wrapper
    response = view_func(request, *args, **kwargs)
               ^^^^^^^^^^^^^^^^^^^^^^^^^^^^^^^^^^^
  File "C:\GeekBrains\II_quarter\24_01_Django\.venv\Lib\site-packages\django\contrib\admin\sites.py", line 240, in inner
    return view(request, *args, **kwargs)
           ^^^^^^^^^^^^^^^^^^^^^^^^^^^^^^
  File "C:\GeekBrains\II_quarter\24_01_Django\.venv\Lib\site-packages\django\utils\decorators.py", line 48, in _wrapper
    return bound_method(*args, **kwargs)
           ^^^^^^^^^^^^^^^^^^^^^^^^^^^^^
  File "C:\GeekBrains\II_quarter\24_01_Django\.venv\Lib\site-packages\django\utils\decorators.py", line 188, in _view_wrapper
    result = _process_exception(request, e)
             ^^^^^^^^^^^^^^^^^^^^^^^^^^^^^^
  File "C:\GeekBrains\II_quarter\24_01_Django\.venv\Lib\site-packages\django\utils\decorators.py", line 186, in _view_wrapper
    response = view_func(request, *args, **kwargs)
               ^^^^^^^^^^^^^^^^^^^^^^^^^^^^^^^^^^^
  File "C:\GeekBrains\II_quarter\24_01_Django\.venv\Lib\site-packages\django\contrib\admin\options.py", line 1981, in changelist_view
    cl = self.get_changelist_instance(request)
         ^^^^^^^^^^^^^^^^^^^^^^^^^^^^^^^^^^^^^
  File "C:\GeekBrains\II_quarter\24_01_Django\.venv\Lib\site-packages\django\contrib\admin\options.py", line 862, in get_changelist_instance
    return ChangeList(
           ^^^^^^^^^^^
  File "C:\GeekBrains\II_quarter\24_01_Django\.venv\Lib\site-packages\django\contrib\admin\views\main.py", line 145, in __init__
    self.get_results(request)
  File "C:\GeekBrains\II_quarter\24_01_Django\.venv\Lib\site-packages\django\contrib\admin\views\main.py", line 312, in get_results
    result_count = paginator.count
                   ^^^^^^^^^^^^^^^
  File "C:\GeekBrains\II_quarter\24_01_Django\.venv\Lib\site-packages\django\utils\functional.py", line 47, in __get__
    res = instance.__dict__[self.name] = self.func(instance)
                                         ^^^^^^^^^^^^^^^^^^^
  File "C:\GeekBrains\II_quarter\24_01_Django\.venv\Lib\site-packages\django\core\paginator.py", line 110, in count
    return c()
           ^^^
  File "C:\GeekBrains\II_quarter\24_01_Django\.venv\Lib\site-packages\django\db\models\query.py", line 618, in count
    return self.query.get_count(using=self.db)
           ^^^^^^^^^^^^^^^^^^^^^^^^^^^^^^^^^^^
  File "C:\GeekBrains\II_quarter\24_01_Django\.venv\Lib\site-packages\django\db\models\sql\query.py", line 618, in get_count
    return obj.get_aggregation(using, {"__count": Count("*")})["__count"]
           ^^^^^^^^^^^^^^^^^^^^^^^^^^^^^^^^^^^^^^^^^^^^^^^^^^^
  File "C:\GeekBrains\II_quarter\24_01_Django\.venv\Lib\site-packages\django\db\models\sql\query.py", line 604, in get_aggregation
    result = compiler.execute_sql(SINGLE)
             ^^^^^^^^^^^^^^^^^^^^^^^^^^^^
  File "C:\GeekBrains\II_quarter\24_01_Django\.venv\Lib\site-packages\django\db\models\sql\compiler.py", line 1562, in execute_sql
    cursor.execute(sql, params)
  File "C:\GeekBrains\II_quarter\24_01_Django\.venv\Lib\site-packages\django\db\backends\utils.py", line 122, in execute
    return super().execute(sql, params)
           ^^^^^^^^^^^^^^^^^^^^^^^^^^^^
  File "C:\GeekBrains\II_quarter\24_01_Django\.venv\Lib\site-packages\django\db\backends\utils.py", line 79, in execute
    return self._execute_with_wrappers(
           ^^^^^^^^^^^^^^^^^^^^^^^^^^^^
  File "C:\GeekBrains\II_quarter\24_01_Django\.venv\Lib\site-packages\django\db\backends\utils.py", line 92, in _execute_with_wrappers
    return executor(sql, params, many, context)
           ^^^^^^^^^^^^^^^^^^^^^^^^^^^^^^^^^^^^
  File "C:\GeekBrains\II_quarter\24_01_Django\.venv\Lib\site-packages\django\db\backends\utils.py", line 100, in _execute
    with self.db.wrap_database_errors:
  File "C:\GeekBrains\II_quarter\24_01_Django\.venv\Lib\site-packages\django\db\utils.py", line 91, in __exit__
    raise dj_exc_value.with_traceback(traceback) from exc_value
  File "C:\GeekBrains\II_quarter\24_01_Django\.venv\Lib\site-packages\django\db\backends\utils.py", line 105, in _execute
    return self.cursor.execute(sql, params)
           ^^^^^^^^^^^^^^^^^^^^^^^^^^^^^^^^
  File "C:\GeekBrains\II_quarter\24_01_Django\.venv\Lib\site-packages\django\db\backends\sqlite3\base.py", line 328, in execute
    return super().execute(query, params)
           ^^^^^^^^^^^^^^^^^^^^^^^^^^^^^^
django.db.utils.OperationalError: no such table: my_fifth_app_category
ERROR 2024-01-26 21:00:02,948 basehttp 7356 15828 "GET /admin/my_fifth_app/category/ HTTP/1.1" 500 193707
INFO 2024-01-26 22:04:25,657 autoreload 14308 22944 Watching for file changes with StatReloader
INFO 2024-01-26 22:04:27,232 views 14308 8556 Index page accessed
INFO 2024-01-26 22:04:27,233 basehttp 14308 8556 "GET / HTTP/1.1" 200 13
WARNING 2024-01-26 22:04:27,331 log 14308 8556 Not Found: /favicon.ico
WARNING 2024-01-26 22:04:27,332 basehttp 14308 8556 "GET /favicon.ico HTTP/1.1" 404 2866
INFO 2024-01-26 22:04:38,023 basehttp 14308 8556 "GET /admin/ HTTP/1.1" 302 0
INFO 2024-01-26 22:04:38,056 basehttp 14308 8556 "GET /admin/login/?next=/admin/ HTTP/1.1" 200 4359
INFO 2024-01-26 22:04:38,214 basehttp 14308 8556 "GET /static/admin/css/login.css HTTP/1.1" 304 0
INFO 2024-01-26 22:04:39,187 basehttp 14308 8556 "GET /admin/ HTTP/1.1" 302 0
INFO 2024-01-26 22:04:39,197 basehttp 14308 8556 "GET /admin/login/?next=/admin/ HTTP/1.1" 200 4359
INFO 2024-01-26 22:04:49,616 basehttp 14308 8556 "POST /admin/login/?next=/admin/ HTTP/1.1" 200 4625
INFO 2024-01-26 22:05:00,442 basehttp 14308 8556 "POST /admin/login/?next=/admin/ HTTP/1.1" 200 4625
INFO 2024-01-26 22:05:11,792 basehttp 14308 8556 "POST /admin/login/?next=/admin/ HTTP/1.1" 200 4625
INFO 2024-01-26 22:07:08,944 autoreload 13744 13452 Watching for file changes with StatReloader
INFO 2024-01-26 22:07:14,250 basehttp 13744 2756 "POST /admin/login/?next=/admin/ HTTP/1.1" 302 0
INFO 2024-01-26 22:07:14,287 basehttp 13744 2756 "GET /admin/ HTTP/1.1" 200 8347
INFO 2024-01-26 22:07:18,253 basehttp 13744 2756 "GET /admin/my_fifth_app/category/ HTTP/1.1" 200 9304
INFO 2024-01-26 22:07:18,289 basehttp 13744 23568 "GET /admin/jsi18n/ HTTP/1.1" 200 17546
INFO 2024-01-26 22:07:20,042 basehttp 13744 23568 "GET /admin/my_fifth_app/category/add/ HTTP/1.1" 200 10147
INFO 2024-01-26 22:07:20,077 basehttp 13744 2756 "GET /admin/jsi18n/ HTTP/1.1" 200 17546
INFO 2024-01-26 22:07:25,430 basehttp 13744 2756 "POST /admin/my_fifth_app/category/add/ HTTP/1.1" 302 0
INFO 2024-01-26 22:07:25,445 basehttp 13744 2756 "GET /admin/my_fifth_app/category/add/ HTTP/1.1" 200 10484
INFO 2024-01-26 22:07:25,481 basehttp 13744 23568 "GET /admin/jsi18n/ HTTP/1.1" 200 17546
INFO 2024-01-26 22:07:32,533 basehttp 13744 23568 "POST /admin/my_fifth_app/category/add/ HTTP/1.1" 302 0
INFO 2024-01-26 22:07:32,553 basehttp 13744 23568 "GET /admin/my_fifth_app/category/ HTTP/1.1" 200 11524
INFO 2024-01-26 22:07:32,584 basehttp 13744 2756 "GET /admin/jsi18n/ HTTP/1.1" 200 17546
INFO 2024-01-26 22:07:35,179 basehttp 13744 2756 "GET /admin/my_fifth_app/product/ HTTP/1.1" 200 9292
INFO 2024-01-26 22:07:35,211 basehttp 13744 23568 "GET /admin/jsi18n/ HTTP/1.1" 200 17546
INFO 2024-01-26 22:07:36,820 basehttp 13744 23568 "GET /admin/my_fifth_app/product/add/ HTTP/1.1" 200 14671
INFO 2024-01-26 22:07:36,847 basehttp 13744 2756 "GET /admin/jsi18n/ HTTP/1.1" 200 17546
INFO 2024-01-26 22:07:55,248 basehttp 13744 2756 "POST /admin/my_fifth_app/product/add/ HTTP/1.1" 302 0
INFO 2024-01-26 22:07:55,265 basehttp 13744 2756 "GET /admin/my_fifth_app/product/ HTTP/1.1" 200 11059
INFO 2024-01-26 22:07:55,296 basehttp 13744 23568 "GET /admin/jsi18n/ HTTP/1.1" 200 17546
INFO 2024-01-26 22:07:59,138 basehttp 13744 23568 "GET /admin/my_fifth_app/product/ HTTP/1.1" 200 10832
INFO 2024-01-26 22:07:59,180 basehttp 13744 2756 "GET /admin/jsi18n/ HTTP/1.1" 200 17546
INFO 2024-01-26 22:08:00,804 basehttp 13744 2756 "GET /admin/my_fifth_app/product/1/change/ HTTP/1.1" 200 14905
INFO 2024-01-26 22:08:00,835 basehttp 13744 23568 "GET /admin/jsi18n/ HTTP/1.1" 200 17546
INFO 2024-01-26 22:08:04,071 basehttp 13744 23568 "POST /admin/my_fifth_app/product/1/change/ HTTP/1.1" 302 0
INFO 2024-01-26 22:08:04,086 basehttp 13744 23568 "GET /admin/my_fifth_app/product/ HTTP/1.1" 200 11061
INFO 2024-01-26 22:08:04,137 basehttp 13744 2756 "GET /admin/jsi18n/ HTTP/1.1" 200 17546
INFO 2024-01-26 22:26:18,094 basehttp 13744 3588 "GET /admin/my_fifth_app/product/add/ HTTP/1.1" 200 14671
INFO 2024-01-26 22:26:18,137 basehttp 13744 3444 "GET /admin/jsi18n/ HTTP/1.1" 200 17546
INFO 2024-01-26 22:26:42,503 basehttp 13744 3444 "POST /admin/my_fifth_app/product/add/ HTTP/1.1" 302 0
INFO 2024-01-26 22:26:42,519 basehttp 13744 3444 "GET /admin/my_fifth_app/product/ HTTP/1.1" 200 11418
INFO 2024-01-26 22:26:42,550 basehttp 13744 3588 "GET /admin/jsi18n/ HTTP/1.1" 200 17546
INFO 2024-01-26 22:27:25,480 basehttp 13744 3588 "GET /admin/my_fifth_app/category/ HTTP/1.1" 200 11275
INFO 2024-01-26 22:27:25,512 basehttp 13744 3444 "GET /admin/jsi18n/ HTTP/1.1" 200 17546
INFO 2024-01-26 22:27:27,842 basehttp 13744 3444 "GET /admin/my_fifth_app/product/ HTTP/1.1" 200 11185
INFO 2024-01-26 22:27:27,872 basehttp 13744 3588 "GET /admin/jsi18n/ HTTP/1.1" 200 17546
INFO 2024-01-26 22:27:29,736 basehttp 13744 3588 "GET /admin/my_fifth_app/product/2/change/ HTTP/1.1" 200 14951
INFO 2024-01-26 22:27:29,768 basehttp 13744 3444 "GET /admin/jsi18n/ HTTP/1.1" 200 17546
INFO 2024-01-26 22:28:09,369 autoreload 13744 13452 C:\GeekBrains\II_quarter\24_01_Django\lectures\lect_1\lect_1_project\my_fifth_app\models.py changed, reloading.
INFO 2024-01-26 22:28:09,697 autoreload 15940 21320 Watching for file changes with StatReloader
INFO 2024-01-26 22:29:48,301 autoreload 15940 21320 C:\GeekBrains\II_quarter\24_01_Django\lectures\lect_1\lect_1_project\my_fifth_app\models.py changed, reloading.
INFO 2024-01-26 22:29:48,638 autoreload 12104 24476 Watching for file changes with StatReloader
INFO 2024-01-26 22:31:17,498 autoreload 12104 24476 C:\GeekBrains\II_quarter\24_01_Django\lectures\lect_1\lect_1_project\my_fifth_app\admin.py changed, reloading.
INFO 2024-01-26 22:31:17,811 autoreload 3252 20632 Watching for file changes with StatReloader
INFO 2024-01-26 22:31:24,101 autoreload 3252 20632 C:\GeekBrains\II_quarter\24_01_Django\lectures\lect_1\lect_1_project\my_fifth_app\admin.py changed, reloading.
INFO 2024-01-26 22:31:24,416 autoreload 19796 6244 Watching for file changes with StatReloader
INFO 2024-01-26 22:31:27,655 autoreload 19796 6244 C:\GeekBrains\II_quarter\24_01_Django\lectures\lect_1\lect_1_project\my_fifth_app\admin.py changed, reloading.
INFO 2024-01-26 22:31:27,960 autoreload 19000 9436 Watching for file changes with StatReloader
INFO 2024-01-26 22:31:36,298 autoreload 19000 9436 C:\GeekBrains\II_quarter\24_01_Django\lectures\lect_1\lect_1_project\my_fifth_app\admin.py changed, reloading.
INFO 2024-01-26 22:31:36,632 autoreload 7244 23288 Watching for file changes with StatReloader
INFO 2024-01-26 22:31:40,909 autoreload 7244 23288 C:\GeekBrains\II_quarter\24_01_Django\lectures\lect_1\lect_1_project\my_fifth_app\admin.py changed, reloading.
INFO 2024-01-26 22:31:41,226 autoreload 21680 7164 Watching for file changes with StatReloader
INFO 2024-01-26 22:31:59,715 autoreload 21680 7164 C:\GeekBrains\II_quarter\24_01_Django\lectures\lect_1\lect_1_project\my_fifth_app\admin.py changed, reloading.
INFO 2024-01-26 22:32:00,053 autoreload 16356 6932 Watching for file changes with StatReloader
INFO 2024-01-26 22:32:07,387 autoreload 16356 6932 C:\GeekBrains\II_quarter\24_01_Django\lectures\lect_1\lect_1_project\my_fifth_app\admin.py changed, reloading.
INFO 2024-01-26 22:32:07,731 autoreload 22032 13124 Watching for file changes with StatReloader
INFO 2024-01-26 22:32:10,998 autoreload 22032 13124 C:\GeekBrains\II_quarter\24_01_Django\lectures\lect_1\lect_1_project\my_fifth_app\admin.py changed, reloading.
INFO 2024-01-26 22:32:11,351 autoreload 24252 17372 Watching for file changes with StatReloader
INFO 2024-01-26 22:32:18,773 basehttp 24252 8492 "POST /admin/my_fifth_app/product/2/change/ HTTP/1.1" 302 0
INFO 2024-01-26 22:32:18,813 basehttp 24252 8492 "GET /admin/my_fifth_app/product/ HTTP/1.1" 200 11420
INFO 2024-01-26 22:32:18,841 basehttp 24252 16784 "GET /admin/jsi18n/ HTTP/1.1" 200 17546
INFO 2024-01-26 22:32:20,535 basehttp 24252 16784 "GET /admin/my_fifth_app/product/ HTTP/1.1" 200 11185
INFO 2024-01-26 22:32:20,560 basehttp 24252 8492 "GET /admin/jsi18n/ HTTP/1.1" 200 17546
INFO 2024-01-26 22:32:23,168 basehttp 24252 8492 "GET /admin/my_fifth_app/product/ HTTP/1.1" 200 11185
INFO 2024-01-26 22:32:23,202 basehttp 24252 7312 "GET /admin/jsi18n/ HTTP/1.1" 200 17546
INFO 2024-01-26 22:32:23,286 basehttp 24252 8492 "GET /static/admin/css/base.css HTTP/1.1" 200 21544
INFO 2024-01-26 22:32:23,287 basehttp 24252 16784 "GET /static/admin/css/dark_mode.css HTTP/1.1" 200 2682
INFO 2024-01-26 22:32:23,288 basehttp 24252 22848 "GET /static/admin/css/nav_sidebar.css HTTP/1.1" 200 2810
INFO 2024-01-26 22:32:23,289 basehttp 24252 3756 "GET /static/admin/css/responsive.css HTTP/1.1" 200 17905
INFO 2024-01-26 22:32:23,292 basehttp 24252 16412 "GET /static/admin/css/changelists.css HTTP/1.1" 200 6811
INFO 2024-01-26 22:32:23,299 basehttp 24252 16784 "GET /static/admin/js/jquery.init.js HTTP/1.1" 200 347
INFO 2024-01-26 22:32:23,303 basehttp 24252 22848 "GET /static/admin/js/core.js HTTP/1.1" 200 6208
INFO 2024-01-26 22:32:23,306 basehttp 24252 3756 "GET /static/admin/js/actions.js HTTP/1.1" 200 8067
INFO 2024-01-26 22:32:23,306 basehttp 24252 8492 "GET /static/admin/js/admin/RelatedObjectLookups.js HTTP/1.1" 200 9042
INFO 2024-01-26 22:32:23,307 basehttp 24252 16412 "GET /static/admin/js/urlify.js HTTP/1.1" 200 7887
INFO 2024-01-26 22:32:23,310 basehttp 24252 16784 "GET /static/admin/js/prepopulate.js HTTP/1.1" 200 1531
INFO 2024-01-26 22:32:23,316 basehttp 24252 7312 "GET /static/admin/js/vendor/jquery/jquery.js HTTP/1.1" 200 285314
INFO 2024-01-26 22:32:23,332 basehttp 24252 22848 "GET /static/admin/js/vendor/xregexp/xregexp.js HTTP/1.1" 200 325171
INFO 2024-01-26 22:32:23,365 basehttp 24252 7312 "GET /static/admin/js/theme.js HTTP/1.1" 200 1943
INFO 2024-01-26 22:32:23,375 basehttp 24252 7312 "GET /static/admin/js/nav_sidebar.js HTTP/1.1" 200 3063
INFO 2024-01-26 22:32:23,385 basehttp 24252 22848 "GET /static/admin/js/filters.js HTTP/1.1" 200 978
INFO 2024-01-26 22:32:23,386 basehttp 24252 7312 "GET /static/admin/img/icon-addlink.svg HTTP/1.1" 200 331
INFO 2024-01-26 22:32:23,387 basehttp 24252 16784 "GET /static/admin/img/tooltag-add.svg HTTP/1.1" 200 331
WARNING 2024-01-26 22:32:23,407 log 24252 16784 Not Found: /favicon.ico
WARNING 2024-01-26 22:32:23,407 basehttp 24252 16784 "GET /favicon.ico HTTP/1.1" 404 2866
INFO 2024-01-26 22:32:39,826 autoreload 3004 3880 Watching for file changes with StatReloader
INFO 2024-01-26 22:32:41,718 basehttp 3004 16988 "GET /admin/my_fifth_app/product/ HTTP/1.1" 200 11185
INFO 2024-01-26 22:32:41,748 basehttp 3004 12608 "GET /admin/jsi18n/ HTTP/1.1" 200 17546
INFO 2024-01-26 22:32:45,673 basehttp 3004 12608 "GET /admin/my_fifth_app/category/ HTTP/1.1" 200 11275
INFO 2024-01-26 22:32:45,704 basehttp 3004 16988 "GET /admin/jsi18n/ HTTP/1.1" 200 17546
INFO 2024-01-26 22:32:47,261 basehttp 3004 16988 "GET /admin/my_fifth_app/product/ HTTP/1.1" 200 11185
INFO 2024-01-26 22:32:47,288 basehttp 3004 12608 "GET /admin/jsi18n/ HTTP/1.1" 200 17546
INFO 2024-01-26 22:32:48,988 basehttp 3004 12608 "GET /admin/my_fifth_app/product/2/change/ HTTP/1.1" 200 14951
INFO 2024-01-26 22:32:49,016 basehttp 3004 16988 "GET /admin/jsi18n/ HTTP/1.1" 200 17546
INFO 2024-01-26 22:32:51,163 basehttp 3004 16988 "GET /admin/my_fifth_app/product/ HTTP/1.1" 200 11185
INFO 2024-01-26 22:34:05,802 autoreload 3004 3880 C:\GeekBrains\II_quarter\24_01_Django\lectures\lect_1\lect_1_project\my_fifth_app\admin.py changed, reloading.
INFO 2024-01-26 22:34:06,135 autoreload 7472 22720 Watching for file changes with StatReloader
INFO 2024-01-26 22:34:08,471 basehttp 7472 20668 "GET /admin/my_fifth_app/product/ HTTP/1.1" 200 11709
INFO 2024-01-26 22:34:08,504 basehttp 7472 18236 "GET /admin/jsi18n/ HTTP/1.1" 200 17546
INFO 2024-01-26 22:34:35,351 basehttp 7472 18236 "GET /admin/my_fifth_app/product/?o=1 HTTP/1.1" 200 12091
INFO 2024-01-26 22:34:35,384 basehttp 7472 20668 "GET /admin/jsi18n/ HTTP/1.1" 200 17546
INFO 2024-01-26 22:34:35,403 basehttp 7472 20668 "GET /static/admin/img/sorting-icons.svg HTTP/1.1" 304 0
INFO 2024-01-26 22:34:36,790 basehttp 7472 20668 "GET /admin/my_fifth_app/product/?o=2.1 HTTP/1.1" 200 12579
INFO 2024-01-26 22:34:36,826 basehttp 7472 18236 "GET /admin/jsi18n/ HTTP/1.1" 200 17546
INFO 2024-01-26 22:34:38,221 basehttp 7472 18236 "GET /admin/my_fifth_app/product/?o=3.2.1 HTTP/1.1" 200 12990
INFO 2024-01-26 22:34:38,254 basehttp 7472 20668 "GET /admin/jsi18n/ HTTP/1.1" 200 17546
INFO 2024-01-26 22:34:38,988 basehttp 7472 20668 "GET /admin/my_fifth_app/product/?o=-3.2.1 HTTP/1.1" 200 12999
INFO 2024-01-26 22:34:39,016 basehttp 7472 18236 "GET /admin/jsi18n/ HTTP/1.1" 200 17546
INFO 2024-01-26 22:34:55,737 basehttp 7472 18236 "GET /admin/my_fifth_app/product/?o=-3.2 HTTP/1.1" 200 12586
INFO 2024-01-26 22:34:55,780 basehttp 7472 20668 "GET /admin/jsi18n/ HTTP/1.1" 200 17546
INFO 2024-01-26 22:34:57,361 basehttp 7472 20668 "GET /admin/my_fifth_app/product/?o=-3 HTTP/1.1" 200 12096
INFO 2024-01-26 22:34:57,391 basehttp 7472 18236 "GET /admin/jsi18n/ HTTP/1.1" 200 17546
INFO 2024-01-26 22:34:59,424 basehttp 7472 18236 "GET /admin/my_fifth_app/product/?o= HTTP/1.1" 200 11784
INFO 2024-01-26 22:34:59,453 basehttp 7472 20668 "GET /admin/jsi18n/ HTTP/1.1" 200 17546
INFO 2024-01-26 22:35:01,202 basehttp 7472 20668 "GET /admin/my_fifth_app/product/?o=1 HTTP/1.1" 200 12091
INFO 2024-01-26 22:35:01,229 basehttp 7472 18236 "GET /admin/jsi18n/ HTTP/1.1" 200 17546
INFO 2024-01-26 22:35:39,264 autoreload 7472 22720 C:\GeekBrains\II_quarter\24_01_Django\lectures\lect_1\lect_1_project\my_fifth_app\admin.py changed, reloading.
INFO 2024-01-26 22:35:39,639 autoreload 7732 2752 Watching for file changes with StatReloader
INFO 2024-01-26 22:35:43,465 basehttp 7732 18340 "GET /admin/my_fifth_app/product/ HTTP/1.1" 200 12499
INFO 2024-01-26 22:35:43,503 basehttp 7732 11520 "GET /admin/jsi18n/ HTTP/1.1" 200 17546
INFO 2024-01-26 22:35:55,907 basehttp 7732 11520 "GET /admin/my_fifth_app/product/add/ HTTP/1.1" 200 14671
INFO 2024-01-26 22:35:55,944 basehttp 7732 18340 "GET /admin/jsi18n/ HTTP/1.1" 200 17546
INFO 2024-01-26 22:36:03,448 basehttp 7732 18340 "GET /admin/my_fifth_app/category/add/?_to_field=id&_popup=1 HTTP/1.1" 200 4482
INFO 2024-01-26 22:36:03,475 basehttp 7732 11520 "GET /admin/jsi18n/ HTTP/1.1" 200 17546
INFO 2024-01-26 22:36:07,432 basehttp 7732 11520 "POST /admin/my_fifth_app/category/add/?_to_field=id&_popup=1 HTTP/1.1" 200 409
INFO 2024-01-26 22:36:07,501 basehttp 7732 18340 "GET /static/admin/js/popup_response.js HTTP/1.1" 200 551
INFO 2024-01-26 22:36:15,549 basehttp 7732 18340 "POST /admin/my_fifth_app/product/add/ HTTP/1.1" 302 0
INFO 2024-01-26 22:36:15,568 basehttp 7732 18340 "GET /admin/my_fifth_app/product/ HTTP/1.1" 200 13163
INFO 2024-01-26 22:36:15,646 basehttp 7732 11520 "GET /admin/jsi18n/ HTTP/1.1" 200 17546
INFO 2024-01-26 22:37:34,212 autoreload 7732 2752 C:\GeekBrains\II_quarter\24_01_Django\lectures\lect_1\lect_1_project\my_fifth_app\admin.py changed, reloading.
INFO 2024-01-26 22:37:34,532 autoreload 10928 17452 Watching for file changes with StatReloader
INFO 2024-01-26 22:37:56,138 autoreload 10928 17452 C:\GeekBrains\II_quarter\24_01_Django\lectures\lect_1\lect_1_project\my_fifth_app\admin.py changed, reloading.
INFO 2024-01-26 22:37:56,473 autoreload 23332 21324 Watching for file changes with StatReloader
INFO 2024-01-26 22:38:00,618 basehttp 23332 9968 "GET /admin/my_fifth_app/product/ HTTP/1.1" 200 12932
INFO 2024-01-26 22:38:00,696 basehttp 23332 19408 "GET /admin/jsi18n/ HTTP/1.1" 200 17546
INFO 2024-01-26 22:38:19,208 autoreload 23332 21324 C:\GeekBrains\II_quarter\24_01_Django\lectures\lect_1\lect_1_project\my_fifth_app\admin.py changed, reloading.
INFO 2024-01-26 22:38:19,546 autoreload 22832 20980 Watching for file changes with StatReloader
INFO 2024-01-26 22:38:20,174 basehttp 22832 19824 "GET /admin/my_fifth_app/product/ HTTP/1.1" 200 14440
INFO 2024-01-26 22:38:20,202 basehttp 22832 22868 "GET /admin/jsi18n/ HTTP/1.1" 200 17546
INFO 2024-01-26 22:39:56,642 autoreload 22832 20980 C:\GeekBrains\II_quarter\24_01_Django\lectures\lect_1\lect_1_project\my_fifth_app\admin.py changed, reloading.
INFO 2024-01-26 22:39:56,999 autoreload 15228 11976 Watching for file changes with StatReloader
INFO 2024-01-26 22:39:58,240 basehttp 15228 3224 "GET /admin/my_fifth_app/product/ HTTP/1.1" 200 14948
INFO 2024-01-26 22:39:58,271 basehttp 15228 20568 "GET /static/admin/img/search.svg HTTP/1.1" 304 0
INFO 2024-01-26 22:39:58,274 basehttp 15228 280 "GET /admin/jsi18n/ HTTP/1.1" 200 17546
INFO 2024-01-26 22:40:50,364 autoreload 15228 11976 C:\GeekBrains\II_quarter\24_01_Django\lectures\lect_1\lect_1_project\my_fifth_app\admin.py changed, reloading.
INFO 2024-01-26 22:40:50,708 autoreload 20868 10100 Watching for file changes with StatReloader
INFO 2024-01-26 22:43:45,305 autoreload 20868 10100 C:\GeekBrains\II_quarter\24_01_Django\lectures\lect_1\lect_1_project\my_fifth_app\admin.py changed, reloading.
INFO 2024-01-26 22:43:45,651 autoreload 23828 3580 Watching for file changes with StatReloader
INFO 2024-01-26 22:44:17,259 basehttp 23828 24564 "GET /admin/my_fifth_app/product/ HTTP/1.1" 200 14948
INFO 2024-01-26 22:44:17,291 basehttp 23828 13652 "GET /admin/jsi18n/ HTTP/1.1" 200 17546
INFO 2024-01-26 22:44:33,871 autoreload 20492 22032 Watching for file changes with StatReloader
INFO 2024-01-26 22:44:35,990 basehttp 20492 20668 "GET /admin/my_fifth_app/product/ HTTP/1.1" 200 14948
INFO 2024-01-26 22:44:36,021 basehttp 20492 15024 "GET /admin/jsi18n/ HTTP/1.1" 200 17546
INFO 2024-01-26 22:45:00,649 autoreload 20492 22032 C:\GeekBrains\II_quarter\24_01_Django\lectures\lect_1\lect_1_project\my_fifth_app\admin.py changed, reloading.
INFO 2024-01-26 22:45:00,985 autoreload 20040 20168 Watching for file changes with StatReloader
INFO 2024-01-26 22:45:01,423 basehttp 20040 24156 "GET /admin/my_fifth_app/product/ HTTP/1.1" 200 15041
INFO 2024-01-26 22:45:01,455 basehttp 20040 13368 "GET /admin/jsi18n/ HTTP/1.1" 200 17546
INFO 2024-01-26 22:45:07,938 basehttp 20040 13368 "POST /admin/my_fifth_app/product/ HTTP/1.1" 302 0
INFO 2024-01-26 22:45:07,958 basehttp 20040 13368 "GET /admin/my_fifth_app/product/ HTTP/1.1" 200 15039
INFO 2024-01-26 22:45:07,988 basehttp 20040 24156 "GET /admin/jsi18n/ HTTP/1.1" 200 17546
INFO 2024-01-26 22:47:45,356 autoreload 20040 20168 C:\GeekBrains\II_quarter\24_01_Django\lectures\lect_1\lect_1_project\my_fifth_app\admin.py changed, reloading.
INFO 2024-01-26 22:47:45,711 autoreload 12244 16212 Watching for file changes with StatReloader
INFO 2024-01-26 22:49:35,037 autoreload 12244 16212 C:\GeekBrains\II_quarter\24_01_Django\lectures\lect_1\lect_1_project\my_fifth_app\admin.py changed, reloading.
INFO 2024-01-26 22:49:35,383 autoreload 22904 14064 Watching for file changes with StatReloader
INFO 2024-01-26 22:53:35,148 autoreload 22904 14064 C:\GeekBrains\II_quarter\24_01_Django\lectures\lect_1\lect_1_project\my_fifth_app\admin.py changed, reloading.
INFO 2024-01-26 22:53:35,487 autoreload 20896 16596 Watching for file changes with StatReloader
INFO 2024-01-26 22:53:37,571 basehttp 20896 20076 "GET /admin/my_fifth_app/product/ HTTP/1.1" 200 15039
INFO 2024-01-26 22:53:37,604 basehttp 20896 19952 "GET /admin/jsi18n/ HTTP/1.1" 200 17546
INFO 2024-01-26 22:53:40,421 basehttp 20896 19952 "GET /admin/my_fifth_app/product/ HTTP/1.1" 200 15039
INFO 2024-01-26 22:53:40,450 basehttp 20896 20076 "GET /admin/jsi18n/ HTTP/1.1" 200 17546
INFO 2024-01-26 22:53:41,636 basehttp 20896 20076 "GET /admin/my_fifth_app/product/1/change/ HTTP/1.1" 200 14158
INFO 2024-01-26 22:53:41,666 basehttp 20896 19952 "GET /admin/jsi18n/ HTTP/1.1" 200 17546
INFO 2024-01-26 22:56:11,781 autoreload 20896 16596 C:\GeekBrains\II_quarter\24_01_Django\lectures\lect_1\lect_1_project\my_fifth_app\admin.py changed, reloading.
INFO 2024-01-26 22:56:12,118 autoreload 8168 20908 Watching for file changes with StatReloader
INFO 2024-01-26 22:56:17,425 autoreload 8168 20908 C:\GeekBrains\II_quarter\24_01_Django\lectures\lect_1\lect_1_project\my_fifth_app\admin.py changed, reloading.
INFO 2024-01-26 22:56:17,756 autoreload 23364 15428 Watching for file changes with StatReloader
INFO 2024-01-26 22:56:22,153 basehttp 23364 9628 "GET /admin/my_fifth_app/product/1/change/ HTTP/1.1" 200 16083
INFO 2024-01-26 22:56:22,191 basehttp 23364 21420 "GET /admin/jsi18n/ HTTP/1.1" 200 17546
INFO 2024-01-26 22:56:22,220 basehttp 23364 15484 "GET /static/admin/js/collapse.js HTTP/1.1" 200 1803
INFO 2024-01-26 22:57:16,205 autoreload 23364 15428 C:\GeekBrains\II_quarter\24_01_Django\lectures\lect_1\lect_1_project\my_fifth_app\admin.py changed, reloading.
INFO 2024-01-26 22:57:16,543 autoreload 24472 23980 Watching for file changes with StatReloader
INFO 2024-01-26 22:57:36,099 autoreload 24472 23980 C:\GeekBrains\II_quarter\24_01_Django\lectures\lect_1\lect_1_project\my_fifth_app\admin.py changed, reloading.
INFO 2024-01-26 22:57:36,430 autoreload 8228 21816 Watching for file changes with StatReloader
INFO 2024-01-26 22:57:50,905 autoreload 8228 21816 C:\GeekBrains\II_quarter\24_01_Django\lectures\lect_1\lect_1_project\my_fifth_app\admin.py changed, reloading.
INFO 2024-01-26 22:57:51,231 autoreload 17832 21964 Watching for file changes with StatReloader
INFO 2024-01-26 22:58:24,371 basehttp 17832 15828 "GET /admin/my_fifth_app/product/1/change/ HTTP/1.1" 200 16083
INFO 2024-01-26 22:58:24,404 basehttp 17832 22564 "GET /admin/jsi18n/ HTTP/1.1" 200 17546
INFO 2024-01-26 22:58:45,534 autoreload 17832 21964 C:\GeekBrains\II_quarter\24_01_Django\lectures\lect_1\lect_1_project\my_fifth_app\admin.py changed, reloading.
INFO 2024-01-26 22:58:45,866 autoreload 18320 24252 Watching for file changes with StatReloader
